C:\Users\Rafita\Desktop\COSAS\COSAS RAGNAROK\Oboro\Oboro-Emulator-Harmony\vcproj-10\..\login-server_sql.exe
C:\Users\Rafita\Desktop\COSAS\COSAS RAGNAROK\Oboro\Oboro-Emulator-Harmony\vcproj-10\login-server_sql\Release\account_sql.obj
C:\Users\Rafita\Desktop\COSAS\COSAS RAGNAROK\Oboro\Oboro-Emulator-Harmony\vcproj-10\login-server_sql\Release\CL.3664.read.1.tlog
C:\Users\Rafita\Desktop\COSAS\COSAS RAGNAROK\Oboro\Oboro-Emulator-Harmony\vcproj-10\login-server_sql\Release\CL.3664.write.1.tlog
C:\Users\Rafita\Desktop\COSAS\COSAS RAGNAROK\Oboro\Oboro-Emulator-Harmony\vcproj-10\login-server_sql\Release\CL.6532.read.1.tlog
C:\Users\Rafita\Desktop\COSAS\COSAS RAGNAROK\Oboro\Oboro-Emulator-Harmony\vcproj-10\login-server_sql\Release\CL.6532.write.1.tlog
C:\Users\Rafita\Desktop\COSAS\COSAS RAGNAROK\Oboro\Oboro-Emulator-Harmony\vcproj-10\login-server_sql\Release\CL.7504.read.1.tlog
C:\Users\Rafita\Desktop\COSAS\COSAS RAGNAROK\Oboro\Oboro-Emulator-Harmony\vcproj-10\login-server_sql\Release\CL.7504.write.1.tlog
C:\Users\Rafita\Desktop\COSAS\COSAS RAGNAROK\Oboro\Oboro-Emulator-Harmony\vcproj-10\login-server_sql\Release\CL.8312.read.1.tlog
C:\Users\Rafita\Desktop\COSAS\COSAS RAGNAROK\Oboro\Oboro-Emulator-Harmony\vcproj-10\login-server_sql\Release\CL.8312.write.1.tlog
C:\Users\Rafita\Desktop\COSAS\COSAS RAGNAROK\Oboro\Oboro-Emulator-Harmony\vcproj-10\login-server_sql\Release\CL.8336.read.1.tlog
C:\Users\Rafita\Desktop\COSAS\COSAS RAGNAROK\Oboro\Oboro-Emulator-Harmony\vcproj-10\login-server_sql\Release\CL.8336.write.1.tlog
C:\Users\Rafita\Desktop\COSAS\COSAS RAGNAROK\Oboro\Oboro-Emulator-Harmony\vcproj-10\login-server_sql\Release\cl.command.1.tlog
C:\Users\Rafita\Desktop\COSAS\COSAS RAGNAROK\Oboro\Oboro-Emulator-Harmony\vcproj-10\login-server_sql\Release\CL.read.1.tlog
C:\Users\Rafita\Desktop\COSAS\COSAS RAGNAROK\Oboro\Oboro-Emulator-Harmony\vcproj-10\login-server_sql\Release\cl.write.1.tlog
C:\Users\Rafita\Desktop\COSAS\COSAS RAGNAROK\Oboro\Oboro-Emulator-Harmony\vcproj-10\login-server_sql\Release\harmonycore.obj
C:\Users\Rafita\Desktop\COSAS\COSAS RAGNAROK\Oboro\Oboro-Emulator-Harmony\vcproj-10\login-server_sql\Release\ipban_sql.obj
C:\Users\Rafita\Desktop\COSAS\COSAS RAGNAROK\Oboro\Oboro-Emulator-Harmony\vcproj-10\login-server_sql\Release\link.command.1.tlog
C:\Users\Rafita\Desktop\COSAS\COSAS RAGNAROK\Oboro\Oboro-Emulator-Harmony\vcproj-10\login-server_sql\Release\link.read.1.tlog
C:\Users\Rafita\Desktop\COSAS\COSAS RAGNAROK\Oboro\Oboro-Emulator-Harmony\vcproj-10\login-server_sql\Release\link.write.1.tlog
C:\Users\Rafita\Desktop\COSAS\COSAS RAGNAROK\Oboro\Oboro-Emulator-Harmony\vcproj-10\login-server_sql\Release\login.obj
C:\Users\Rafita\Desktop\COSAS\COSAS RAGNAROK\Oboro\Oboro-Emulator-Harmony\vcproj-10\login-server_sql\Release\loginlog_sql.obj
C:\Users\Rafita\Desktop\COSAS\COSAS RAGNAROK\Oboro\Oboro-Emulator-Harmony\vcproj-10\login-server_sql\Release\login-server_sql.write.1.tlog
C:\USERS\RAFITA\DESKTOP\COSAS\COSAS RAGNAROK\OBORO\OBORO-EMULATOR-HARMONY\VCPROJ-10\LOGIN-SERVER_SQL\RELEASE\VC100.PDB
