C:\Users\Rafita\Desktop\rAmod\vcproj-10\mapcache\Debug\CL.9636.read.1.tlog
C:\Users\Rafita\Desktop\rAmod\vcproj-10\mapcache\Debug\CL.9636.write.1.tlog
C:\Users\Rafita\Desktop\rAmod\vcproj-10\mapcache\Debug\CL.9656.read.1.tlog
C:\Users\Rafita\Desktop\rAmod\vcproj-10\mapcache\Debug\CL.9656.write.1.tlog
C:\Users\Rafita\Desktop\rAmod\vcproj-10\mapcache\Debug\CL.9680.read.1.tlog
C:\Users\Rafita\Desktop\rAmod\vcproj-10\mapcache\Debug\CL.9680.write.1.tlog
C:\Users\Rafita\Desktop\rAmod\vcproj-10\mapcache\Debug\CL.9696.read.1.tlog
C:\Users\Rafita\Desktop\rAmod\vcproj-10\mapcache\Debug\CL.9696.write.1.tlog
C:\Users\Rafita\Desktop\rAmod\vcproj-10\mapcache\Debug\CL.9720.read.1.tlog
C:\Users\Rafita\Desktop\rAmod\vcproj-10\mapcache\Debug\CL.9720.write.1.tlog
C:\Users\Rafita\Desktop\rAmod\vcproj-10\mapcache\Debug\CL.9812.read.1.tlog
C:\Users\Rafita\Desktop\rAmod\vcproj-10\mapcache\Debug\CL.9812.write.1.tlog
C:\Users\Rafita\Desktop\rAmod\vcproj-10\mapcache\Debug\CL.9824.read.1.tlog
C:\Users\Rafita\Desktop\rAmod\vcproj-10\mapcache\Debug\CL.9824.write.1.tlog
C:\Users\Rafita\Desktop\rAmod\vcproj-10\mapcache\Debug\CL.9876.read.1.tlog
C:\Users\Rafita\Desktop\rAmod\vcproj-10\mapcache\Debug\CL.9876.write.1.tlog
C:\Users\Rafita\Desktop\rAmod\vcproj-10\mapcache\Debug\cl.command.1.tlog
C:\Users\Rafita\Desktop\rAmod\vcproj-10\mapcache\Debug\CL.read.1.tlog
C:\Users\Rafita\Desktop\rAmod\vcproj-10\mapcache\Debug\cl.write.1.tlog
C:\Users\Rafita\Desktop\rAmod\vcproj-10\mapcache\Debug\core.obj
C:\Users\Rafita\Desktop\rAmod\vcproj-10\mapcache\Debug\des.obj
C:\Users\Rafita\Desktop\rAmod\vcproj-10\mapcache\Debug\grfio.obj
C:\Users\Rafita\Desktop\rAmod\vcproj-10\mapcache\Debug\link.command.1.tlog
C:\Users\Rafita\Desktop\rAmod\vcproj-10\mapcache\Debug\link.read.1.tlog
C:\Users\Rafita\Desktop\rAmod\vcproj-10\mapcache\Debug\link.write.1.tlog
C:\Users\Rafita\Desktop\rAmod\vcproj-10\mapcache\Debug\malloc.obj
C:\Users\Rafita\Desktop\rAmod\vcproj-10\mapcache\Debug\mapcache.exe.embed.manifest
C:\USERS\RAFITA\DESKTOP\RAMOD\VCPROJ-10\MAPCACHE\DEBUG\MAPCACHE.EXE.EMBED.MANIFEST.RES
C:\Users\Rafita\Desktop\rAmod\vcproj-10\mapcache\Debug\mapcache.obj
C:\Users\Rafita\Desktop\rAmod\vcproj-10\mapcache\Debug\mapcache.vcxprojResolveAssemblyReference.cache
C:\Users\Rafita\Desktop\rAmod\vcproj-10\mapcache\Debug\mapcache.write.1.tlog
C:\Users\Rafita\Desktop\rAmod\vcproj-10\mapcache\Debug\mapcache_manifest.rc
C:\Users\Rafita\Desktop\rAmod\vcproj-10\mapcache\Debug\rc.command.1.tlog
C:\Users\Rafita\Desktop\rAmod\vcproj-10\mapcache\Debug\rc.read.1.tlog
C:\Users\Rafita\Desktop\rAmod\vcproj-10\mapcache\Debug\rc.write.1.tlog
C:\Users\Rafita\Desktop\rAmod\vcproj-10\mapcache\Debug\showmsg.obj
C:\Users\Rafita\Desktop\rAmod\vcproj-10\mapcache\Debug\strlib.obj
C:\Users\Rafita\Desktop\rAmod\vcproj-10\mapcache\Debug\utils.obj
C:\Users\Rafita\Desktop\rAmod\vcproj-10\mapcache\Debug\vc100.idb
C:\USERS\RAFITA\DESKTOP\RAMOD\VCPROJ-10\MAPCACHE\DEBUG\VC100.PDB
