C:\USERS\RAFITA\DESKTOP\EATHENA\VCPROJ-10\LOGIN-SERVER_SQL\DEBUG\VC110.PDB
C:\Users\Rafita\Desktop\eAthena\vcproj-10\login-server_sql\Debug\account_sql.obj
C:\Users\Rafita\Desktop\eAthena\vcproj-10\login-server_sql\Debug\harmonycore.obj
C:\Users\Rafita\Desktop\eAthena\vcproj-10\login-server_sql\Debug\ipban_sql.obj
C:\Users\Rafita\Desktop\eAthena\vcproj-10\login-server_sql\Debug\login.obj
C:\Users\Rafita\Desktop\eAthena\vcproj-10\login-server_sql\Debug\loginlog_sql.obj
C:\Users\Rafita\Desktop\eAthena\vcproj-10\login-server_sql\Debug\CL.10988.read.1.tlog
C:\Users\Rafita\Desktop\eAthena\vcproj-10\login-server_sql\Debug\CL.10988.write.1.tlog
C:\Users\Rafita\Desktop\eAthena\vcproj-10\login-server_sql\Debug\CL.1560.read.1.tlog
C:\Users\Rafita\Desktop\eAthena\vcproj-10\login-server_sql\Debug\CL.1560.write.1.tlog
C:\Users\Rafita\Desktop\eAthena\vcproj-10\login-server_sql\Debug\CL.6836.read.1.tlog
C:\Users\Rafita\Desktop\eAthena\vcproj-10\login-server_sql\Debug\CL.6836.write.1.tlog
C:\Users\Rafita\Desktop\eAthena\vcproj-10\login-server_sql\Debug\CL.6936.read.1.tlog
C:\Users\Rafita\Desktop\eAthena\vcproj-10\login-server_sql\Debug\CL.6936.write.1.tlog
C:\Users\Rafita\Desktop\eAthena\vcproj-10\login-server_sql\Debug\CL.8372.read.1.tlog
C:\Users\Rafita\Desktop\eAthena\vcproj-10\login-server_sql\Debug\CL.8372.write.1.tlog
C:\Users\Rafita\Desktop\eAthena\vcproj-10\login-server_sql\Debug\cl.command.1.tlog
C:\Users\Rafita\Desktop\eAthena\vcproj-10\login-server_sql\Debug\CL.read.1.tlog
C:\Users\Rafita\Desktop\eAthena\vcproj-10\login-server_sql\Debug\cl.write.1.tlog
C:\Users\Rafita\Desktop\eAthena\vcproj-10\login-server_sql\Debug\link-cvtres.read.1.tlog
C:\Users\Rafita\Desktop\eAthena\vcproj-10\login-server_sql\Debug\link-cvtres.write.1.tlog
C:\Users\Rafita\Desktop\eAthena\vcproj-10\login-server_sql\Debug\link-rc.read.1.tlog
C:\Users\Rafita\Desktop\eAthena\vcproj-10\login-server_sql\Debug\link-rc.write.1.tlog
C:\Users\Rafita\Desktop\eAthena\vcproj-10\login-server_sql\Debug\link.command.1.tlog
C:\Users\Rafita\Desktop\eAthena\vcproj-10\login-server_sql\Debug\link.read.1.tlog
C:\Users\Rafita\Desktop\eAthena\vcproj-10\login-server_sql\Debug\link.write.1.tlog
C:\Users\Rafita\Desktop\eAthena\vcproj-10\login-server_sql\Debug\vc110.idb
C:\Users\Rafita\Desktop\eAthena\vcproj-10\login-server_sql\Debug\vc110.pdb
