..\mapcache.pdb
C:\USERS\RAFITA\DESKTOP\OBORO-HARMONY\MAPCACHE.EXE
C:\USERS\RAFITA\DESKTOP\OBORO-HARMONY\MAPCACHE.PDB
C:\USERS\RAFITA\DESKTOP\OBORO-HARMONY\VCPROJ-10\MAPCACHE\RELEASE\MAPCACHE.EXE.INTERMEDIATE.MANIFEST
C:\USERS\RAFITA\DESKTOP\OBORO-HARMONY\VCPROJ-10\MAPCACHE\RELEASE\MAPCACHE.OBJ
C:\USERS\RAFITA\DESKTOP\OBORO-HARMONY\VCPROJ-10\MAPCACHE\RELEASE\VC100.PDB
C:\USERS\RAFITA\DESKTOP\OBORO-NO-HARMONY\MAPCACHE.EXE
C:\USERS\RAFITA\DESKTOP\OBORO-NO-HARMONY\MAPCACHE.PDB
C:\Users\Rafita\Desktop\Oboro-No-Harmony\vcproj-10\..\mapcache.exe
C:\Users\Rafita\Desktop\Oboro-No-Harmony\vcproj-10\mapcache\Release\cl.command.1.tlog
C:\Users\Rafita\Desktop\Oboro-No-Harmony\vcproj-10\mapcache\Release\CL.read.1.tlog
C:\Users\Rafita\Desktop\Oboro-No-Harmony\vcproj-10\mapcache\Release\CL.write.1.tlog
C:\Users\Rafita\Desktop\Oboro-No-Harmony\vcproj-10\mapcache\Release\link.command.1.tlog
C:\Users\Rafita\Desktop\Oboro-No-Harmony\vcproj-10\mapcache\Release\link.read.1.tlog
C:\Users\Rafita\Desktop\Oboro-No-Harmony\vcproj-10\mapcache\Release\link.write.1.tlog
C:\USERS\RAFITA\DESKTOP\OBORO-NO-HARMONY\VCPROJ-10\MAPCACHE\RELEASE\MAPCACHE.EXE.INTERMEDIATE.MANIFEST
C:\USERS\RAFITA\DESKTOP\OBORO-NO-HARMONY\VCPROJ-10\MAPCACHE\RELEASE\MAPCACHE.OBJ
C:\Users\Rafita\Desktop\Oboro-No-Harmony\vcproj-10\mapcache\Release\mapcache.vcxprojResolveAssemblyReference.cache
C:\Users\Rafita\Desktop\Oboro-No-Harmony\vcproj-10\mapcache\Release\mapcache.write.1.tlog
C:\Users\Rafita\Desktop\Oboro-No-Harmony\vcproj-10\mapcache\Release\mt.command.1.tlog
C:\Users\Rafita\Desktop\Oboro-No-Harmony\vcproj-10\mapcache\Release\mt.read.1.tlog
C:\Users\Rafita\Desktop\Oboro-No-Harmony\vcproj-10\mapcache\Release\mt.write.1.tlog
C:\USERS\RAFITA\DESKTOP\OBORO-NO-HARMONY\VCPROJ-10\MAPCACHE\RELEASE\VC100.PDB
