..\char-server.pdb
C:\USERS\RAFITA\DESKTOP\RAMOD\CHAR-SERVER.EXE
C:\USERS\RAFITA\DESKTOP\RAMOD\CHAR-SERVER.PDB
C:\Users\Rafita\Desktop\rAmod\vcproj-10\..\char-server.exe
C:\Users\Rafita\Desktop\rAmod\vcproj-10\char-server\Release\char.obj
C:\Users\Rafita\Desktop\rAmod\vcproj-10\char-server\Release\char_clif.obj
C:\Users\Rafita\Desktop\rAmod\vcproj-10\char-server\Release\char_cnslif.obj
C:\Users\Rafita\Desktop\rAmod\vcproj-10\char-server\Release\char_logif.obj
C:\Users\Rafita\Desktop\rAmod\vcproj-10\char-server\Release\char_mapif.obj
C:\USERS\RAFITA\DESKTOP\RAMOD\VCPROJ-10\CHAR-SERVER\RELEASE\CHAR-SERVER.EXE.INTERMEDIATE.MANIFEST
C:\Users\Rafita\Desktop\rAmod\vcproj-10\char-server\Release\char-server.write.1.tlog
C:\Users\Rafita\Desktop\rAmod\vcproj-10\char-server\Release\CL.6260.read.1.tlog
C:\Users\Rafita\Desktop\rAmod\vcproj-10\char-server\Release\CL.6260.write.1.tlog
C:\Users\Rafita\Desktop\rAmod\vcproj-10\char-server\Release\CL.632.read.1.tlog
C:\Users\Rafita\Desktop\rAmod\vcproj-10\char-server\Release\CL.632.write.1.tlog
C:\Users\Rafita\Desktop\rAmod\vcproj-10\char-server\Release\CL.6652.read.1.tlog
C:\Users\Rafita\Desktop\rAmod\vcproj-10\char-server\Release\CL.6652.write.1.tlog
C:\Users\Rafita\Desktop\rAmod\vcproj-10\char-server\Release\CL.7224.read.1.tlog
C:\Users\Rafita\Desktop\rAmod\vcproj-10\char-server\Release\CL.7224.write.1.tlog
C:\Users\Rafita\Desktop\rAmod\vcproj-10\char-server\Release\CL.7288.read.1.tlog
C:\Users\Rafita\Desktop\rAmod\vcproj-10\char-server\Release\CL.7288.write.1.tlog
C:\Users\Rafita\Desktop\rAmod\vcproj-10\char-server\Release\CL.7292.read.1.tlog
C:\Users\Rafita\Desktop\rAmod\vcproj-10\char-server\Release\CL.7292.write.1.tlog
C:\Users\Rafita\Desktop\rAmod\vcproj-10\char-server\Release\CL.7388.read.1.tlog
C:\Users\Rafita\Desktop\rAmod\vcproj-10\char-server\Release\CL.7388.write.1.tlog
C:\Users\Rafita\Desktop\rAmod\vcproj-10\char-server\Release\CL.7632.read.1.tlog
C:\Users\Rafita\Desktop\rAmod\vcproj-10\char-server\Release\CL.7632.write.1.tlog
C:\Users\Rafita\Desktop\rAmod\vcproj-10\char-server\Release\cl.command.1.tlog
C:\Users\Rafita\Desktop\rAmod\vcproj-10\char-server\Release\CL.read.1.tlog
C:\Users\Rafita\Desktop\rAmod\vcproj-10\char-server\Release\cl.write.1.tlog
C:\Users\Rafita\Desktop\rAmod\vcproj-10\char-server\Release\cli.obj
C:\Users\Rafita\Desktop\rAmod\vcproj-10\char-server\Release\conf.obj
C:\Users\Rafita\Desktop\rAmod\vcproj-10\char-server\Release\core.obj
C:\Users\Rafita\Desktop\rAmod\vcproj-10\char-server\Release\db.obj
C:\Users\Rafita\Desktop\rAmod\vcproj-10\char-server\Release\ers.obj
C:\Users\Rafita\Desktop\rAmod\vcproj-10\char-server\Release\grammar.obj
C:\Users\Rafita\Desktop\rAmod\vcproj-10\char-server\Release\int_achievement.obj
C:\Users\Rafita\Desktop\rAmod\vcproj-10\char-server\Release\int_auction.obj
C:\Users\Rafita\Desktop\rAmod\vcproj-10\char-server\Release\int_elemental.obj
C:\Users\Rafita\Desktop\rAmod\vcproj-10\char-server\Release\int_guild.obj
C:\Users\Rafita\Desktop\rAmod\vcproj-10\char-server\Release\int_homun.obj
C:\Users\Rafita\Desktop\rAmod\vcproj-10\char-server\Release\int_mail.obj
C:\Users\Rafita\Desktop\rAmod\vcproj-10\char-server\Release\int_mercenary.obj
C:\Users\Rafita\Desktop\rAmod\vcproj-10\char-server\Release\int_party.obj
C:\Users\Rafita\Desktop\rAmod\vcproj-10\char-server\Release\int_pet.obj
C:\Users\Rafita\Desktop\rAmod\vcproj-10\char-server\Release\int_quest.obj
C:\Users\Rafita\Desktop\rAmod\vcproj-10\char-server\Release\int_storage.obj
C:\Users\Rafita\Desktop\rAmod\vcproj-10\char-server\Release\inter.obj
C:\Users\Rafita\Desktop\rAmod\vcproj-10\char-server\Release\libconfig.obj
C:\Users\Rafita\Desktop\rAmod\vcproj-10\char-server\Release\link.command.1.tlog
C:\Users\Rafita\Desktop\rAmod\vcproj-10\char-server\Release\link.read.1.tlog
C:\Users\Rafita\Desktop\rAmod\vcproj-10\char-server\Release\link.write.1.tlog
C:\Users\Rafita\Desktop\rAmod\vcproj-10\char-server\Release\malloc.obj
C:\Users\Rafita\Desktop\rAmod\vcproj-10\char-server\Release\mapindex.obj
C:\Users\Rafita\Desktop\rAmod\vcproj-10\char-server\Release\mempool.obj
C:\Users\Rafita\Desktop\rAmod\vcproj-10\char-server\Release\msg_conf.obj
C:\Users\Rafita\Desktop\rAmod\vcproj-10\char-server\Release\mt.command.1.tlog
C:\Users\Rafita\Desktop\rAmod\vcproj-10\char-server\Release\mt.read.1.tlog
C:\Users\Rafita\Desktop\rAmod\vcproj-10\char-server\Release\mt.write.1.tlog
C:\Users\Rafita\Desktop\rAmod\vcproj-10\char-server\Release\mt19937ar.obj
C:\Users\Rafita\Desktop\rAmod\vcproj-10\char-server\Release\mutex.obj
C:\Users\Rafita\Desktop\rAmod\vcproj-10\char-server\Release\nullpo.obj
C:\Users\Rafita\Desktop\rAmod\vcproj-10\char-server\Release\raconf.obj
C:\Users\Rafita\Desktop\rAmod\vcproj-10\char-server\Release\random.obj
C:\Users\Rafita\Desktop\rAmod\vcproj-10\char-server\Release\scanctx.obj
C:\Users\Rafita\Desktop\rAmod\vcproj-10\char-server\Release\scanner.obj
C:\Users\Rafita\Desktop\rAmod\vcproj-10\char-server\Release\showmsg.obj
C:\Users\Rafita\Desktop\rAmod\vcproj-10\char-server\Release\socket.obj
C:\Users\Rafita\Desktop\rAmod\vcproj-10\char-server\Release\sql.obj
C:\Users\Rafita\Desktop\rAmod\vcproj-10\char-server\Release\strbuf.obj
C:\Users\Rafita\Desktop\rAmod\vcproj-10\char-server\Release\strlib.obj
C:\Users\Rafita\Desktop\rAmod\vcproj-10\char-server\Release\thread.obj
C:\Users\Rafita\Desktop\rAmod\vcproj-10\char-server\Release\timer.obj
C:\Users\Rafita\Desktop\rAmod\vcproj-10\char-server\Release\utils.obj
C:\USERS\RAFITA\DESKTOP\RAMOD\VCPROJ-10\CHAR-SERVER\RELEASE\VC100.PDB
