..\map-server.pdb
C:\USERS\RAFITA\DESKTOP\COSAS\COSAS RAGNAROK\OBORO\OBORO-RAMOD\MAP-SERVER.EXE
C:\USERS\RAFITA\DESKTOP\COSAS\COSAS RAGNAROK\OBORO\OBORO-RAMOD\MAP-SERVER.PDB
C:\Users\Rafita\Desktop\COSAS\COSAS RAGNAROK\Oboro\Oboro-rAmod\vcproj-10\..\map-server.exe
C:\Users\Rafita\Desktop\COSAS\COSAS RAGNAROK\Oboro\Oboro-rAmod\vcproj-10\map-server\Release\achievement.obj
C:\Users\Rafita\Desktop\COSAS\COSAS RAGNAROK\Oboro\Oboro-rAmod\vcproj-10\map-server\Release\atcommand.obj
C:\Users\Rafita\Desktop\COSAS\COSAS RAGNAROK\Oboro\Oboro-rAmod\vcproj-10\map-server\Release\battle.obj
C:\Users\Rafita\Desktop\COSAS\COSAS RAGNAROK\Oboro\Oboro-rAmod\vcproj-10\map-server\Release\battleground.obj
C:\Users\Rafita\Desktop\COSAS\COSAS RAGNAROK\Oboro\Oboro-rAmod\vcproj-10\map-server\Release\buyingstore.obj
C:\Users\Rafita\Desktop\COSAS\COSAS RAGNAROK\Oboro\Oboro-rAmod\vcproj-10\map-server\Release\cashshop.obj
C:\Users\Rafita\Desktop\COSAS\COSAS RAGNAROK\Oboro\Oboro-rAmod\vcproj-10\map-server\Release\channel.obj
C:\Users\Rafita\Desktop\COSAS\COSAS RAGNAROK\Oboro\Oboro-rAmod\vcproj-10\map-server\Release\chat.obj
C:\Users\Rafita\Desktop\COSAS\COSAS RAGNAROK\Oboro\Oboro-rAmod\vcproj-10\map-server\Release\chrif.obj
C:\Users\Rafita\Desktop\COSAS\COSAS RAGNAROK\Oboro\Oboro-rAmod\vcproj-10\map-server\Release\CL.1432.read.1.tlog
C:\Users\Rafita\Desktop\COSAS\COSAS RAGNAROK\Oboro\Oboro-rAmod\vcproj-10\map-server\Release\CL.1432.write.1.tlog
C:\Users\Rafita\Desktop\COSAS\COSAS RAGNAROK\Oboro\Oboro-rAmod\vcproj-10\map-server\Release\CL.4716.read.1.tlog
C:\Users\Rafita\Desktop\COSAS\COSAS RAGNAROK\Oboro\Oboro-rAmod\vcproj-10\map-server\Release\CL.4716.write.1.tlog
C:\Users\Rafita\Desktop\COSAS\COSAS RAGNAROK\Oboro\Oboro-rAmod\vcproj-10\map-server\Release\CL.5616.read.1.tlog
C:\Users\Rafita\Desktop\COSAS\COSAS RAGNAROK\Oboro\Oboro-rAmod\vcproj-10\map-server\Release\CL.5616.write.1.tlog
C:\Users\Rafita\Desktop\COSAS\COSAS RAGNAROK\Oboro\Oboro-rAmod\vcproj-10\map-server\Release\CL.6396.read.1.tlog
C:\Users\Rafita\Desktop\COSAS\COSAS RAGNAROK\Oboro\Oboro-rAmod\vcproj-10\map-server\Release\CL.6396.write.1.tlog
C:\Users\Rafita\Desktop\COSAS\COSAS RAGNAROK\Oboro\Oboro-rAmod\vcproj-10\map-server\Release\CL.6680.read.1.tlog
C:\Users\Rafita\Desktop\COSAS\COSAS RAGNAROK\Oboro\Oboro-rAmod\vcproj-10\map-server\Release\CL.6680.write.1.tlog
C:\Users\Rafita\Desktop\COSAS\COSAS RAGNAROK\Oboro\Oboro-rAmod\vcproj-10\map-server\Release\CL.6720.read.1.tlog
C:\Users\Rafita\Desktop\COSAS\COSAS RAGNAROK\Oboro\Oboro-rAmod\vcproj-10\map-server\Release\CL.6720.write.1.tlog
C:\Users\Rafita\Desktop\COSAS\COSAS RAGNAROK\Oboro\Oboro-rAmod\vcproj-10\map-server\Release\CL.6968.read.1.tlog
C:\Users\Rafita\Desktop\COSAS\COSAS RAGNAROK\Oboro\Oboro-rAmod\vcproj-10\map-server\Release\CL.6968.write.1.tlog
C:\Users\Rafita\Desktop\COSAS\COSAS RAGNAROK\Oboro\Oboro-rAmod\vcproj-10\map-server\Release\CL.8820.read.1.tlog
C:\Users\Rafita\Desktop\COSAS\COSAS RAGNAROK\Oboro\Oboro-rAmod\vcproj-10\map-server\Release\CL.8820.write.1.tlog
C:\Users\Rafita\Desktop\COSAS\COSAS RAGNAROK\Oboro\Oboro-rAmod\vcproj-10\map-server\Release\cl.command.1.tlog
C:\Users\Rafita\Desktop\COSAS\COSAS RAGNAROK\Oboro\Oboro-rAmod\vcproj-10\map-server\Release\CL.read.1.tlog
C:\Users\Rafita\Desktop\COSAS\COSAS RAGNAROK\Oboro\Oboro-rAmod\vcproj-10\map-server\Release\cl.write.1.tlog
C:\Users\Rafita\Desktop\COSAS\COSAS RAGNAROK\Oboro\Oboro-rAmod\vcproj-10\map-server\Release\cli.obj
C:\Users\Rafita\Desktop\COSAS\COSAS RAGNAROK\Oboro\Oboro-rAmod\vcproj-10\map-server\Release\clif.obj
C:\Users\Rafita\Desktop\COSAS\COSAS RAGNAROK\Oboro\Oboro-rAmod\vcproj-10\map-server\Release\conf.obj
C:\Users\Rafita\Desktop\COSAS\COSAS RAGNAROK\Oboro\Oboro-rAmod\vcproj-10\map-server\Release\core.obj
C:\Users\Rafita\Desktop\COSAS\COSAS RAGNAROK\Oboro\Oboro-rAmod\vcproj-10\map-server\Release\date.obj
C:\Users\Rafita\Desktop\COSAS\COSAS RAGNAROK\Oboro\Oboro-rAmod\vcproj-10\map-server\Release\db.obj
C:\Users\Rafita\Desktop\COSAS\COSAS RAGNAROK\Oboro\Oboro-rAmod\vcproj-10\map-server\Release\des.obj
C:\Users\Rafita\Desktop\COSAS\COSAS RAGNAROK\Oboro\Oboro-rAmod\vcproj-10\map-server\Release\duel.obj
C:\Users\Rafita\Desktop\COSAS\COSAS RAGNAROK\Oboro\Oboro-rAmod\vcproj-10\map-server\Release\elemental.obj
C:\Users\Rafita\Desktop\COSAS\COSAS RAGNAROK\Oboro\Oboro-rAmod\vcproj-10\map-server\Release\ers.obj
C:\Users\Rafita\Desktop\COSAS\COSAS RAGNAROK\Oboro\Oboro-rAmod\vcproj-10\map-server\Release\faction.obj
C:\Users\Rafita\Desktop\COSAS\COSAS RAGNAROK\Oboro\Oboro-rAmod\vcproj-10\map-server\Release\grammar.obj
C:\Users\Rafita\Desktop\COSAS\COSAS RAGNAROK\Oboro\Oboro-rAmod\vcproj-10\map-server\Release\grfio.obj
C:\Users\Rafita\Desktop\COSAS\COSAS RAGNAROK\Oboro\Oboro-rAmod\vcproj-10\map-server\Release\guild.obj
C:\Users\Rafita\Desktop\COSAS\COSAS RAGNAROK\Oboro\Oboro-rAmod\vcproj-10\map-server\Release\homunculus.obj
C:\Users\Rafita\Desktop\COSAS\COSAS RAGNAROK\Oboro\Oboro-rAmod\vcproj-10\map-server\Release\instance.obj
C:\Users\Rafita\Desktop\COSAS\COSAS RAGNAROK\Oboro\Oboro-rAmod\vcproj-10\map-server\Release\intif.obj
C:\Users\Rafita\Desktop\COSAS\COSAS RAGNAROK\Oboro\Oboro-rAmod\vcproj-10\map-server\Release\itemdb.obj
C:\Users\Rafita\Desktop\COSAS\COSAS RAGNAROK\Oboro\Oboro-rAmod\vcproj-10\map-server\Release\libconfig.obj
C:\Users\Rafita\Desktop\COSAS\COSAS RAGNAROK\Oboro\Oboro-rAmod\vcproj-10\map-server\Release\link.command.1.tlog
C:\Users\Rafita\Desktop\COSAS\COSAS RAGNAROK\Oboro\Oboro-rAmod\vcproj-10\map-server\Release\link.read.1.tlog
C:\Users\Rafita\Desktop\COSAS\COSAS RAGNAROK\Oboro\Oboro-rAmod\vcproj-10\map-server\Release\link.write.1.tlog
C:\Users\Rafita\Desktop\COSAS\COSAS RAGNAROK\Oboro\Oboro-rAmod\vcproj-10\map-server\Release\log.obj
C:\Users\Rafita\Desktop\COSAS\COSAS RAGNAROK\Oboro\Oboro-rAmod\vcproj-10\map-server\Release\mail.obj
C:\Users\Rafita\Desktop\COSAS\COSAS RAGNAROK\Oboro\Oboro-rAmod\vcproj-10\map-server\Release\malloc.obj
C:\Users\Rafita\Desktop\COSAS\COSAS RAGNAROK\Oboro\Oboro-rAmod\vcproj-10\map-server\Release\map.obj
C:\Users\Rafita\Desktop\COSAS\COSAS RAGNAROK\Oboro\Oboro-rAmod\vcproj-10\map-server\Release\mapindex.obj
C:\Users\Rafita\Desktop\COSAS\COSAS RAGNAROK\Oboro\Oboro-rAmod\vcproj-10\map-server\Release\mapreg.obj
C:\USERS\RAFITA\DESKTOP\COSAS\COSAS RAGNAROK\OBORO\OBORO-RAMOD\VCPROJ-10\MAP-SERVER\RELEASE\MAP-SERVER.EXE.INTERMEDIATE.MANIFEST
C:\Users\Rafita\Desktop\COSAS\COSAS RAGNAROK\Oboro\Oboro-rAmod\vcproj-10\map-server\Release\map-server.write.1.tlog
C:\Users\Rafita\Desktop\COSAS\COSAS RAGNAROK\Oboro\Oboro-rAmod\vcproj-10\map-server\Release\md5calc.obj
C:\Users\Rafita\Desktop\COSAS\COSAS RAGNAROK\Oboro\Oboro-rAmod\vcproj-10\map-server\Release\mempool.obj
C:\Users\Rafita\Desktop\COSAS\COSAS RAGNAROK\Oboro\Oboro-rAmod\vcproj-10\map-server\Release\mercenary.obj
C:\Users\Rafita\Desktop\COSAS\COSAS RAGNAROK\Oboro\Oboro-rAmod\vcproj-10\map-server\Release\mob.obj
C:\Users\Rafita\Desktop\COSAS\COSAS RAGNAROK\Oboro\Oboro-rAmod\vcproj-10\map-server\Release\msg_conf.obj
C:\Users\Rafita\Desktop\COSAS\COSAS RAGNAROK\Oboro\Oboro-rAmod\vcproj-10\map-server\Release\mt.command.1.tlog
C:\Users\Rafita\Desktop\COSAS\COSAS RAGNAROK\Oboro\Oboro-rAmod\vcproj-10\map-server\Release\mt.read.1.tlog
C:\Users\Rafita\Desktop\COSAS\COSAS RAGNAROK\Oboro\Oboro-rAmod\vcproj-10\map-server\Release\mt.write.1.tlog
C:\Users\Rafita\Desktop\COSAS\COSAS RAGNAROK\Oboro\Oboro-rAmod\vcproj-10\map-server\Release\mt19937ar.obj
C:\Users\Rafita\Desktop\COSAS\COSAS RAGNAROK\Oboro\Oboro-rAmod\vcproj-10\map-server\Release\mutex.obj
C:\Users\Rafita\Desktop\COSAS\COSAS RAGNAROK\Oboro\Oboro-rAmod\vcproj-10\map-server\Release\npc.obj
C:\Users\Rafita\Desktop\COSAS\COSAS RAGNAROK\Oboro\Oboro-rAmod\vcproj-10\map-server\Release\npc_chat.obj
C:\Users\Rafita\Desktop\COSAS\COSAS RAGNAROK\Oboro\Oboro-rAmod\vcproj-10\map-server\Release\nullpo.obj
C:\Users\Rafita\Desktop\COSAS\COSAS RAGNAROK\Oboro\Oboro-rAmod\vcproj-10\map-server\Release\oboro.obj
C:\Users\Rafita\Desktop\COSAS\COSAS RAGNAROK\Oboro\Oboro-rAmod\vcproj-10\map-server\Release\party.obj
C:\Users\Rafita\Desktop\COSAS\COSAS RAGNAROK\Oboro\Oboro-rAmod\vcproj-10\map-server\Release\path.obj
C:\Users\Rafita\Desktop\COSAS\COSAS RAGNAROK\Oboro\Oboro-rAmod\vcproj-10\map-server\Release\pc.obj
C:\Users\Rafita\Desktop\COSAS\COSAS RAGNAROK\Oboro\Oboro-rAmod\vcproj-10\map-server\Release\pc_groups.obj
C:\Users\Rafita\Desktop\COSAS\COSAS RAGNAROK\Oboro\Oboro-rAmod\vcproj-10\map-server\Release\pet.obj
C:\Users\Rafita\Desktop\COSAS\COSAS RAGNAROK\Oboro\Oboro-rAmod\vcproj-10\map-server\Release\quest.obj
C:\Users\Rafita\Desktop\COSAS\COSAS RAGNAROK\Oboro\Oboro-rAmod\vcproj-10\map-server\Release\raconf.obj
C:\Users\Rafita\Desktop\COSAS\COSAS RAGNAROK\Oboro\Oboro-rAmod\vcproj-10\map-server\Release\random.obj
C:\Users\Rafita\Desktop\COSAS\COSAS RAGNAROK\Oboro\Oboro-rAmod\vcproj-10\map-server\Release\region.obj
C:\Users\Rafita\Desktop\COSAS\COSAS RAGNAROK\Oboro\Oboro-rAmod\vcproj-10\map-server\Release\scanctx.obj
C:\Users\Rafita\Desktop\COSAS\COSAS RAGNAROK\Oboro\Oboro-rAmod\vcproj-10\map-server\Release\scanner.obj
C:\Users\Rafita\Desktop\COSAS\COSAS RAGNAROK\Oboro\Oboro-rAmod\vcproj-10\map-server\Release\script.obj
C:\Users\Rafita\Desktop\COSAS\COSAS RAGNAROK\Oboro\Oboro-rAmod\vcproj-10\map-server\Release\searchstore.obj
C:\Users\Rafita\Desktop\COSAS\COSAS RAGNAROK\Oboro\Oboro-rAmod\vcproj-10\map-server\Release\showmsg.obj
C:\Users\Rafita\Desktop\COSAS\COSAS RAGNAROK\Oboro\Oboro-rAmod\vcproj-10\map-server\Release\skill.obj
C:\Users\Rafita\Desktop\COSAS\COSAS RAGNAROK\Oboro\Oboro-rAmod\vcproj-10\map-server\Release\socket.obj
C:\Users\Rafita\Desktop\COSAS\COSAS RAGNAROK\Oboro\Oboro-rAmod\vcproj-10\map-server\Release\sql.obj
C:\Users\Rafita\Desktop\COSAS\COSAS RAGNAROK\Oboro\Oboro-rAmod\vcproj-10\map-server\Release\status.obj
C:\Users\Rafita\Desktop\COSAS\COSAS RAGNAROK\Oboro\Oboro-rAmod\vcproj-10\map-server\Release\storage.obj
C:\Users\Rafita\Desktop\COSAS\COSAS RAGNAROK\Oboro\Oboro-rAmod\vcproj-10\map-server\Release\strbuf.obj
C:\Users\Rafita\Desktop\COSAS\COSAS RAGNAROK\Oboro\Oboro-rAmod\vcproj-10\map-server\Release\strlib.obj
C:\Users\Rafita\Desktop\COSAS\COSAS RAGNAROK\Oboro\Oboro-rAmod\vcproj-10\map-server\Release\thread.obj
C:\Users\Rafita\Desktop\COSAS\COSAS RAGNAROK\Oboro\Oboro-rAmod\vcproj-10\map-server\Release\timer.obj
C:\Users\Rafita\Desktop\COSAS\COSAS RAGNAROK\Oboro\Oboro-rAmod\vcproj-10\map-server\Release\trade.obj
C:\Users\Rafita\Desktop\COSAS\COSAS RAGNAROK\Oboro\Oboro-rAmod\vcproj-10\map-server\Release\unit.obj
C:\Users\Rafita\Desktop\COSAS\COSAS RAGNAROK\Oboro\Oboro-rAmod\vcproj-10\map-server\Release\utils.obj
C:\USERS\RAFITA\DESKTOP\COSAS\COSAS RAGNAROK\OBORO\OBORO-RAMOD\VCPROJ-10\MAP-SERVER\RELEASE\VC100.PDB
C:\Users\Rafita\Desktop\COSAS\COSAS RAGNAROK\Oboro\Oboro-rAmod\vcproj-10\map-server\Release\vending.obj
