This file contains any messages produced by compilers while
running configure, to aid debugging if configure makes a mistake.

It was created by configure, which was
generated by GNU Autoconf 2.59.  Invocation command line was

  $ ./configure --enable-64bit

## --------- ##
## Platform. ##
## --------- ##

hostname = ns525538.ip-192-99-63.net
uname -m = x86_64
uname -r = 3.14.32-xxxx-grs-ipv6-64
uname -s = Linux
uname -v = #9 SMP Thu Oct 20 14:53:52 CEST 2016

/usr/bin/uname -p = unknown
/bin/uname -X     = unknown

/bin/arch              = x86_64
/usr/bin/arch -k       = unknown
/usr/convex/getsysinfo = unknown
hostinfo               = unknown
/bin/machine           = unknown
/usr/bin/oslevel       = unknown
/bin/universe          = unknown

PATH: ./
PATH: /usr/local/sbin
PATH: /usr/local/bin
PATH: /sbin
PATH: /bin
PATH: /usr/sbin
PATH: /usr/bin
PATH: /root/bin


## ----------- ##
## Core tests. ##
## ----------- ##

configure:1585: checking whether make sets $(MAKE)
configure:1605: result: yes
configure:1660: checking for gcc
configure:1676: found /usr/bin/gcc
configure:1686: result: gcc
configure:1930: checking for C compiler version
configure:1933: gcc --version </dev/null >&5
gcc (GCC) 4.4.7 20120313 (Red Hat 4.4.7-17)
Copyright (C) 2010 Free Software Foundation, Inc.
This is free software; see the source for copying conditions.  There is NO
warranty; not even for MERCHANTABILITY or FITNESS FOR A PARTICULAR PURPOSE.

configure:1936: $? = 0
configure:1938: gcc -v </dev/null >&5
Using built-in specs.
Target: x86_64-redhat-linux
Configured with: ../configure --prefix=/usr --mandir=/usr/share/man --infodir=/usr/share/info --with-bugurl=http://bugzilla.redhat.com/bugzilla --enable-bootstrap --enable-shared --enable-threads=posix --enable-checking=release --with-system-zlib --enable-__cxa_atexit --disable-libunwind-exceptions --enable-gnu-unique-object --enable-languages=c,c++,objc,obj-c++,java,fortran,ada --enable-java-awt=gtk --disable-dssi --with-java-home=/usr/lib/jvm/java-1.5.0-gcj-1.5.0.0/jre --enable-libgcj-multifile --enable-java-maintainer-mode --with-ecj-jar=/usr/share/java/eclipse-ecj.jar --disable-libjava-multilib --with-ppl --with-cloog --with-tune=generic --with-arch_32=i686 --build=x86_64-redhat-linux
Thread model: posix
gcc version 4.4.7 20120313 (Red Hat 4.4.7-17) (GCC) 
configure:1941: $? = 0
configure:1943: gcc -V </dev/null >&5
gcc: '-V' option must have argument
configure:1946: $? = 1
configure:1969: checking for C compiler default output file name
configure:1972: gcc    conftest.c  >&5
configure:1975: $? = 0
configure:2021: result: a.out
configure:2026: checking whether the C compiler works
configure:2032: ./a.out
configure:2035: $? = 0
configure:2052: result: yes
configure:2059: checking whether we are cross compiling
configure:2061: result: no
configure:2064: checking for suffix of executables
configure:2066: gcc -o conftest    conftest.c  >&5
configure:2069: $? = 0
configure:2094: result: 
configure:2100: checking for suffix of object files
configure:2121: gcc -c   conftest.c >&5
configure:2124: $? = 0
configure:2146: result: o
configure:2150: checking whether we are using the GNU C compiler
configure:2174: gcc -c   conftest.c >&5
configure:2180: $? = 0
configure:2184: test -z 
			 || test ! -s conftest.err
configure:2187: $? = 0
configure:2190: test -s conftest.o
configure:2193: $? = 0
configure:2206: result: yes
configure:2212: checking whether gcc accepts -g
configure:2233: gcc -c -g  conftest.c >&5
configure:2239: $? = 0
configure:2243: test -z 
			 || test ! -s conftest.err
configure:2246: $? = 0
configure:2249: test -s conftest.o
configure:2252: $? = 0
configure:2263: result: yes
configure:2280: checking for gcc option to accept ANSI C
configure:2350: gcc  -c -g -O2  conftest.c >&5
configure:2356: $? = 0
configure:2360: test -z 
			 || test ! -s conftest.err
configure:2363: $? = 0
configure:2366: test -s conftest.o
configure:2369: $? = 0
configure:2387: result: none needed
configure:2405: gcc -c -g -O2  conftest.c >&5
conftest.c:2: error: expected '=', ',', ';', 'asm' or '__attribute__' before 'me'
configure:2411: $? = 1
configure: failed program was:
| #ifndef __cplusplus
|   choke me
| #endif
configure:2549: checking how to run the C preprocessor
configure:2584: gcc -E  conftest.c
configure:2590: $? = 0
configure:2622: gcc -E  conftest.c
conftest.c:9:28: error: ac_nonexistent.h: No such file or directory
configure:2628: $? = 1
configure: failed program was:
| /* confdefs.h.  */
| 
| #define PACKAGE_NAME ""
| #define PACKAGE_TARNAME ""
| #define PACKAGE_VERSION ""
| #define PACKAGE_STRING ""
| #define PACKAGE_BUGREPORT ""
| /* end confdefs.h.  */
| #include <ac_nonexistent.h>
configure:2667: result: gcc -E
configure:2691: gcc -E  conftest.c
configure:2697: $? = 0
configure:2729: gcc -E  conftest.c
conftest.c:9:28: error: ac_nonexistent.h: No such file or directory
configure:2735: $? = 1
configure: failed program was:
| /* confdefs.h.  */
| 
| #define PACKAGE_NAME ""
| #define PACKAGE_TARNAME ""
| #define PACKAGE_VERSION ""
| #define PACKAGE_STRING ""
| #define PACKAGE_BUGREPORT ""
| /* end confdefs.h.  */
| #include <ac_nonexistent.h>
configure:2795: checking whether byte ordering is bigendian
configure:2822: gcc -c -g -O2 -pipe -ffast-math -Wall -Wno-sign-compare  -I../common conftest.c >&5
configure:2828: $? = 0
configure:2832: test -z 
			 || test ! -s conftest.err
configure:2835: $? = 0
configure:2838: test -s conftest.o
configure:2841: $? = 0
configure:2865: gcc -c -g -O2 -pipe -ffast-math -Wall -Wno-sign-compare  -I../common conftest.c >&5
conftest.c: In function 'main':
conftest.c:16: error: 'not' undeclared (first use in this function)
conftest.c:16: error: (Each undeclared identifier is reported only once
conftest.c:16: error: for each function it appears in.)
conftest.c:16: error: expected ';' before 'big'
configure:2871: $? = 1
configure: failed program was:
| /* confdefs.h.  */
| 
| #define PACKAGE_NAME ""
| #define PACKAGE_TARNAME ""
| #define PACKAGE_VERSION ""
| #define PACKAGE_STRING ""
| #define PACKAGE_BUGREPORT ""
| /* end confdefs.h.  */
| #include <sys/types.h>
| #include <sys/param.h>
| 
| int
| main ()
| {
| #if BYTE_ORDER != BIG_ENDIAN
|  not big endian
| #endif
| 
|   ;
|   return 0;
| }
configure:3006: result: no
configure:3133: checking whether gcc supports -Wno-unused-parameter
configure:3141: gcc -c -g -O2 -pipe -ffast-math -Wall -Wno-sign-compare -Wno-unused-parameter  -I../common conftest.c >&5
configure:3147: $? = 0
configure:3151: test -z 
			 || test ! -s conftest.err
configure:3154: $? = 0
configure:3157: test -s conftest.o
configure:3160: $? = 0
configure:3162: result: yes
configure:3178: checking whether gcc supports -Wno-pointer-sign
configure:3186: gcc -c -g -O2 -pipe -ffast-math -Wall -Wno-sign-compare -Wno-unused-parameter -Wno-pointer-sign  -I../common conftest.c >&5
configure:3192: $? = 0
configure:3196: test -z 
			 || test ! -s conftest.err
configure:3199: $? = 0
configure:3202: test -s conftest.o
configure:3205: $? = 0
configure:3208: result: yes
configure:3210: checking whether gcc can actually use -Wno-pointer-sign
configure:3219: gcc -c -g -O2 -pipe -ffast-math -Wall -Wno-sign-compare -Wno-unused-parameter -Werror -Wno-pointer-sign  -I../common conftest.c >&5
configure:3225: $? = 0
configure:3229: test -z 
			 || test ! -s conftest.err
configure:3232: $? = 0
configure:3235: test -s conftest.o
configure:3238: $? = 0
configure:3241: result: yes
configure:3272: checking whether gcc supports -Wno-switch
configure:3280: gcc -c -g -O2 -pipe -ffast-math -Wall -Wno-sign-compare -Wno-unused-parameter -Wno-pointer-sign -Wno-switch  -I../common conftest.c >&5
configure:3286: $? = 0
configure:3290: test -z 
			 || test ! -s conftest.err
configure:3293: $? = 0
configure:3296: test -s conftest.o
configure:3299: $? = 0
configure:3301: result: yes
configure:3317: checking whether gcc supports -fPIC
configure:3325: gcc -c -g -O2 -pipe -ffast-math -Wall -Wno-sign-compare -Wno-unused-parameter -Wno-pointer-sign -Wno-switch -fPIC  -I../common conftest.c >&5
configure:3331: $? = 0
configure:3335: test -z 
			 || test ! -s conftest.err
configure:3338: $? = 0
configure:3341: test -s conftest.o
configure:3344: $? = 0
configure:3347: result: yes
configure:3369: checking how to make shared objects
configure:3389: gcc -o conftest -g -O2 -pipe -ffast-math -Wall -Wno-sign-compare -Wno-unused-parameter -Wno-pointer-sign -Wno-switch -fPIC -shared  -I../common  conftest.c  >&5
configure:3395: $? = 0
configure:3399: test -z 
			 || test ! -s conftest.err
configure:3402: $? = 0
configure:3405: test -s conftest
configure:3408: $? = 0
configure:3434: gcc -o conftest -g -O2 -pipe -ffast-math -Wall -Wno-sign-compare -Wno-unused-parameter -Wno-pointer-sign -Wno-switch -fPIC -nostart  -I../common  conftest.c  >&5
gcc: unrecognized option '-nostart'
/usr/lib/gcc/x86_64-redhat-linux/4.4.7/../../../../lib64/crt1.o: In function `_start':
(.text+0x20): undefined reference to `main'
collect2: ld returned 1 exit status
configure:3440: $? = 1
configure: failed program was:
| 
| 		int bar = 0;
| 
| 		int foo(void)
| 		{
| 			return bar;
| 		}
| 
configure:3475: result: -shared
configure:3483: checking whether gcc needs -fPIC for shared objects
configure:3499: gcc -o conftest -g -O2 -pipe -ffast-math -Wall -Wno-sign-compare -Wno-unused-parameter -Wno-pointer-sign -Wno-switch  -shared  -I../common  conftest.c  >&5
/usr/bin/ld: /tmp/ccvjdI45.o: relocation R_X86_64_PC32 against symbol `bar' can not be used when making a shared object; recompile with -fPIC
/usr/bin/ld: final link failed: Bad value
collect2: ld returned 1 exit status
configure:3505: $? = 1
configure: failed program was:
| 
| 		int bar = 0;
| 
| 		int foo(void)
| 		{
| 			return bar;
| 		}
| 
configure:3544: gcc -o conftest -g -O2 -pipe -ffast-math -Wall -Wno-sign-compare -Wno-unused-parameter -Wno-pointer-sign -Wno-switch  -shared -fPIC  -I../common  conftest.c  >&5
configure:3550: $? = 0
configure:3554: test -z 
			 || test ! -s conftest.err
configure:3557: $? = 0
configure:3560: test -s conftest
configure:3563: $? = 0
configure:3566: result: yes
configure:3606: checking whether gcc supports -fno-strict-aliasing
configure:3614: gcc -c -g -O2 -pipe -ffast-math -Wall -Wno-sign-compare -Wno-unused-parameter -Wno-pointer-sign -Wno-switch -fPIC -fno-strict-aliasing  -I../common conftest.c >&5
configure:3620: $? = 0
configure:3624: test -z 
			 || test ! -s conftest.err
configure:3627: $? = 0
configure:3630: test -s conftest.o
configure:3633: $? = 0
configure:3635: result: yes
configure:3654: checking for inline
configure:3675: gcc -c -g -O2 -pipe -ffast-math -Wall -Wno-sign-compare -Wno-unused-parameter -Wno-pointer-sign -Wno-switch -fPIC -fno-strict-aliasing  -I../common conftest.c >&5
configure:3681: $? = 0
configure:3685: test -z 
			 || test ! -s conftest.err
configure:3688: $? = 0
configure:3691: test -s conftest.o
configure:3694: $? = 0
configure:3706: result: inline
configure:3725: checking for all available inline directives
configure:3736: gcc -c -g -O2 -pipe -ffast-math -Wall -Wno-sign-compare -Wno-unused-parameter -Wno-pointer-sign -Wno-switch -fPIC -fno-strict-aliasing  -I../common conftest.c >&5
configure:3742: $? = 0
configure:3746: test -z 
			 || test ! -s conftest.err
configure:3749: $? = 0
configure:3752: test -s conftest.o
configure:3755: $? = 0
configure:3736: gcc -c -g -O2 -pipe -ffast-math -Wall -Wno-sign-compare -Wno-unused-parameter -Wno-pointer-sign -Wno-switch -fPIC -fno-strict-aliasing  -I../common conftest.c >&5
configure:3742: $? = 0
configure:3746: test -z 
			 || test ! -s conftest.err
configure:3749: $? = 0
configure:3752: test -s conftest.o
configure:3755: $? = 0
configure:3736: gcc -c -g -O2 -pipe -ffast-math -Wall -Wno-sign-compare -Wno-unused-parameter -Wno-pointer-sign -Wno-switch -fPIC -fno-strict-aliasing  -I../common conftest.c >&5
configure:3742: $? = 0
configure:3746: test -z 
			 || test ! -s conftest.err
configure:3749: $? = 0
configure:3752: test -s conftest.o
configure:3755: $? = 0
configure:3736: gcc -c -g -O2 -pipe -ffast-math -Wall -Wno-sign-compare -Wno-unused-parameter -Wno-pointer-sign -Wno-switch -fPIC -fno-strict-aliasing  -I../common conftest.c >&5
conftest.c:3: error: expected '=', ',', ';', 'asm' or '__attribute__' before 'foo_t'
conftest.c:4: error: expected '=', ',', ';', 'asm' or '__attribute__' before 'foo_t'
configure:3742: $? = 1
configure: failed program was:
| 
| 			typedef int foo_t;
| 			static __forceinline foo_t static_foo(void){ return 0; }
| 			__forceinline foo_t foo(void){ return 0; }
| 
configure:3778: gcc -c -g -O2 -pipe -ffast-math -Wall -Wno-sign-compare -Wno-unused-parameter -Wno-pointer-sign -Wno-switch -fPIC -fno-strict-aliasing  -I../common conftest.c >&5
conftest.c:3: warning: 'static_foo' defined but not used
configure:3784: $? = 0
configure:3788: test -z 
			 || test ! -s conftest.err
configure:3791: $? = 0
configure:3794: test -s conftest.o
configure:3797: $? = 0
configure:3778: gcc -c -g -O2 -pipe -ffast-math -Wall -Wno-sign-compare -Wno-unused-parameter -Wno-pointer-sign -Wno-switch -fPIC -fno-strict-aliasing  -I../common conftest.c >&5
conftest.c:3: warning: 'static_foo' defined but not used
configure:3784: $? = 0
configure:3788: test -z 
			 || test ! -s conftest.err
configure:3791: $? = 0
configure:3794: test -s conftest.o
configure:3797: $? = 0
configure:3778: gcc -c -g -O2 -pipe -ffast-math -Wall -Wno-sign-compare -Wno-unused-parameter -Wno-pointer-sign -Wno-switch -fPIC -fno-strict-aliasing  -I../common conftest.c >&5
conftest.c:3: warning: 'gnu_inline' attribute ignored
conftest.c:4: warning: 'gnu_inline' attribute ignored
conftest.c:3: warning: 'static_foo' defined but not used
configure:3784: $? = 0
configure:3788: test -z 
			 || test ! -s conftest.err
configure:3791: $? = 0
configure:3794: test -s conftest.o
configure:3797: $? = 0
configure:3811: result: done
configure:3859: checking for ar
configure:3875: found /usr/bin/ar
configure:3886: result: ar
configure:3914: checking for egrep
configure:3924: result: grep -E
configure:3929: checking for ANSI C header files
configure:3954: gcc -c -g -O2 -pipe -ffast-math -Wall -Wno-sign-compare -Wno-unused-parameter -Wno-pointer-sign -Wno-switch -fPIC -fno-strict-aliasing  -I../common conftest.c >&5
configure:3960: $? = 0
configure:3964: test -z 
			 || test ! -s conftest.err
configure:3967: $? = 0
configure:3970: test -s conftest.o
configure:3973: $? = 0
configure:4062: gcc -o conftest -g -O2 -pipe -ffast-math -Wall -Wno-sign-compare -Wno-unused-parameter -Wno-pointer-sign -Wno-switch -fPIC -fno-strict-aliasing  -I../common  conftest.c  >&5
conftest.c: In function 'main':
conftest.c:32: warning: implicit declaration of function 'exit'
conftest.c:32: warning: incompatible implicit declaration of built-in function 'exit'
configure:4065: $? = 0
configure:4067: ./conftest
configure:4070: $? = 0
configure:4085: result: yes
configure:4109: checking for sys/types.h
configure:4125: gcc -c -g -O2 -pipe -ffast-math -Wall -Wno-sign-compare -Wno-unused-parameter -Wno-pointer-sign -Wno-switch -fPIC -fno-strict-aliasing  -I../common conftest.c >&5
configure:4131: $? = 0
configure:4135: test -z 
			 || test ! -s conftest.err
configure:4138: $? = 0
configure:4141: test -s conftest.o
configure:4144: $? = 0
configure:4155: result: yes
configure:4109: checking for sys/stat.h
configure:4125: gcc -c -g -O2 -pipe -ffast-math -Wall -Wno-sign-compare -Wno-unused-parameter -Wno-pointer-sign -Wno-switch -fPIC -fno-strict-aliasing  -I../common conftest.c >&5
configure:4131: $? = 0
configure:4135: test -z 
			 || test ! -s conftest.err
configure:4138: $? = 0
configure:4141: test -s conftest.o
configure:4144: $? = 0
configure:4155: result: yes
configure:4109: checking for stdlib.h
configure:4125: gcc -c -g -O2 -pipe -ffast-math -Wall -Wno-sign-compare -Wno-unused-parameter -Wno-pointer-sign -Wno-switch -fPIC -fno-strict-aliasing  -I../common conftest.c >&5
configure:4131: $? = 0
configure:4135: test -z 
			 || test ! -s conftest.err
configure:4138: $? = 0
configure:4141: test -s conftest.o
configure:4144: $? = 0
configure:4155: result: yes
configure:4109: checking for string.h
configure:4125: gcc -c -g -O2 -pipe -ffast-math -Wall -Wno-sign-compare -Wno-unused-parameter -Wno-pointer-sign -Wno-switch -fPIC -fno-strict-aliasing  -I../common conftest.c >&5
configure:4131: $? = 0
configure:4135: test -z 
			 || test ! -s conftest.err
configure:4138: $? = 0
configure:4141: test -s conftest.o
configure:4144: $? = 0
configure:4155: result: yes
configure:4109: checking for memory.h
configure:4125: gcc -c -g -O2 -pipe -ffast-math -Wall -Wno-sign-compare -Wno-unused-parameter -Wno-pointer-sign -Wno-switch -fPIC -fno-strict-aliasing  -I../common conftest.c >&5
configure:4131: $? = 0
configure:4135: test -z 
			 || test ! -s conftest.err
configure:4138: $? = 0
configure:4141: test -s conftest.o
configure:4144: $? = 0
configure:4155: result: yes
configure:4109: checking for strings.h
configure:4125: gcc -c -g -O2 -pipe -ffast-math -Wall -Wno-sign-compare -Wno-unused-parameter -Wno-pointer-sign -Wno-switch -fPIC -fno-strict-aliasing  -I../common conftest.c >&5
configure:4131: $? = 0
configure:4135: test -z 
			 || test ! -s conftest.err
configure:4138: $? = 0
configure:4141: test -s conftest.o
configure:4144: $? = 0
configure:4155: result: yes
configure:4109: checking for inttypes.h
configure:4125: gcc -c -g -O2 -pipe -ffast-math -Wall -Wno-sign-compare -Wno-unused-parameter -Wno-pointer-sign -Wno-switch -fPIC -fno-strict-aliasing  -I../common conftest.c >&5
configure:4131: $? = 0
configure:4135: test -z 
			 || test ! -s conftest.err
configure:4138: $? = 0
configure:4141: test -s conftest.o
configure:4144: $? = 0
configure:4155: result: yes
configure:4109: checking for stdint.h
configure:4125: gcc -c -g -O2 -pipe -ffast-math -Wall -Wno-sign-compare -Wno-unused-parameter -Wno-pointer-sign -Wno-switch -fPIC -fno-strict-aliasing  -I../common conftest.c >&5
configure:4131: $? = 0
configure:4135: test -z 
			 || test ! -s conftest.err
configure:4138: $? = 0
configure:4141: test -s conftest.o
configure:4144: $? = 0
configure:4155: result: yes
configure:4109: checking for unistd.h
configure:4125: gcc -c -g -O2 -pipe -ffast-math -Wall -Wno-sign-compare -Wno-unused-parameter -Wno-pointer-sign -Wno-switch -fPIC -fno-strict-aliasing  -I../common conftest.c >&5
configure:4131: $? = 0
configure:4135: test -z 
			 || test ! -s conftest.err
configure:4138: $? = 0
configure:4141: test -s conftest.o
configure:4144: $? = 0
configure:4155: result: yes
configure:4183: checking sys/select.h usability
configure:4195: gcc -c -g -O2 -pipe -ffast-math -Wall -Wno-sign-compare -Wno-unused-parameter -Wno-pointer-sign -Wno-switch -fPIC -fno-strict-aliasing  -I../common conftest.c >&5
configure:4201: $? = 0
configure:4205: test -z 
			 || test ! -s conftest.err
configure:4208: $? = 0
configure:4211: test -s conftest.o
configure:4214: $? = 0
configure:4224: result: yes
configure:4228: checking sys/select.h presence
configure:4238: gcc -E  -I../common conftest.c
configure:4244: $? = 0
configure:4264: result: yes
configure:4299: checking for sys/select.h
configure:4306: result: yes
configure:4183: checking execinfo.h usability
configure:4195: gcc -c -g -O2 -pipe -ffast-math -Wall -Wno-sign-compare -Wno-unused-parameter -Wno-pointer-sign -Wno-switch -fPIC -fno-strict-aliasing  -I../common conftest.c >&5
configure:4201: $? = 0
configure:4205: test -z 
			 || test ! -s conftest.err
configure:4208: $? = 0
configure:4211: test -s conftest.o
configure:4214: $? = 0
configure:4224: result: yes
configure:4228: checking execinfo.h presence
configure:4238: gcc -E  -I../common conftest.c
configure:4244: $? = 0
configure:4264: result: yes
configure:4299: checking for execinfo.h
configure:4306: result: yes
configure:4183: checking net/socket.h usability
configure:4195: gcc -c -g -O2 -pipe -ffast-math -Wall -Wno-sign-compare -Wno-unused-parameter -Wno-pointer-sign -Wno-switch -fPIC -fno-strict-aliasing  -I../common conftest.c >&5
conftest.c:61:24: error: net/socket.h: No such file or directory
configure:4201: $? = 1
configure: failed program was:
| /* confdefs.h.  */
| 
| #define PACKAGE_NAME ""
| #define PACKAGE_TARNAME ""
| #define PACKAGE_VERSION ""
| #define PACKAGE_STRING ""
| #define PACKAGE_BUGREPORT ""
| #define HAVE_INLINE 1
| #define HAVE___INLINE 1
| #define HAVE___INLINE__ 1
| #define HAVE_ATTRIBUTE_NOINLINE 1
| #define HAVE_ATTRIBUTE_ALWAYS_INLINE 1
| #define HAVE_ATTRIBUTE_GNU_INLINE 1
| #define STDC_HEADERS 1
| #define HAVE_SYS_TYPES_H 1
| #define HAVE_SYS_STAT_H 1
| #define HAVE_STDLIB_H 1
| #define HAVE_STRING_H 1
| #define HAVE_MEMORY_H 1
| #define HAVE_STRINGS_H 1
| #define HAVE_INTTYPES_H 1
| #define HAVE_STDINT_H 1
| #define HAVE_UNISTD_H 1
| #define HAVE_SYS_SELECT_H 1
| #define HAVE_EXECINFO_H 1
| /* end confdefs.h.  */
| #include <stdio.h>
| #if HAVE_SYS_TYPES_H
| # include <sys/types.h>
| #endif
| #if HAVE_SYS_STAT_H
| # include <sys/stat.h>
| #endif
| #if STDC_HEADERS
| # include <stdlib.h>
| # include <stddef.h>
| #else
| # if HAVE_STDLIB_H
| #  include <stdlib.h>
| # endif
| #endif
| #if HAVE_STRING_H
| # if !STDC_HEADERS && HAVE_MEMORY_H
| #  include <memory.h>
| # endif
| # include <string.h>
| #endif
| #if HAVE_STRINGS_H
| # include <strings.h>
| #endif
| #if HAVE_INTTYPES_H
| # include <inttypes.h>
| #else
| # if HAVE_STDINT_H
| #  include <stdint.h>
| # endif
| #endif
| #if HAVE_UNISTD_H
| # include <unistd.h>
| #endif
| #include <net/socket.h>
configure:4224: result: no
configure:4228: checking net/socket.h presence
configure:4238: gcc -E  -I../common conftest.c
conftest.c:27:24: error: net/socket.h: No such file or directory
configure:4244: $? = 1
configure: failed program was:
| /* confdefs.h.  */
| 
| #define PACKAGE_NAME ""
| #define PACKAGE_TARNAME ""
| #define PACKAGE_VERSION ""
| #define PACKAGE_STRING ""
| #define PACKAGE_BUGREPORT ""
| #define HAVE_INLINE 1
| #define HAVE___INLINE 1
| #define HAVE___INLINE__ 1
| #define HAVE_ATTRIBUTE_NOINLINE 1
| #define HAVE_ATTRIBUTE_ALWAYS_INLINE 1
| #define HAVE_ATTRIBUTE_GNU_INLINE 1
| #define STDC_HEADERS 1
| #define HAVE_SYS_TYPES_H 1
| #define HAVE_SYS_STAT_H 1
| #define HAVE_STDLIB_H 1
| #define HAVE_STRING_H 1
| #define HAVE_MEMORY_H 1
| #define HAVE_STRINGS_H 1
| #define HAVE_INTTYPES_H 1
| #define HAVE_STDINT_H 1
| #define HAVE_UNISTD_H 1
| #define HAVE_SYS_SELECT_H 1
| #define HAVE_EXECINFO_H 1
| /* end confdefs.h.  */
| #include <net/socket.h>
configure:4264: result: no
configure:4299: checking for net/socket.h
configure:4306: result: no
configure:4328: checking for setrlimit
configure:4385: gcc -o conftest -g -O2 -pipe -ffast-math -Wall -Wno-sign-compare -Wno-unused-parameter -Wno-pointer-sign -Wno-switch -fPIC -fno-strict-aliasing  -I../common  conftest.c  >&5
configure:4391: $? = 0
configure:4395: test -z 
			 || test ! -s conftest.err
configure:4398: $? = 0
configure:4401: test -s conftest
configure:4404: $? = 0
configure:4416: result: yes
configure:4435: checking for strnlen
configure:4492: gcc -o conftest -g -O2 -pipe -ffast-math -Wall -Wno-sign-compare -Wno-unused-parameter -Wno-pointer-sign -Wno-switch -fPIC -fno-strict-aliasing  -I../common  conftest.c  >&5
configure:4498: $? = 0
configure:4502: test -z 
			 || test ! -s conftest.err
configure:4505: $? = 0
configure:4508: test -s conftest
configure:4511: $? = 0
configure:4523: result: yes
configure:4542: checking for getpid
configure:4599: gcc -o conftest -g -O2 -pipe -ffast-math -Wall -Wno-sign-compare -Wno-unused-parameter -Wno-pointer-sign -Wno-switch -fPIC -fno-strict-aliasing  -I../common  conftest.c  >&5
configure:4605: $? = 0
configure:4609: test -z 
			 || test ! -s conftest.err
configure:4612: $? = 0
configure:4615: test -s conftest
configure:4618: $? = 0
configure:4630: result: yes
configure:4542: checking for gettid
configure:4599: gcc -o conftest -g -O2 -pipe -ffast-math -Wall -Wno-sign-compare -Wno-unused-parameter -Wno-pointer-sign -Wno-switch -fPIC -fno-strict-aliasing  -I../common  conftest.c  >&5
/tmp/ccDqfA1R.o: In function `main':
/root/oboro/conftest.c:69: undefined reference to `gettid'
/tmp/ccDqfA1R.o:(.data.rel+0x0): undefined reference to `gettid'
collect2: ld returned 1 exit status
configure:4605: $? = 1
configure: failed program was:
| /* confdefs.h.  */
| 
| #define PACKAGE_NAME ""
| #define PACKAGE_TARNAME ""
| #define PACKAGE_VERSION ""
| #define PACKAGE_STRING ""
| #define PACKAGE_BUGREPORT ""
| #define HAVE_INLINE 1
| #define HAVE___INLINE 1
| #define HAVE___INLINE__ 1
| #define HAVE_ATTRIBUTE_NOINLINE 1
| #define HAVE_ATTRIBUTE_ALWAYS_INLINE 1
| #define HAVE_ATTRIBUTE_GNU_INLINE 1
| #define STDC_HEADERS 1
| #define HAVE_SYS_TYPES_H 1
| #define HAVE_SYS_STAT_H 1
| #define HAVE_STDLIB_H 1
| #define HAVE_STRING_H 1
| #define HAVE_MEMORY_H 1
| #define HAVE_STRINGS_H 1
| #define HAVE_INTTYPES_H 1
| #define HAVE_STDINT_H 1
| #define HAVE_UNISTD_H 1
| #define HAVE_SYS_SELECT_H 1
| #define HAVE_EXECINFO_H 1
| #define HAVE_SETRLIMIT 1
| #define HAVE_STRNLEN 1
| #define HAVE_GETPID 1
| /* end confdefs.h.  */
| /* Define gettid to an innocuous variant, in case <limits.h> declares gettid.
|    For example, HP-UX 11i <limits.h> declares gettimeofday.  */
| #define gettid innocuous_gettid
| 
| /* System header to define __stub macros and hopefully few prototypes,
|     which can conflict with char gettid (); below.
|     Prefer <limits.h> to <assert.h> if __STDC__ is defined, since
|     <limits.h> exists even on freestanding compilers.  */
| 
| #ifdef __STDC__
| # include <limits.h>
| #else
| # include <assert.h>
| #endif
| 
| #undef gettid
| 
| /* Override any gcc2 internal prototype to avoid an error.  */
| #ifdef __cplusplus
| extern "C"
| {
| #endif
| /* We use char because int might match the return type of a gcc2
|    builtin and then its argument prototype would still apply.  */
| char gettid ();
| /* The GNU C library defines this for functions which it implements
|     to always fail with ENOSYS.  Some functions are actually named
|     something starting with __ and the normal name is an alias.  */
| #if defined (__stub_gettid) || defined (__stub___gettid)
| choke me
| #else
| char (*f) () = gettid;
| #endif
| #ifdef __cplusplus
| }
| #endif
| 
| int
| main ()
| {
| return f != gettid;
|   ;
|   return 0;
| }
configure:4630: result: no
configure:5170: checking for inflateEnd in -lz
configure:5200: gcc -o conftest -g -O2 -pipe -ffast-math -Wall -Wno-sign-compare -Wno-unused-parameter -Wno-pointer-sign -Wno-switch -fPIC -fno-strict-aliasing -Wno-unused -Wno-parentheses  -I../common -I/usr/include  -L/usr/lib conftest.c -lz   >&5
configure:5206: $? = 0
configure:5210: test -z 
			 || test ! -s conftest.err
configure:5213: $? = 0
configure:5216: test -s conftest
configure:5219: $? = 0
configure:5232: result: yes
configure:5257: checking zlib.h usability
configure:5269: gcc -c -g -O2 -pipe -ffast-math -Wall -Wno-sign-compare -Wno-unused-parameter -Wno-pointer-sign -Wno-switch -fPIC -fno-strict-aliasing -Wno-unused -Wno-parentheses  -I../common -I/usr/include conftest.c >&5
configure:5275: $? = 0
configure:5279: test -z 
			 || test ! -s conftest.err
configure:5282: $? = 0
configure:5285: test -s conftest.o
configure:5288: $? = 0
configure:5298: result: yes
configure:5302: checking zlib.h presence
configure:5312: gcc -E  -I../common -I/usr/include conftest.c
configure:5318: $? = 0
configure:5338: result: yes
configure:5373: checking for zlib.h
configure:5380: result: yes
configure:5398: checking for library containing sqrt
configure:5428: gcc -o conftest -g -O2 -pipe -ffast-math -Wall -Wno-sign-compare -Wno-unused-parameter -Wno-pointer-sign -Wno-switch -fPIC -fno-strict-aliasing -Wno-unused -Wno-parentheses  -I../common -I/usr/include  -L/usr/lib conftest.c -lz  >&5
conftest.c:38: warning: conflicting types for built-in function 'sqrt'
/tmp/ccUoMEeX.o: In function `main':
/root/oboro/conftest.c:42: undefined reference to `sqrt'
collect2: ld returned 1 exit status
configure:5434: $? = 1
configure: failed program was:
| /* confdefs.h.  */
| 
| #define PACKAGE_NAME ""
| #define PACKAGE_TARNAME ""
| #define PACKAGE_VERSION ""
| #define PACKAGE_STRING ""
| #define PACKAGE_BUGREPORT ""
| #define HAVE_INLINE 1
| #define HAVE___INLINE 1
| #define HAVE___INLINE__ 1
| #define HAVE_ATTRIBUTE_NOINLINE 1
| #define HAVE_ATTRIBUTE_ALWAYS_INLINE 1
| #define HAVE_ATTRIBUTE_GNU_INLINE 1
| #define STDC_HEADERS 1
| #define HAVE_SYS_TYPES_H 1
| #define HAVE_SYS_STAT_H 1
| #define HAVE_STDLIB_H 1
| #define HAVE_STRING_H 1
| #define HAVE_MEMORY_H 1
| #define HAVE_STRINGS_H 1
| #define HAVE_INTTYPES_H 1
| #define HAVE_STDINT_H 1
| #define HAVE_UNISTD_H 1
| #define HAVE_SYS_SELECT_H 1
| #define HAVE_EXECINFO_H 1
| #define HAVE_SETRLIMIT 1
| #define HAVE_STRNLEN 1
| #define HAVE_GETPID 1
| #define HAVE_LIBZ 1
| /* end confdefs.h.  */
| 
| /* Override any gcc2 internal prototype to avoid an error.  */
| #ifdef __cplusplus
| extern "C"
| #endif
| /* We use char because int might match the return type of a gcc2
|    builtin and then its argument prototype would still apply.  */
| char sqrt ();
| int
| main ()
| {
| sqrt ();
|   ;
|   return 0;
| }
configure:5483: gcc -o conftest -g -O2 -pipe -ffast-math -Wall -Wno-sign-compare -Wno-unused-parameter -Wno-pointer-sign -Wno-switch -fPIC -fno-strict-aliasing -Wno-unused -Wno-parentheses  -I../common -I/usr/include  -L/usr/lib conftest.c -lm  -lz  >&5
conftest.c:38: warning: conflicting types for built-in function 'sqrt'
configure:5489: $? = 0
configure:5493: test -z 
			 || test ! -s conftest.err
configure:5496: $? = 0
configure:5499: test -s conftest
configure:5502: $? = 0
configure:5517: result: -lm
configure:5533: checking for library containing clock_gettime
configure:5563: gcc -o conftest -g -O2 -pipe -ffast-math -Wall -Wno-sign-compare -Wno-unused-parameter -Wno-pointer-sign -Wno-switch -fPIC -fno-strict-aliasing -Wno-unused -Wno-parentheses  -I../common -I/usr/include  -L/usr/lib conftest.c -lm -lz  >&5
/tmp/ccW0YVHY.o: In function `main':
/root/oboro/conftest.c:42: undefined reference to `clock_gettime'
collect2: ld returned 1 exit status
configure:5569: $? = 1
configure: failed program was:
| /* confdefs.h.  */
| 
| #define PACKAGE_NAME ""
| #define PACKAGE_TARNAME ""
| #define PACKAGE_VERSION ""
| #define PACKAGE_STRING ""
| #define PACKAGE_BUGREPORT ""
| #define HAVE_INLINE 1
| #define HAVE___INLINE 1
| #define HAVE___INLINE__ 1
| #define HAVE_ATTRIBUTE_NOINLINE 1
| #define HAVE_ATTRIBUTE_ALWAYS_INLINE 1
| #define HAVE_ATTRIBUTE_GNU_INLINE 1
| #define STDC_HEADERS 1
| #define HAVE_SYS_TYPES_H 1
| #define HAVE_SYS_STAT_H 1
| #define HAVE_STDLIB_H 1
| #define HAVE_STRING_H 1
| #define HAVE_MEMORY_H 1
| #define HAVE_STRINGS_H 1
| #define HAVE_INTTYPES_H 1
| #define HAVE_STDINT_H 1
| #define HAVE_UNISTD_H 1
| #define HAVE_SYS_SELECT_H 1
| #define HAVE_EXECINFO_H 1
| #define HAVE_SETRLIMIT 1
| #define HAVE_STRNLEN 1
| #define HAVE_GETPID 1
| #define HAVE_LIBZ 1
| /* end confdefs.h.  */
| 
| /* Override any gcc2 internal prototype to avoid an error.  */
| #ifdef __cplusplus
| extern "C"
| #endif
| /* We use char because int might match the return type of a gcc2
|    builtin and then its argument prototype would still apply.  */
| char clock_gettime ();
| int
| main ()
| {
| clock_gettime ();
|   ;
|   return 0;
| }
configure:5618: gcc -o conftest -g -O2 -pipe -ffast-math -Wall -Wno-sign-compare -Wno-unused-parameter -Wno-pointer-sign -Wno-switch -fPIC -fno-strict-aliasing -Wno-unused -Wno-parentheses  -I../common -I/usr/include  -L/usr/lib conftest.c -lrt  -lm -lz  >&5
configure:5624: $? = 0
configure:5628: test -z 
			 || test ! -s conftest.err
configure:5631: $? = 0
configure:5634: test -s conftest
configure:5637: $? = 0
configure:5652: result: -lrt
configure:5670: checking whether CLOCK_MONOTONIC is supported and works
configure:5693: gcc -o conftest -g -O2 -pipe -ffast-math -Wall -Wno-sign-compare -Wno-unused-parameter -Wno-pointer-sign -Wno-switch -fPIC -fno-strict-aliasing -Wno-unused -Wno-parentheses  -I../common -I/usr/include  -L/usr/lib conftest.c -lrt -lm -lz  >&5
configure:5696: $? = 0
configure:5698: ./conftest
configure:5701: $? = 0
configure:5704: result: yes
configure:5740: checking for mysql_config
configure:5758: found /usr/bin/mysql_config
configure:5771: result: /usr/bin/mysql_config
configure:5794: checking for mysql_init in -lmysqlclient
configure:5824: gcc -o conftest -g -O2 -pipe -ffast-math -Wall -Wno-sign-compare -Wno-unused-parameter -Wno-pointer-sign -Wno-switch -fPIC -fno-strict-aliasing -Wno-unused -Wno-parentheses -DHAVE_MONOTONIC_CLOCK  -I../common -I/usr/include -I/usr/include/mysql  -L/usr/lib -L/usr/lib64/mysql -lmysqlclient -lpthread -lm -lrt -ldl conftest.c -lmysqlclient  -lrt -lm -lz  >&5
configure:5830: $? = 0
configure:5834: test -z 
			 || test ! -s conftest.err
configure:5837: $? = 0
configure:5840: test -s conftest
configure:5843: $? = 0
configure:5856: result: yes
configure:5872: checking mysql.h usability
configure:5884: gcc -c -g -O2 -pipe -ffast-math -Wall -Wno-sign-compare -Wno-unused-parameter -Wno-pointer-sign -Wno-switch -fPIC -fno-strict-aliasing -Wno-unused -Wno-parentheses -DHAVE_MONOTONIC_CLOCK  -I../common -I/usr/include -I/usr/include/mysql conftest.c >&5
configure:5890: $? = 0
configure:5894: test -z 
			 || test ! -s conftest.err
configure:5897: $? = 0
configure:5900: test -s conftest.o
configure:5903: $? = 0
configure:5913: result: yes
configure:5917: checking mysql.h presence
configure:5927: gcc -E  -I../common -I/usr/include -I/usr/include/mysql conftest.c
configure:5933: $? = 0
configure:5953: result: yes
configure:5988: checking for mysql.h
configure:5995: result: yes
configure:6009: checking MySQL library (optional)
configure:6012: result: yes (5.7.17)
configure:6049: checking for pcre_study in -lpcre
configure:6079: gcc -o conftest -g -O2 -pipe -ffast-math -Wall -Wno-sign-compare -Wno-unused-parameter -Wno-pointer-sign -Wno-switch -fPIC -fno-strict-aliasing -Wno-unused -Wno-parentheses -DHAVE_MONOTONIC_CLOCK  -I../common -I/usr/include  -L/usr/lib conftest.c -lpcre  -lrt -lm -lz  >&5
configure:6085: $? = 0
configure:6089: test -z 
			 || test ! -s conftest.err
configure:6092: $? = 0
configure:6095: test -s conftest
configure:6098: $? = 0
configure:6111: result: yes
configure:6198: checking PCRE library (optional)
configure:6201: result: yes
configure:6225: checking host OS
configure:6228: result: Linux
configure:6253: checking for MinGW
configure:6264: result: no
configure:6366: creating ./config.status

## ---------------------- ##
## Running config.status. ##
## ---------------------- ##

This file was extended by config.status, which was
generated by GNU Autoconf 2.59.  Invocation command line was

  CONFIG_FILES    = 
  CONFIG_HEADERS  = 
  CONFIG_LINKS    = 
  CONFIG_COMMANDS = 
  $ ./config.status 

on ns525538.ip-192-99-63.net

config.status:664: creating Makefile
config.status:664: creating src/common/Makefile
config.status:664: creating 3rdparty/mt19937ar/Makefile
config.status:664: creating src/char/Makefile
config.status:664: creating src/login/Makefile
config.status:664: creating src/char_sql/Makefile
config.status:664: creating src/txt-converter/Makefile
config.status:664: creating src/map/Makefile
config.status:664: creating src/plugins/Makefile
config.status:664: creating src/tool/Makefile
config.status:767: creating src/common/config.h
config.status:893: src/common/config.h is unchanged

## ---------------- ##
## Cache variables. ##
## ---------------- ##

ac_cv_c_bigendian=no
ac_cv_c_compiler_gnu=yes
ac_cv_c_inline=inline
ac_cv_env_CC_set=
ac_cv_env_CC_value=
ac_cv_env_CFLAGS_set=
ac_cv_env_CFLAGS_value=
ac_cv_env_CPPFLAGS_set=
ac_cv_env_CPPFLAGS_value=
ac_cv_env_CPP_set=
ac_cv_env_CPP_value=
ac_cv_env_LDFLAGS_set=
ac_cv_env_LDFLAGS_value=
ac_cv_env_build_alias_set=
ac_cv_env_build_alias_value=
ac_cv_env_host_alias_set=
ac_cv_env_host_alias_value=
ac_cv_env_target_alias_set=
ac_cv_env_target_alias_value=
ac_cv_exeext=
ac_cv_func_getpid=yes
ac_cv_func_gettid=no
ac_cv_func_setrlimit=yes
ac_cv_func_strnlen=yes
ac_cv_header_execinfo_h=yes
ac_cv_header_inttypes_h=yes
ac_cv_header_memory_h=yes
ac_cv_header_mysql_h=yes
ac_cv_header_net_socket_h=no
ac_cv_header_stdc=yes
ac_cv_header_stdint_h=yes
ac_cv_header_stdlib_h=yes
ac_cv_header_string_h=yes
ac_cv_header_strings_h=yes
ac_cv_header_sys_select_h=yes
ac_cv_header_sys_stat_h=yes
ac_cv_header_sys_types_h=yes
ac_cv_header_unistd_h=yes
ac_cv_header_zlib_h=yes
ac_cv_lib_mysqlclient_mysql_init=yes
ac_cv_lib_pcre_pcre_study=yes
ac_cv_lib_z_inflateEnd=yes
ac_cv_objext=o
ac_cv_path_MYSQL_CONFIG_HOME=/usr/bin/mysql_config
ac_cv_prog_CPP='gcc -E'
ac_cv_prog_ac_ct_AR=ar
ac_cv_prog_ac_ct_CC=gcc
ac_cv_prog_cc_g=yes
ac_cv_prog_cc_stdc=
ac_cv_prog_egrep='grep -E'
ac_cv_prog_make_make_set=yes
ac_cv_search_clock_gettime=-lrt
ac_cv_search_sqrt=-lm

## ----------------- ##
## Output variables. ##
## ----------------- ##

AR='ar'
CC='gcc'
CFLAGS='-g -O2 -pipe -ffast-math -Wall -Wno-sign-compare -Wno-unused-parameter -Wno-pointer-sign -Wno-switch -fPIC -fno-strict-aliasing -Wno-unused -Wno-parentheses -DHAVE_MONOTONIC_CLOCK'
CPP='gcc -E'
CPPFLAGS=' -I../common -I/usr/include'
DEFS='-DHAVE_CONFIG_H'
DLLEXT='.so'
ECHO_C=''
ECHO_N='-n'
ECHO_T=''
EGREP='grep -E'
EXEEXT=''
HAVE_MYSQL='yes'
HAVE_PCRE='yes'
LDFLAGS=' -L/usr/lib'
LIBOBJS=''
LIBS='-lrt -lm -lz  -ldl'
LTLIBOBJS=''
MYSQL_CFLAGS='-I/usr/include/mysql'
MYSQL_CONFIG_HOME='/usr/bin/mysql_config'
MYSQL_LIBS='-L/usr/lib64/mysql -lmysqlclient -lpthread -lm -lrt -ldl'
MYSQL_VERSION='5.7.17'
OBJEXT='o'
PACKAGE_BUGREPORT=''
PACKAGE_NAME=''
PACKAGE_STRING=''
PACKAGE_TARNAME=''
PACKAGE_VERSION=''
PATH_SEPARATOR=':'
PCRE_CFLAGS=''
PCRE_LIBS='-lpcre'
SET_MAKE=''
SHELL='/bin/sh'
SOFLAGS=' -shared'
WITH_PLUGINS='yes'
ac_ct_AR='ar'
ac_ct_CC='gcc'
bindir='${exec_prefix}/bin'
build_alias=''
datadir='${prefix}/share'
exec_prefix='${prefix}'
host_alias=''
includedir='${prefix}/include'
infodir='${prefix}/info'
libdir='${exec_prefix}/lib'
libexecdir='${exec_prefix}/libexec'
localstatedir='${prefix}/var'
mandir='${prefix}/man'
oldincludedir='/usr/include'
prefix='/usr/local'
program_transform_name='s,x,x,'
sbindir='${exec_prefix}/sbin'
sharedstatedir='${prefix}/com'
sysconfdir='${prefix}/etc'
target_alias=''

## ----------- ##
## confdefs.h. ##
## ----------- ##

#define HAVE_ATTRIBUTE_ALWAYS_INLINE 1
#define HAVE_ATTRIBUTE_GNU_INLINE 1
#define HAVE_ATTRIBUTE_NOINLINE 1
#define HAVE_EXECINFO_H 1
#define HAVE_GETPID 1
#define HAVE_INLINE 1
#define HAVE_INTTYPES_H 1
#define HAVE_LIBZ 1
#define HAVE_MEMORY_H 1
#define HAVE_SETRLIMIT 1
#define HAVE_STDINT_H 1
#define HAVE_STDLIB_H 1
#define HAVE_STRINGS_H 1
#define HAVE_STRING_H 1
#define HAVE_STRNLEN 1
#define HAVE_SYS_SELECT_H 1
#define HAVE_SYS_STAT_H 1
#define HAVE_SYS_TYPES_H 1
#define HAVE_UNISTD_H 1
#define HAVE___INLINE 1
#define HAVE___INLINE__ 1
#define PACKAGE_BUGREPORT ""
#define PACKAGE_NAME ""
#define PACKAGE_STRING ""
#define PACKAGE_TARNAME ""
#define PACKAGE_VERSION ""
#define STDC_HEADERS 1

configure: exit 0
