C:\Users\Rafita\Desktop\oboro\vcproj-10\common\Release\CL.1344.read.1.tlog
C:\Users\Rafita\Desktop\oboro\vcproj-10\common\Release\CL.1344.write.1.tlog
C:\Users\Rafita\Desktop\oboro\vcproj-10\common\Release\CL.1772.read.1.tlog
C:\Users\Rafita\Desktop\oboro\vcproj-10\common\Release\CL.1772.write.1.tlog
C:\Users\Rafita\Desktop\oboro\vcproj-10\common\Release\CL.6180.read.1.tlog
C:\Users\Rafita\Desktop\oboro\vcproj-10\common\Release\CL.6180.write.1.tlog
C:\Users\Rafita\Desktop\oboro\vcproj-10\common\Release\CL.7288.read.1.tlog
C:\Users\Rafita\Desktop\oboro\vcproj-10\common\Release\CL.7288.write.1.tlog
C:\Users\Rafita\Desktop\oboro\vcproj-10\common\Release\CL.7640.read.1.tlog
C:\Users\Rafita\Desktop\oboro\vcproj-10\common\Release\CL.7640.write.1.tlog
C:\Users\Rafita\Desktop\oboro\vcproj-10\common\Release\CL.7996.read.1.tlog
C:\Users\Rafita\Desktop\oboro\vcproj-10\common\Release\CL.7996.write.1.tlog
C:\Users\Rafita\Desktop\oboro\vcproj-10\common\Release\CL.8048.read.1.tlog
C:\Users\Rafita\Desktop\oboro\vcproj-10\common\Release\CL.8048.write.1.tlog
C:\Users\Rafita\Desktop\oboro\vcproj-10\common\Release\CL.9208.read.1.tlog
C:\Users\Rafita\Desktop\oboro\vcproj-10\common\Release\CL.9208.write.1.tlog
C:\Users\Rafita\Desktop\oboro\vcproj-10\common\Release\cl.command.1.tlog
C:\Users\Rafita\Desktop\oboro\vcproj-10\common\Release\CL.read.1.tlog
C:\Users\Rafita\Desktop\oboro\vcproj-10\common\Release\cl.write.1.tlog
C:\USERS\RAFITA\DESKTOP\OBORO\VCPROJ-10\COMMON\RELEASE\COMMON.LIB
C:\Users\Rafita\Desktop\oboro\vcproj-10\common\Release\common.vcxprojResolveAssemblyReference.cache
C:\Users\Rafita\Desktop\oboro\vcproj-10\common\Release\common.write.1.tlog
C:\Users\Rafita\Desktop\oboro\vcproj-10\common\Release\core.obj
C:\Users\Rafita\Desktop\oboro\vcproj-10\common\Release\db.obj
C:\Users\Rafita\Desktop\oboro\vcproj-10\common\Release\des.obj
C:\Users\Rafita\Desktop\oboro\vcproj-10\common\Release\ers.obj
C:\Users\Rafita\Desktop\oboro\vcproj-10\common\Release\grfio.obj
C:\Users\Rafita\Desktop\oboro\vcproj-10\common\Release\lib.command.1.tlog
C:\Users\Rafita\Desktop\oboro\vcproj-10\common\Release\Lib-link.read.1.tlog
C:\Users\Rafita\Desktop\oboro\vcproj-10\common\Release\Lib-link.write.1.tlog
C:\Users\Rafita\Desktop\oboro\vcproj-10\common\Release\lock.obj
C:\Users\Rafita\Desktop\oboro\vcproj-10\common\Release\malloc.obj
C:\Users\Rafita\Desktop\oboro\vcproj-10\common\Release\mapindex.obj
C:\Users\Rafita\Desktop\oboro\vcproj-10\common\Release\md5calc.obj
C:\Users\Rafita\Desktop\oboro\vcproj-10\common\Release\mt19937ar.obj
C:\Users\Rafita\Desktop\oboro\vcproj-10\common\Release\nullpo.obj
C:\Users\Rafita\Desktop\oboro\vcproj-10\common\Release\plugins.obj
C:\Users\Rafita\Desktop\oboro\vcproj-10\common\Release\random.obj
C:\Users\Rafita\Desktop\oboro\vcproj-10\common\Release\showmsg.obj
C:\Users\Rafita\Desktop\oboro\vcproj-10\common\Release\socket.obj
C:\Users\Rafita\Desktop\oboro\vcproj-10\common\Release\strlib.obj
C:\Users\Rafita\Desktop\oboro\vcproj-10\common\Release\timer.obj
C:\Users\Rafita\Desktop\oboro\vcproj-10\common\Release\utils.obj
C:\USERS\RAFITA\DESKTOP\OBORO\VCPROJ-10\COMMON\RELEASE\VC100.PDB
