..\char-server_sql.pdb
C:\Users\Rafita\Desktop\COSAS\COSAS RAGNAROK\Oboro\Oboro-eAmod-Harmony\vcproj-10\..\char-server_sql.exe
C:\Users\Rafita\Desktop\COSAS\COSAS RAGNAROK\Oboro\Oboro-eAmod-Harmony\vcproj-10\char-server_sql\Release\char.obj
C:\Users\Rafita\Desktop\COSAS\COSAS RAGNAROK\Oboro\Oboro-eAmod-Harmony\vcproj-10\char-server_sql\Release\char-server_sql.exe.intermediate.manifest
C:\Users\Rafita\Desktop\COSAS\COSAS RAGNAROK\Oboro\Oboro-eAmod-Harmony\vcproj-10\char-server_sql\Release\char-server_sql.write.1.tlog
C:\Users\Rafita\Desktop\COSAS\COSAS RAGNAROK\Oboro\Oboro-eAmod-Harmony\vcproj-10\char-server_sql\Release\CL.1748.read.1.tlog
C:\Users\Rafita\Desktop\COSAS\COSAS RAGNAROK\Oboro\Oboro-eAmod-Harmony\vcproj-10\char-server_sql\Release\CL.1748.write.1.tlog
C:\Users\Rafita\Desktop\COSAS\COSAS RAGNAROK\Oboro\Oboro-eAmod-Harmony\vcproj-10\char-server_sql\Release\CL.3248.read.1.tlog
C:\Users\Rafita\Desktop\COSAS\COSAS RAGNAROK\Oboro\Oboro-eAmod-Harmony\vcproj-10\char-server_sql\Release\CL.3248.write.1.tlog
C:\Users\Rafita\Desktop\COSAS\COSAS RAGNAROK\Oboro\Oboro-eAmod-Harmony\vcproj-10\char-server_sql\Release\CL.4056.read.1.tlog
C:\Users\Rafita\Desktop\COSAS\COSAS RAGNAROK\Oboro\Oboro-eAmod-Harmony\vcproj-10\char-server_sql\Release\CL.4056.write.1.tlog
C:\Users\Rafita\Desktop\COSAS\COSAS RAGNAROK\Oboro\Oboro-eAmod-Harmony\vcproj-10\char-server_sql\Release\CL.7076.read.1.tlog
C:\Users\Rafita\Desktop\COSAS\COSAS RAGNAROK\Oboro\Oboro-eAmod-Harmony\vcproj-10\char-server_sql\Release\CL.7076.write.1.tlog
C:\Users\Rafita\Desktop\COSAS\COSAS RAGNAROK\Oboro\Oboro-eAmod-Harmony\vcproj-10\char-server_sql\Release\CL.7376.read.1.tlog
C:\Users\Rafita\Desktop\COSAS\COSAS RAGNAROK\Oboro\Oboro-eAmod-Harmony\vcproj-10\char-server_sql\Release\CL.7376.write.1.tlog
C:\Users\Rafita\Desktop\COSAS\COSAS RAGNAROK\Oboro\Oboro-eAmod-Harmony\vcproj-10\char-server_sql\Release\CL.7544.read.1.tlog
C:\Users\Rafita\Desktop\COSAS\COSAS RAGNAROK\Oboro\Oboro-eAmod-Harmony\vcproj-10\char-server_sql\Release\CL.7544.write.1.tlog
C:\Users\Rafita\Desktop\COSAS\COSAS RAGNAROK\Oboro\Oboro-eAmod-Harmony\vcproj-10\char-server_sql\Release\CL.8620.read.1.tlog
C:\Users\Rafita\Desktop\COSAS\COSAS RAGNAROK\Oboro\Oboro-eAmod-Harmony\vcproj-10\char-server_sql\Release\CL.8620.write.1.tlog
C:\Users\Rafita\Desktop\COSAS\COSAS RAGNAROK\Oboro\Oboro-eAmod-Harmony\vcproj-10\char-server_sql\Release\CL.8788.read.1.tlog
C:\Users\Rafita\Desktop\COSAS\COSAS RAGNAROK\Oboro\Oboro-eAmod-Harmony\vcproj-10\char-server_sql\Release\CL.8788.write.1.tlog
C:\Users\Rafita\Desktop\COSAS\COSAS RAGNAROK\Oboro\Oboro-eAmod-Harmony\vcproj-10\char-server_sql\Release\cl.command.1.tlog
C:\Users\Rafita\Desktop\COSAS\COSAS RAGNAROK\Oboro\Oboro-eAmod-Harmony\vcproj-10\char-server_sql\Release\CL.read.1.tlog
C:\Users\Rafita\Desktop\COSAS\COSAS RAGNAROK\Oboro\Oboro-eAmod-Harmony\vcproj-10\char-server_sql\Release\cl.write.1.tlog
C:\Users\Rafita\Desktop\COSAS\COSAS RAGNAROK\Oboro\Oboro-eAmod-Harmony\vcproj-10\char-server_sql\Release\harmonycore.obj
C:\Users\Rafita\Desktop\COSAS\COSAS RAGNAROK\Oboro\Oboro-eAmod-Harmony\vcproj-10\char-server_sql\Release\int_achievement.obj
C:\Users\Rafita\Desktop\COSAS\COSAS RAGNAROK\Oboro\Oboro-eAmod-Harmony\vcproj-10\char-server_sql\Release\int_auction.obj
C:\Users\Rafita\Desktop\COSAS\COSAS RAGNAROK\Oboro\Oboro-eAmod-Harmony\vcproj-10\char-server_sql\Release\int_guild.obj
C:\Users\Rafita\Desktop\COSAS\COSAS RAGNAROK\Oboro\Oboro-eAmod-Harmony\vcproj-10\char-server_sql\Release\int_homun.obj
C:\Users\Rafita\Desktop\COSAS\COSAS RAGNAROK\Oboro\Oboro-eAmod-Harmony\vcproj-10\char-server_sql\Release\int_mail.obj
C:\Users\Rafita\Desktop\COSAS\COSAS RAGNAROK\Oboro\Oboro-eAmod-Harmony\vcproj-10\char-server_sql\Release\int_mercenary.obj
C:\Users\Rafita\Desktop\COSAS\COSAS RAGNAROK\Oboro\Oboro-eAmod-Harmony\vcproj-10\char-server_sql\Release\int_party.obj
C:\Users\Rafita\Desktop\COSAS\COSAS RAGNAROK\Oboro\Oboro-eAmod-Harmony\vcproj-10\char-server_sql\Release\int_pet.obj
C:\Users\Rafita\Desktop\COSAS\COSAS RAGNAROK\Oboro\Oboro-eAmod-Harmony\vcproj-10\char-server_sql\Release\int_quest.obj
C:\Users\Rafita\Desktop\COSAS\COSAS RAGNAROK\Oboro\Oboro-eAmod-Harmony\vcproj-10\char-server_sql\Release\int_storage.obj
C:\Users\Rafita\Desktop\COSAS\COSAS RAGNAROK\Oboro\Oboro-eAmod-Harmony\vcproj-10\char-server_sql\Release\inter.obj
C:\Users\Rafita\Desktop\COSAS\COSAS RAGNAROK\Oboro\Oboro-eAmod-Harmony\vcproj-10\char-server_sql\Release\link.command.1.tlog
C:\Users\Rafita\Desktop\COSAS\COSAS RAGNAROK\Oboro\Oboro-eAmod-Harmony\vcproj-10\char-server_sql\Release\link.read.1.tlog
C:\Users\Rafita\Desktop\COSAS\COSAS RAGNAROK\Oboro\Oboro-eAmod-Harmony\vcproj-10\char-server_sql\Release\link.write.1.tlog
C:\Users\Rafita\Desktop\COSAS\COSAS RAGNAROK\Oboro\Oboro-eAmod-Harmony\vcproj-10\char-server_sql\Release\mt.command.1.tlog
C:\Users\Rafita\Desktop\COSAS\COSAS RAGNAROK\Oboro\Oboro-eAmod-Harmony\vcproj-10\char-server_sql\Release\mt.read.1.tlog
C:\Users\Rafita\Desktop\COSAS\COSAS RAGNAROK\Oboro\Oboro-eAmod-Harmony\vcproj-10\char-server_sql\Release\mt.write.1.tlog
C:\Users\Rafita\Desktop\COSAS\COSAS RAGNAROK\Oboro\Oboro-eAmod-Harmony\vcproj-10\char-server_sql\Release\vc100.pdb
C:\USERS\RAFITA\DESKTOP\COSAS\COSAS RAGNAROK\OBORO\OBORO-EMULATOR-HARMONY\CHAR-SERVER_SQL.EXE
C:\USERS\RAFITA\DESKTOP\COSAS\COSAS RAGNAROK\OBORO\OBORO-EMULATOR-HARMONY\CHAR-SERVER_SQL.PDB
C:\USERS\RAFITA\DESKTOP\COSAS\COSAS RAGNAROK\OBORO\OBORO-EMULATOR-HARMONY\VCPROJ-10\CHAR-SERVER_SQL\RELEASE\CHAR-SERVER_SQL.EXE.INTERMEDIATE.MANIFEST
C:\USERS\RAFITA\DESKTOP\COSAS\COSAS RAGNAROK\OBORO\OBORO-EMULATOR-HARMONY\VCPROJ-10\CHAR-SERVER_SQL\RELEASE\VC100.PDB
