Build started 10/05/2017 08:43:42 p.m..
     1>Project "C:\Users\Rafita\Desktop\COSAS\COSAS RAGNAROK\Oboro\Oboro-rAmod\vcproj-10\login-server.vcxproj" on node 2 (build target(s)).
     1>InitializeBuildStatus:
         Touching "login-server\Release\login-server.unsuccessfulbuild".
       ClCompile:
         All outputs are up-to-date.
       Link:
         C:\Program Files (x86)\Microsoft Visual Studio 10.0\VC\bin\link.exe /ERRORREPORT:PROMPT /OUT:"..\login-server.exe" /INCREMENTAL:NO /NOLOGO /LIBPATH:..\3rdparty\mysql\lib libcmt.lib oldnames.lib ws2_32.lib libmysql.lib kernel32.lib user32.lib gdi32.lib winspool.lib comdlg32.lib advapi32.lib shell32.lib ole32.lib oleaut32.lib uuid.lib odbc32.lib odbccp32.lib /NODEFAULTLIB /MANIFEST /ManifestFile:"login-server\Release\login-server.exe.intermediate.manifest" /MANIFESTUAC:"level='asInvoker' uiAccess='false'" /DEBUG /PDB:"..\login-server.pdb" /SUBSYSTEM:CONSOLE /OPT:REF /OPT:ICF /LTCG /TLBID:1 /DYNAMICBASE:NO /IMPLIB:"..\login-server.lib" /MACHINE:X86 "login-server\Release\grammar.obj"
         "login-server\Release\libconfig.obj"
         "login-server\Release\scanctx.obj"
         "login-server\Release\scanner.obj"
         "login-server\Release\strbuf.obj"
         "login-server\Release\mt19937ar.obj"
         "login-server\Release\conf.obj"
         "login-server\Release\mempool.obj"
         "login-server\Release\mutex.obj"
         "login-server\Release\raconf.obj"
         "login-server\Release\thread.obj"
         "login-server\Release\core.obj"
         "login-server\Release\db.obj"
         "login-server\Release\ers.obj"
         "login-server\Release\malloc.obj"
         "login-server\Release\md5calc.obj"
         "login-server\Release\nullpo.obj"
         "login-server\Release\random.obj"
         "login-server\Release\showmsg.obj"
         "login-server\Release\socket.obj"
         "login-server\Release\sql.obj"
         "login-server\Release\strlib.obj"
         "login-server\Release\timer.obj"
         "login-server\Release\utils.obj"
         "login-server\Release\msg_conf.obj"
         "login-server\Release\cli.obj"
         "login-server\Release\account.obj"
         "login-server\Release\ipban.obj"
         "login-server\Release\login.obj"
         "login-server\Release\loginchrif.obj"
         "login-server\Release\loginclif.obj"
         "login-server\Release\logincnslif.obj"
         "login-server\Release\loginlog.obj"
         Generating code
         Finished generating code
         login-server.vcxproj -> C:\Users\Rafita\Desktop\COSAS\COSAS RAGNAROK\Oboro\Oboro-rAmod\vcproj-10\..\login-server.exe
       Manifest:
         C:\Program Files (x86)\Microsoft SDKs\Windows\v7.0A\bin\mt.exe /nologo /verbose /outputresource:"..\login-server.exe;#1" /manifest "login-server\Release\login-server.exe.intermediate.manifest"
       FinalizeBuildStatus:
         Deleting file "login-server\Release\login-server.unsuccessfulbuild".
         Touching "login-server\Release\login-server.lastbuildstate".
     1>Done Building Project "C:\Users\Rafita\Desktop\COSAS\COSAS RAGNAROK\Oboro\Oboro-rAmod\vcproj-10\login-server.vcxproj" (build target(s)).

Build succeeded.

Time Elapsed 00:00:01.02
