..\char-server_sql.pdb
C:\USERS\RAFITA\DESKTOP\OBORO-HARMONY\CHAR-SERVER_SQL.EXE
C:\USERS\RAFITA\DESKTOP\OBORO-HARMONY\CHAR-SERVER_SQL.PDB
C:\USERS\RAFITA\DESKTOP\OBORO-HARMONY\VCPROJ-10\CHAR-SERVER_SQL\RELEASE\CHAR-SERVER_SQL.EXE.INTERMEDIATE.MANIFEST
C:\USERS\RAFITA\DESKTOP\OBORO-HARMONY\VCPROJ-10\CHAR-SERVER_SQL\RELEASE\VC100.PDB
C:\USERS\RAFITA\DESKTOP\OBORO-NO-HARMONY\CHAR-SERVER_SQL.EXE
C:\USERS\RAFITA\DESKTOP\OBORO-NO-HARMONY\CHAR-SERVER_SQL.PDB
C:\Users\Rafita\Desktop\Oboro-No-Harmony\vcproj-10\..\char-server_sql.exe
C:\USERS\RAFITA\DESKTOP\OBORO-NO-HARMONY\VCPROJ-10\CHAR-SERVER_SQL\RELEASE\CHAR.OBJ
C:\USERS\RAFITA\DESKTOP\OBORO-NO-HARMONY\VCPROJ-10\CHAR-SERVER_SQL\RELEASE\CHAR-SERVER_SQL.EXE.INTERMEDIATE.MANIFEST
C:\Users\Rafita\Desktop\Oboro-No-Harmony\vcproj-10\char-server_sql\Release\char-server_sql.vcxprojResolveAssemblyReference.cache
C:\Users\Rafita\Desktop\Oboro-No-Harmony\vcproj-10\char-server_sql\Release\char-server_sql.write.1.tlog
C:\Users\Rafita\Desktop\Oboro-No-Harmony\vcproj-10\char-server_sql\Release\CL.1144.read.1.tlog
C:\Users\Rafita\Desktop\Oboro-No-Harmony\vcproj-10\char-server_sql\Release\CL.1144.write.1.tlog
C:\Users\Rafita\Desktop\Oboro-No-Harmony\vcproj-10\char-server_sql\Release\CL.1548.read.1.tlog
C:\Users\Rafita\Desktop\Oboro-No-Harmony\vcproj-10\char-server_sql\Release\CL.1548.write.1.tlog
C:\Users\Rafita\Desktop\Oboro-No-Harmony\vcproj-10\char-server_sql\Release\CL.1972.read.1.tlog
C:\Users\Rafita\Desktop\Oboro-No-Harmony\vcproj-10\char-server_sql\Release\CL.1972.write.1.tlog
C:\Users\Rafita\Desktop\Oboro-No-Harmony\vcproj-10\char-server_sql\Release\CL.2108.read.1.tlog
C:\Users\Rafita\Desktop\Oboro-No-Harmony\vcproj-10\char-server_sql\Release\CL.2108.write.1.tlog
C:\Users\Rafita\Desktop\Oboro-No-Harmony\vcproj-10\char-server_sql\Release\CL.3004.read.1.tlog
C:\Users\Rafita\Desktop\Oboro-No-Harmony\vcproj-10\char-server_sql\Release\CL.3004.write.1.tlog
C:\Users\Rafita\Desktop\Oboro-No-Harmony\vcproj-10\char-server_sql\Release\CL.3324.read.1.tlog
C:\Users\Rafita\Desktop\Oboro-No-Harmony\vcproj-10\char-server_sql\Release\CL.3324.write.1.tlog
C:\Users\Rafita\Desktop\Oboro-No-Harmony\vcproj-10\char-server_sql\Release\CL.4092.read.1.tlog
C:\Users\Rafita\Desktop\Oboro-No-Harmony\vcproj-10\char-server_sql\Release\CL.4092.write.1.tlog
C:\Users\Rafita\Desktop\Oboro-No-Harmony\vcproj-10\char-server_sql\Release\CL.5016.read.1.tlog
C:\Users\Rafita\Desktop\Oboro-No-Harmony\vcproj-10\char-server_sql\Release\CL.5016.write.1.tlog
C:\Users\Rafita\Desktop\Oboro-No-Harmony\vcproj-10\char-server_sql\Release\CL.5592.read.1.tlog
C:\Users\Rafita\Desktop\Oboro-No-Harmony\vcproj-10\char-server_sql\Release\CL.5592.write.1.tlog
C:\Users\Rafita\Desktop\Oboro-No-Harmony\vcproj-10\char-server_sql\Release\CL.6088.read.1.tlog
C:\Users\Rafita\Desktop\Oboro-No-Harmony\vcproj-10\char-server_sql\Release\CL.6088.write.1.tlog
C:\Users\Rafita\Desktop\Oboro-No-Harmony\vcproj-10\char-server_sql\Release\CL.6460.read.1.tlog
C:\Users\Rafita\Desktop\Oboro-No-Harmony\vcproj-10\char-server_sql\Release\CL.6460.write.1.tlog
C:\Users\Rafita\Desktop\Oboro-No-Harmony\vcproj-10\char-server_sql\Release\CL.6496.read.1.tlog
C:\Users\Rafita\Desktop\Oboro-No-Harmony\vcproj-10\char-server_sql\Release\CL.6496.write.1.tlog
C:\Users\Rafita\Desktop\Oboro-No-Harmony\vcproj-10\char-server_sql\Release\CL.7064.read.1.tlog
C:\Users\Rafita\Desktop\Oboro-No-Harmony\vcproj-10\char-server_sql\Release\CL.7064.write.1.tlog
C:\Users\Rafita\Desktop\Oboro-No-Harmony\vcproj-10\char-server_sql\Release\CL.7136.read.1.tlog
C:\Users\Rafita\Desktop\Oboro-No-Harmony\vcproj-10\char-server_sql\Release\CL.7136.write.1.tlog
C:\Users\Rafita\Desktop\Oboro-No-Harmony\vcproj-10\char-server_sql\Release\CL.7460.read.1.tlog
C:\Users\Rafita\Desktop\Oboro-No-Harmony\vcproj-10\char-server_sql\Release\CL.7460.write.1.tlog
C:\Users\Rafita\Desktop\Oboro-No-Harmony\vcproj-10\char-server_sql\Release\CL.828.read.1.tlog
C:\Users\Rafita\Desktop\Oboro-No-Harmony\vcproj-10\char-server_sql\Release\CL.828.write.1.tlog
C:\Users\Rafita\Desktop\Oboro-No-Harmony\vcproj-10\char-server_sql\Release\cl.command.1.tlog
C:\Users\Rafita\Desktop\Oboro-No-Harmony\vcproj-10\char-server_sql\Release\CL.read.1.tlog
C:\Users\Rafita\Desktop\Oboro-No-Harmony\vcproj-10\char-server_sql\Release\cl.write.1.tlog
C:\Users\Rafita\Desktop\Oboro-No-Harmony\vcproj-10\char-server_sql\Release\harmonycore.obj
C:\USERS\RAFITA\DESKTOP\OBORO-NO-HARMONY\VCPROJ-10\CHAR-SERVER_SQL\RELEASE\INT_ACHIEVEMENT.OBJ
C:\USERS\RAFITA\DESKTOP\OBORO-NO-HARMONY\VCPROJ-10\CHAR-SERVER_SQL\RELEASE\INT_AUCTION.OBJ
C:\USERS\RAFITA\DESKTOP\OBORO-NO-HARMONY\VCPROJ-10\CHAR-SERVER_SQL\RELEASE\INT_GUILD.OBJ
C:\USERS\RAFITA\DESKTOP\OBORO-NO-HARMONY\VCPROJ-10\CHAR-SERVER_SQL\RELEASE\INT_HOMUN.OBJ
C:\USERS\RAFITA\DESKTOP\OBORO-NO-HARMONY\VCPROJ-10\CHAR-SERVER_SQL\RELEASE\INT_MAIL.OBJ
C:\USERS\RAFITA\DESKTOP\OBORO-NO-HARMONY\VCPROJ-10\CHAR-SERVER_SQL\RELEASE\INT_MERCENARY.OBJ
C:\USERS\RAFITA\DESKTOP\OBORO-NO-HARMONY\VCPROJ-10\CHAR-SERVER_SQL\RELEASE\INT_PARTY.OBJ
C:\USERS\RAFITA\DESKTOP\OBORO-NO-HARMONY\VCPROJ-10\CHAR-SERVER_SQL\RELEASE\INT_PET.OBJ
C:\USERS\RAFITA\DESKTOP\OBORO-NO-HARMONY\VCPROJ-10\CHAR-SERVER_SQL\RELEASE\INT_QUEST.OBJ
C:\USERS\RAFITA\DESKTOP\OBORO-NO-HARMONY\VCPROJ-10\CHAR-SERVER_SQL\RELEASE\INT_STORAGE.OBJ
C:\USERS\RAFITA\DESKTOP\OBORO-NO-HARMONY\VCPROJ-10\CHAR-SERVER_SQL\RELEASE\INTER.OBJ
C:\Users\Rafita\Desktop\Oboro-No-Harmony\vcproj-10\char-server_sql\Release\link.command.1.tlog
C:\Users\Rafita\Desktop\Oboro-No-Harmony\vcproj-10\char-server_sql\Release\link.read.1.tlog
C:\Users\Rafita\Desktop\Oboro-No-Harmony\vcproj-10\char-server_sql\Release\link.write.1.tlog
C:\Users\Rafita\Desktop\Oboro-No-Harmony\vcproj-10\char-server_sql\Release\mt.command.1.tlog
C:\Users\Rafita\Desktop\Oboro-No-Harmony\vcproj-10\char-server_sql\Release\mt.read.1.tlog
C:\Users\Rafita\Desktop\Oboro-No-Harmony\vcproj-10\char-server_sql\Release\mt.write.1.tlog
C:\USERS\RAFITA\DESKTOP\OBORO-NO-HARMONY\VCPROJ-10\CHAR-SERVER_SQL\RELEASE\VC100.PDB
