Build started 10/05/2017 08:43:09 p.m..
     1>Project "C:\Users\Rafita\Desktop\COSAS\COSAS RAGNAROK\Oboro\Oboro-rAmod\vcproj-10\char-server.vcxproj" on node 4 (build target(s)).
     1>InitializeBuildStatus:
         Creating "char-server\Release\char-server.unsuccessfulbuild" because "AlwaysCreate" was specified.
       ClCompile:
         C:\Program Files (x86)\Microsoft Visual Studio 10.0\VC\bin\CL.exe /c /I..\3rdparty\libconfig /I..\3rdparty\mysql\include /I..\3rdparty\msinttypes\include /I..\3rdparty\mt19937ar /Zi /nologo /W3 /WX- /MP /O2 /Ob2 /Oi /Ot /Oy /GT /GL /D WIN32 /D _WIN32 /D __WIN32 /D NDEBUG /D _CRT_SECURE_NO_DEPRECATE /D _CRT_NONSTDC_NO_DEPRECATE /D LIBCONFIG_STATIC /D YY_USE_CONST /D FD_SETSIZE=4096 /D _VC80_UPGRADE=0x0710 /D _MBCS /GF /Gm- /EHsc /MT /GS /fp:precise /Zc:wchar_t /Zc:forScope /Fo"char-server\Release\\" /Fd"char-server\Release\vc100.pdb" /Gd /TC /wd4800 /analyze- /errorReport:prompt ..\3rdparty\libconfig\grammar.c ..\3rdparty\libconfig\libconfig.c ..\3rdparty\libconfig\scanctx.c ..\3rdparty\libconfig\scanner.c ..\3rdparty\libconfig\strbuf.c ..\3rdparty\mt19937ar\mt19937ar.c ..\src\common\conf.c ..\src\common\core.c ..\src\common\db.c ..\src\common\ers.c ..\src\common\malloc.c ..\src\common\mapindex.c ..\src\common\mempool.c ..\src\common\mutex.c ..\src\common\nullpo.c ..\src\common\raconf.c ..\src\common\random.c ..\src\common\showmsg.c ..\src\common\socket.c ..\src\common\sql.c ..\src\common\strlib.c ..\src\common\thread.c ..\src\common\timer.c ..\src\common\utils.c ..\src\common\msg_conf.c ..\src\common\cli.c ..\src\char\char.c ..\src\char\char_clif.c ..\src\char\char_cnslif.c ..\src\char\char_logif.c ..\src\char\char_mapif.c ..\src\char\int_achievement.c ..\src\char\int_auction.c ..\src\char\int_elemental.c ..\src\char\int_guild.c ..\src\char\int_homun.c ..\src\char\int_mail.c ..\src\char\int_mercenary.c ..\src\char\int_party.c ..\src\char\int_pet.c ..\src\char\int_quest.c ..\src\char\int_storage.c ..\src\char\inter.c
         grammar.c
         libconfig.c
         scanctx.c
         scanner.c
         strbuf.c
         mt19937ar.c
         conf.c
         core.c
         db.c
         ers.c
         malloc.c
         mapindex.c
         mempool.c
         mutex.c
         nullpo.c
         raconf.c
         random.c
         showmsg.c
         socket.c
         sql.c
         strlib.c
         thread.c
         timer.c
         utils.c
         msg_conf.c
         cli.c
         char.c
         char_clif.c
         char_cnslif.c
         char_logif.c
         char_mapif.c
         int_achievement.c
         int_auction.c
         int_elemental.c
         int_guild.c
         int_homun.c
         int_mail.c
         int_mercenary.c
         int_party.c
         int_pet.c
         int_quest.c
         int_storage.c
         inter.c
       Link:
         C:\Program Files (x86)\Microsoft Visual Studio 10.0\VC\bin\link.exe /ERRORREPORT:PROMPT /OUT:"..\char-server.exe" /INCREMENTAL:NO /NOLOGO /LIBPATH:..\3rdparty\mysql\lib libcmt.lib oldnames.lib ws2_32.lib libmysql.lib kernel32.lib user32.lib gdi32.lib winspool.lib comdlg32.lib advapi32.lib shell32.lib ole32.lib oleaut32.lib uuid.lib odbc32.lib odbccp32.lib /NODEFAULTLIB /MANIFEST /ManifestFile:"char-server\Release\char-server.exe.intermediate.manifest" /MANIFESTUAC:"level='asInvoker' uiAccess='false'" /DEBUG /PDB:"..\char-server.pdb" /SUBSYSTEM:CONSOLE /OPT:REF /OPT:ICF /LTCG /TLBID:1 /DYNAMICBASE:NO /IMPLIB:"..\char-server.lib" /MACHINE:X86 "char-server\Release\grammar.obj"
         "char-server\Release\libconfig.obj"
         "char-server\Release\scanctx.obj"
         "char-server\Release\scanner.obj"
         "char-server\Release\strbuf.obj"
         "char-server\Release\mt19937ar.obj"
         "char-server\Release\conf.obj"
         "char-server\Release\core.obj"
         "char-server\Release\db.obj"
         "char-server\Release\ers.obj"
         "char-server\Release\malloc.obj"
         "char-server\Release\mapindex.obj"
         "char-server\Release\mempool.obj"
         "char-server\Release\mutex.obj"
         "char-server\Release\nullpo.obj"
         "char-server\Release\raconf.obj"
         "char-server\Release\random.obj"
         "char-server\Release\showmsg.obj"
         "char-server\Release\socket.obj"
         "char-server\Release\sql.obj"
         "char-server\Release\strlib.obj"
         "char-server\Release\thread.obj"
         "char-server\Release\timer.obj"
         "char-server\Release\utils.obj"
         "char-server\Release\msg_conf.obj"
         "char-server\Release\cli.obj"
         "char-server\Release\char.obj"
         "char-server\Release\char_clif.obj"
         "char-server\Release\char_cnslif.obj"
         "char-server\Release\char_logif.obj"
         "char-server\Release\char_mapif.obj"
         "char-server\Release\int_achievement.obj"
         "char-server\Release\int_auction.obj"
         "char-server\Release\int_elemental.obj"
         "char-server\Release\int_guild.obj"
         "char-server\Release\int_homun.obj"
         "char-server\Release\int_mail.obj"
         "char-server\Release\int_mercenary.obj"
         "char-server\Release\int_party.obj"
         "char-server\Release\int_pet.obj"
         "char-server\Release\int_quest.obj"
         "char-server\Release\int_storage.obj"
         "char-server\Release\inter.obj"
         Generating code
         Finished generating code
         char-server.vcxproj -> C:\Users\Rafita\Desktop\COSAS\COSAS RAGNAROK\Oboro\Oboro-rAmod\vcproj-10\..\char-server.exe
       Manifest:
         C:\Program Files (x86)\Microsoft SDKs\Windows\v7.0A\bin\mt.exe /nologo /verbose /outputresource:"..\char-server.exe;#1" /manifest "char-server\Release\char-server.exe.intermediate.manifest"
       FinalizeBuildStatus:
         Deleting file "char-server\Release\char-server.unsuccessfulbuild".
         Touching "char-server\Release\char-server.lastbuildstate".
     1>Done Building Project "C:\Users\Rafita\Desktop\COSAS\COSAS RAGNAROK\Oboro\Oboro-rAmod\vcproj-10\char-server.vcxproj" (build target(s)).

Build succeeded.

Time Elapsed 00:00:05.85
