C:\Users\Rafita\Desktop\rAmod\vcproj-10\login-server\Debug\account.obj
C:\Users\Rafita\Desktop\rAmod\vcproj-10\login-server\Debug\CL.9664.read.1.tlog
C:\Users\Rafita\Desktop\rAmod\vcproj-10\login-server\Debug\CL.9664.write.1.tlog
C:\Users\Rafita\Desktop\rAmod\vcproj-10\login-server\Debug\CL.9672.read.1.tlog
C:\Users\Rafita\Desktop\rAmod\vcproj-10\login-server\Debug\CL.9672.write.1.tlog
C:\Users\Rafita\Desktop\rAmod\vcproj-10\login-server\Debug\CL.9704.read.1.tlog
C:\Users\Rafita\Desktop\rAmod\vcproj-10\login-server\Debug\CL.9704.write.1.tlog
C:\Users\Rafita\Desktop\rAmod\vcproj-10\login-server\Debug\CL.9728.read.1.tlog
C:\Users\Rafita\Desktop\rAmod\vcproj-10\login-server\Debug\CL.9728.write.1.tlog
C:\Users\Rafita\Desktop\rAmod\vcproj-10\login-server\Debug\CL.9736.read.1.tlog
C:\Users\Rafita\Desktop\rAmod\vcproj-10\login-server\Debug\CL.9736.write.1.tlog
C:\Users\Rafita\Desktop\rAmod\vcproj-10\login-server\Debug\CL.9744.read.1.tlog
C:\Users\Rafita\Desktop\rAmod\vcproj-10\login-server\Debug\CL.9744.write.1.tlog
C:\Users\Rafita\Desktop\rAmod\vcproj-10\login-server\Debug\CL.9772.read.1.tlog
C:\Users\Rafita\Desktop\rAmod\vcproj-10\login-server\Debug\CL.9772.write.1.tlog
C:\Users\Rafita\Desktop\rAmod\vcproj-10\login-server\Debug\CL.9788.read.1.tlog
C:\Users\Rafita\Desktop\rAmod\vcproj-10\login-server\Debug\CL.9788.write.1.tlog
C:\Users\Rafita\Desktop\rAmod\vcproj-10\login-server\Debug\cl.command.1.tlog
C:\Users\Rafita\Desktop\rAmod\vcproj-10\login-server\Debug\CL.read.1.tlog
C:\Users\Rafita\Desktop\rAmod\vcproj-10\login-server\Debug\cl.write.1.tlog
C:\Users\Rafita\Desktop\rAmod\vcproj-10\login-server\Debug\cli.obj
C:\Users\Rafita\Desktop\rAmod\vcproj-10\login-server\Debug\conf.obj
C:\Users\Rafita\Desktop\rAmod\vcproj-10\login-server\Debug\core.obj
C:\Users\Rafita\Desktop\rAmod\vcproj-10\login-server\Debug\db.obj
C:\Users\Rafita\Desktop\rAmod\vcproj-10\login-server\Debug\ers.obj
C:\Users\Rafita\Desktop\rAmod\vcproj-10\login-server\Debug\grammar.obj
C:\Users\Rafita\Desktop\rAmod\vcproj-10\login-server\Debug\ipban.obj
C:\Users\Rafita\Desktop\rAmod\vcproj-10\login-server\Debug\libconfig.obj
C:\Users\Rafita\Desktop\rAmod\vcproj-10\login-server\Debug\link.command.1.tlog
C:\Users\Rafita\Desktop\rAmod\vcproj-10\login-server\Debug\link.read.1.tlog
C:\Users\Rafita\Desktop\rAmod\vcproj-10\login-server\Debug\link.write.1.tlog
C:\Users\Rafita\Desktop\rAmod\vcproj-10\login-server\Debug\login.obj
C:\Users\Rafita\Desktop\rAmod\vcproj-10\login-server\Debug\loginchrif.obj
C:\Users\Rafita\Desktop\rAmod\vcproj-10\login-server\Debug\loginclif.obj
C:\Users\Rafita\Desktop\rAmod\vcproj-10\login-server\Debug\logincnslif.obj
C:\Users\Rafita\Desktop\rAmod\vcproj-10\login-server\Debug\loginlog.obj
C:\Users\Rafita\Desktop\rAmod\vcproj-10\login-server\Debug\login-server.exe.embed.manifest
C:\USERS\RAFITA\DESKTOP\RAMOD\VCPROJ-10\LOGIN-SERVER\DEBUG\LOGIN-SERVER.EXE.EMBED.MANIFEST.RES
C:\Users\Rafita\Desktop\rAmod\vcproj-10\login-server\Debug\login-server.vcxprojResolveAssemblyReference.cache
C:\Users\Rafita\Desktop\rAmod\vcproj-10\login-server\Debug\login-server.write.1.tlog
C:\Users\Rafita\Desktop\rAmod\vcproj-10\login-server\Debug\login-server_manifest.rc
C:\Users\Rafita\Desktop\rAmod\vcproj-10\login-server\Debug\malloc.obj
C:\Users\Rafita\Desktop\rAmod\vcproj-10\login-server\Debug\md5calc.obj
C:\Users\Rafita\Desktop\rAmod\vcproj-10\login-server\Debug\mempool.obj
C:\Users\Rafita\Desktop\rAmod\vcproj-10\login-server\Debug\msg_conf.obj
C:\Users\Rafita\Desktop\rAmod\vcproj-10\login-server\Debug\mt19937ar.obj
C:\Users\Rafita\Desktop\rAmod\vcproj-10\login-server\Debug\mutex.obj
C:\Users\Rafita\Desktop\rAmod\vcproj-10\login-server\Debug\nullpo.obj
C:\Users\Rafita\Desktop\rAmod\vcproj-10\login-server\Debug\raconf.obj
C:\Users\Rafita\Desktop\rAmod\vcproj-10\login-server\Debug\random.obj
C:\Users\Rafita\Desktop\rAmod\vcproj-10\login-server\Debug\rc.command.1.tlog
C:\Users\Rafita\Desktop\rAmod\vcproj-10\login-server\Debug\rc.read.1.tlog
C:\Users\Rafita\Desktop\rAmod\vcproj-10\login-server\Debug\rc.write.1.tlog
C:\Users\Rafita\Desktop\rAmod\vcproj-10\login-server\Debug\scanctx.obj
C:\Users\Rafita\Desktop\rAmod\vcproj-10\login-server\Debug\scanner.obj
C:\Users\Rafita\Desktop\rAmod\vcproj-10\login-server\Debug\showmsg.obj
C:\Users\Rafita\Desktop\rAmod\vcproj-10\login-server\Debug\socket.obj
C:\Users\Rafita\Desktop\rAmod\vcproj-10\login-server\Debug\sql.obj
C:\Users\Rafita\Desktop\rAmod\vcproj-10\login-server\Debug\strbuf.obj
C:\Users\Rafita\Desktop\rAmod\vcproj-10\login-server\Debug\strlib.obj
C:\Users\Rafita\Desktop\rAmod\vcproj-10\login-server\Debug\thread.obj
C:\Users\Rafita\Desktop\rAmod\vcproj-10\login-server\Debug\timer.obj
C:\Users\Rafita\Desktop\rAmod\vcproj-10\login-server\Debug\utils.obj
C:\Users\Rafita\Desktop\rAmod\vcproj-10\login-server\Debug\vc100.idb
C:\USERS\RAFITA\DESKTOP\RAMOD\VCPROJ-10\LOGIN-SERVER\DEBUG\VC100.PDB
