..\login-server.pdb
C:\USERS\RAFITA\DESKTOP\RAMOD\LOGIN-SERVER.EXE
C:\USERS\RAFITA\DESKTOP\RAMOD\LOGIN-SERVER.PDB
C:\Users\Rafita\Desktop\rAmod\vcproj-10\..\login-server.exe
C:\Users\Rafita\Desktop\rAmod\vcproj-10\login-server\Release\account.obj
C:\Users\Rafita\Desktop\rAmod\vcproj-10\login-server\Release\CL.3096.read.1.tlog
C:\Users\Rafita\Desktop\rAmod\vcproj-10\login-server\Release\CL.3096.write.1.tlog
C:\Users\Rafita\Desktop\rAmod\vcproj-10\login-server\Release\CL.5652.read.1.tlog
C:\Users\Rafita\Desktop\rAmod\vcproj-10\login-server\Release\CL.5652.write.1.tlog
C:\Users\Rafita\Desktop\rAmod\vcproj-10\login-server\Release\CL.6348.read.1.tlog
C:\Users\Rafita\Desktop\rAmod\vcproj-10\login-server\Release\CL.6348.write.1.tlog
C:\Users\Rafita\Desktop\rAmod\vcproj-10\login-server\Release\CL.7356.read.1.tlog
C:\Users\Rafita\Desktop\rAmod\vcproj-10\login-server\Release\CL.7356.write.1.tlog
C:\Users\Rafita\Desktop\rAmod\vcproj-10\login-server\Release\CL.7572.read.1.tlog
C:\Users\Rafita\Desktop\rAmod\vcproj-10\login-server\Release\CL.7572.write.1.tlog
C:\Users\Rafita\Desktop\rAmod\vcproj-10\login-server\Release\CL.7948.read.1.tlog
C:\Users\Rafita\Desktop\rAmod\vcproj-10\login-server\Release\CL.7948.write.1.tlog
C:\Users\Rafita\Desktop\rAmod\vcproj-10\login-server\Release\CL.8060.read.1.tlog
C:\Users\Rafita\Desktop\rAmod\vcproj-10\login-server\Release\CL.8060.write.1.tlog
C:\Users\Rafita\Desktop\rAmod\vcproj-10\login-server\Release\CL.8108.read.1.tlog
C:\Users\Rafita\Desktop\rAmod\vcproj-10\login-server\Release\CL.8108.write.1.tlog
C:\Users\Rafita\Desktop\rAmod\vcproj-10\login-server\Release\cl.command.1.tlog
C:\Users\Rafita\Desktop\rAmod\vcproj-10\login-server\Release\CL.read.1.tlog
C:\Users\Rafita\Desktop\rAmod\vcproj-10\login-server\Release\cl.write.1.tlog
C:\Users\Rafita\Desktop\rAmod\vcproj-10\login-server\Release\cli.obj
C:\Users\Rafita\Desktop\rAmod\vcproj-10\login-server\Release\conf.obj
C:\Users\Rafita\Desktop\rAmod\vcproj-10\login-server\Release\core.obj
C:\Users\Rafita\Desktop\rAmod\vcproj-10\login-server\Release\db.obj
C:\Users\Rafita\Desktop\rAmod\vcproj-10\login-server\Release\ers.obj
C:\Users\Rafita\Desktop\rAmod\vcproj-10\login-server\Release\grammar.obj
C:\Users\Rafita\Desktop\rAmod\vcproj-10\login-server\Release\ipban.obj
C:\Users\Rafita\Desktop\rAmod\vcproj-10\login-server\Release\libconfig.obj
C:\Users\Rafita\Desktop\rAmod\vcproj-10\login-server\Release\link.command.1.tlog
C:\Users\Rafita\Desktop\rAmod\vcproj-10\login-server\Release\link.read.1.tlog
C:\Users\Rafita\Desktop\rAmod\vcproj-10\login-server\Release\link.write.1.tlog
C:\Users\Rafita\Desktop\rAmod\vcproj-10\login-server\Release\login.obj
C:\Users\Rafita\Desktop\rAmod\vcproj-10\login-server\Release\loginchrif.obj
C:\Users\Rafita\Desktop\rAmod\vcproj-10\login-server\Release\loginclif.obj
C:\Users\Rafita\Desktop\rAmod\vcproj-10\login-server\Release\logincnslif.obj
C:\Users\Rafita\Desktop\rAmod\vcproj-10\login-server\Release\loginlog.obj
C:\USERS\RAFITA\DESKTOP\RAMOD\VCPROJ-10\LOGIN-SERVER\RELEASE\LOGIN-SERVER.EXE.INTERMEDIATE.MANIFEST
C:\Users\Rafita\Desktop\rAmod\vcproj-10\login-server\Release\login-server.write.1.tlog
C:\Users\Rafita\Desktop\rAmod\vcproj-10\login-server\Release\malloc.obj
C:\Users\Rafita\Desktop\rAmod\vcproj-10\login-server\Release\md5calc.obj
C:\Users\Rafita\Desktop\rAmod\vcproj-10\login-server\Release\mempool.obj
C:\Users\Rafita\Desktop\rAmod\vcproj-10\login-server\Release\msg_conf.obj
C:\Users\Rafita\Desktop\rAmod\vcproj-10\login-server\Release\mt.command.1.tlog
C:\Users\Rafita\Desktop\rAmod\vcproj-10\login-server\Release\mt.read.1.tlog
C:\Users\Rafita\Desktop\rAmod\vcproj-10\login-server\Release\mt.write.1.tlog
C:\Users\Rafita\Desktop\rAmod\vcproj-10\login-server\Release\mt19937ar.obj
C:\Users\Rafita\Desktop\rAmod\vcproj-10\login-server\Release\mutex.obj
C:\Users\Rafita\Desktop\rAmod\vcproj-10\login-server\Release\nullpo.obj
C:\Users\Rafita\Desktop\rAmod\vcproj-10\login-server\Release\raconf.obj
C:\Users\Rafita\Desktop\rAmod\vcproj-10\login-server\Release\random.obj
C:\Users\Rafita\Desktop\rAmod\vcproj-10\login-server\Release\scanctx.obj
C:\Users\Rafita\Desktop\rAmod\vcproj-10\login-server\Release\scanner.obj
C:\Users\Rafita\Desktop\rAmod\vcproj-10\login-server\Release\showmsg.obj
C:\Users\Rafita\Desktop\rAmod\vcproj-10\login-server\Release\socket.obj
C:\Users\Rafita\Desktop\rAmod\vcproj-10\login-server\Release\sql.obj
C:\Users\Rafita\Desktop\rAmod\vcproj-10\login-server\Release\strbuf.obj
C:\Users\Rafita\Desktop\rAmod\vcproj-10\login-server\Release\strlib.obj
C:\Users\Rafita\Desktop\rAmod\vcproj-10\login-server\Release\thread.obj
C:\Users\Rafita\Desktop\rAmod\vcproj-10\login-server\Release\timer.obj
C:\Users\Rafita\Desktop\rAmod\vcproj-10\login-server\Release\utils.obj
C:\USERS\RAFITA\DESKTOP\RAMOD\VCPROJ-10\LOGIN-SERVER\RELEASE\VC100.PDB
