C:\Users\Rafita\Desktop\COSAS\COSAS RAGNAROK\Oboro\Oboro-eAmod-Harmony\vcproj-10\common\Release\CL.2100.read.1.tlog
C:\Users\Rafita\Desktop\COSAS\COSAS RAGNAROK\Oboro\Oboro-eAmod-Harmony\vcproj-10\common\Release\CL.2100.write.1.tlog
C:\Users\Rafita\Desktop\COSAS\COSAS RAGNAROK\Oboro\Oboro-eAmod-Harmony\vcproj-10\common\Release\CL.3344.read.1.tlog
C:\Users\Rafita\Desktop\COSAS\COSAS RAGNAROK\Oboro\Oboro-eAmod-Harmony\vcproj-10\common\Release\CL.3344.write.1.tlog
C:\Users\Rafita\Desktop\COSAS\COSAS RAGNAROK\Oboro\Oboro-eAmod-Harmony\vcproj-10\common\Release\CL.5472.read.1.tlog
C:\Users\Rafita\Desktop\COSAS\COSAS RAGNAROK\Oboro\Oboro-eAmod-Harmony\vcproj-10\common\Release\CL.5472.write.1.tlog
C:\Users\Rafita\Desktop\COSAS\COSAS RAGNAROK\Oboro\Oboro-eAmod-Harmony\vcproj-10\common\Release\CL.5640.read.1.tlog
C:\Users\Rafita\Desktop\COSAS\COSAS RAGNAROK\Oboro\Oboro-eAmod-Harmony\vcproj-10\common\Release\CL.5640.write.1.tlog
C:\Users\Rafita\Desktop\COSAS\COSAS RAGNAROK\Oboro\Oboro-eAmod-Harmony\vcproj-10\common\Release\CL.6344.read.1.tlog
C:\Users\Rafita\Desktop\COSAS\COSAS RAGNAROK\Oboro\Oboro-eAmod-Harmony\vcproj-10\common\Release\CL.6344.write.1.tlog
C:\Users\Rafita\Desktop\COSAS\COSAS RAGNAROK\Oboro\Oboro-eAmod-Harmony\vcproj-10\common\Release\CL.7700.read.1.tlog
C:\Users\Rafita\Desktop\COSAS\COSAS RAGNAROK\Oboro\Oboro-eAmod-Harmony\vcproj-10\common\Release\CL.7700.write.1.tlog
C:\Users\Rafita\Desktop\COSAS\COSAS RAGNAROK\Oboro\Oboro-eAmod-Harmony\vcproj-10\common\Release\CL.7776.read.1.tlog
C:\Users\Rafita\Desktop\COSAS\COSAS RAGNAROK\Oboro\Oboro-eAmod-Harmony\vcproj-10\common\Release\CL.7776.write.1.tlog
C:\Users\Rafita\Desktop\COSAS\COSAS RAGNAROK\Oboro\Oboro-eAmod-Harmony\vcproj-10\common\Release\CL.8288.read.1.tlog
C:\Users\Rafita\Desktop\COSAS\COSAS RAGNAROK\Oboro\Oboro-eAmod-Harmony\vcproj-10\common\Release\CL.8288.write.1.tlog
C:\Users\Rafita\Desktop\COSAS\COSAS RAGNAROK\Oboro\Oboro-eAmod-Harmony\vcproj-10\common\Release\cl.command.1.tlog
C:\Users\Rafita\Desktop\COSAS\COSAS RAGNAROK\Oboro\Oboro-eAmod-Harmony\vcproj-10\common\Release\CL.read.1.tlog
C:\Users\Rafita\Desktop\COSAS\COSAS RAGNAROK\Oboro\Oboro-eAmod-Harmony\vcproj-10\common\Release\cl.write.1.tlog
C:\Users\Rafita\Desktop\COSAS\COSAS RAGNAROK\Oboro\Oboro-eAmod-Harmony\vcproj-10\common\Release\common.lib
C:\Users\Rafita\Desktop\COSAS\COSAS RAGNAROK\Oboro\Oboro-eAmod-Harmony\vcproj-10\common\Release\common.write.1.tlog
C:\Users\Rafita\Desktop\COSAS\COSAS RAGNAROK\Oboro\Oboro-eAmod-Harmony\vcproj-10\common\Release\core.obj
C:\Users\Rafita\Desktop\COSAS\COSAS RAGNAROK\Oboro\Oboro-eAmod-Harmony\vcproj-10\common\Release\db.obj
C:\Users\Rafita\Desktop\COSAS\COSAS RAGNAROK\Oboro\Oboro-eAmod-Harmony\vcproj-10\common\Release\des.obj
C:\Users\Rafita\Desktop\COSAS\COSAS RAGNAROK\Oboro\Oboro-eAmod-Harmony\vcproj-10\common\Release\ers.obj
C:\Users\Rafita\Desktop\COSAS\COSAS RAGNAROK\Oboro\Oboro-eAmod-Harmony\vcproj-10\common\Release\grfio.obj
C:\Users\Rafita\Desktop\COSAS\COSAS RAGNAROK\Oboro\Oboro-eAmod-Harmony\vcproj-10\common\Release\harmonycore.obj
C:\Users\Rafita\Desktop\COSAS\COSAS RAGNAROK\Oboro\Oboro-eAmod-Harmony\vcproj-10\common\Release\lib.command.1.tlog
C:\Users\Rafita\Desktop\COSAS\COSAS RAGNAROK\Oboro\Oboro-eAmod-Harmony\vcproj-10\common\Release\Lib-link.read.1.tlog
C:\Users\Rafita\Desktop\COSAS\COSAS RAGNAROK\Oboro\Oboro-eAmod-Harmony\vcproj-10\common\Release\Lib-link.write.1.tlog
C:\Users\Rafita\Desktop\COSAS\COSAS RAGNAROK\Oboro\Oboro-eAmod-Harmony\vcproj-10\common\Release\lock.obj
C:\Users\Rafita\Desktop\COSAS\COSAS RAGNAROK\Oboro\Oboro-eAmod-Harmony\vcproj-10\common\Release\malloc.obj
C:\Users\Rafita\Desktop\COSAS\COSAS RAGNAROK\Oboro\Oboro-eAmod-Harmony\vcproj-10\common\Release\mapindex.obj
C:\Users\Rafita\Desktop\COSAS\COSAS RAGNAROK\Oboro\Oboro-eAmod-Harmony\vcproj-10\common\Release\md5calc.obj
C:\Users\Rafita\Desktop\COSAS\COSAS RAGNAROK\Oboro\Oboro-eAmod-Harmony\vcproj-10\common\Release\mt19937ar.obj
C:\Users\Rafita\Desktop\COSAS\COSAS RAGNAROK\Oboro\Oboro-eAmod-Harmony\vcproj-10\common\Release\nullpo.obj
C:\Users\Rafita\Desktop\COSAS\COSAS RAGNAROK\Oboro\Oboro-eAmod-Harmony\vcproj-10\common\Release\plugins.obj
C:\Users\Rafita\Desktop\COSAS\COSAS RAGNAROK\Oboro\Oboro-eAmod-Harmony\vcproj-10\common\Release\random.obj
C:\Users\Rafita\Desktop\COSAS\COSAS RAGNAROK\Oboro\Oboro-eAmod-Harmony\vcproj-10\common\Release\showmsg.obj
C:\Users\Rafita\Desktop\COSAS\COSAS RAGNAROK\Oboro\Oboro-eAmod-Harmony\vcproj-10\common\Release\socket.obj
C:\Users\Rafita\Desktop\COSAS\COSAS RAGNAROK\Oboro\Oboro-eAmod-Harmony\vcproj-10\common\Release\strlib.obj
C:\Users\Rafita\Desktop\COSAS\COSAS RAGNAROK\Oboro\Oboro-eAmod-Harmony\vcproj-10\common\Release\timer.obj
C:\Users\Rafita\Desktop\COSAS\COSAS RAGNAROK\Oboro\Oboro-eAmod-Harmony\vcproj-10\common\Release\utils.obj
C:\Users\Rafita\Desktop\COSAS\COSAS RAGNAROK\Oboro\Oboro-eAmod-Harmony\vcproj-10\common\Release\vc100.pdb
C:\USERS\RAFITA\DESKTOP\COSAS\COSAS RAGNAROK\OBORO\OBORO-EMULATOR-HARMONY\VCPROJ-10\COMMON\RELEASE\COMMON.LIB
C:\USERS\RAFITA\DESKTOP\COSAS\COSAS RAGNAROK\OBORO\OBORO-EMULATOR-HARMONY\VCPROJ-10\COMMON\RELEASE\VC100.PDB
