C:\Users\Rafita\Desktop\rAmod\vcproj-10\char-server\Debug\char.obj
C:\Users\Rafita\Desktop\rAmod\vcproj-10\char-server\Debug\char_clif.obj
C:\Users\Rafita\Desktop\rAmod\vcproj-10\char-server\Debug\char_cnslif.obj
C:\Users\Rafita\Desktop\rAmod\vcproj-10\char-server\Debug\char_logif.obj
C:\Users\Rafita\Desktop\rAmod\vcproj-10\char-server\Debug\char_mapif.obj
C:\Users\Rafita\Desktop\rAmod\vcproj-10\char-server\Debug\char-server.exe.embed.manifest
C:\USERS\RAFITA\DESKTOP\RAMOD\VCPROJ-10\CHAR-SERVER\DEBUG\CHAR-SERVER.EXE.EMBED.MANIFEST.RES
C:\Users\Rafita\Desktop\rAmod\vcproj-10\char-server\Debug\char-server.vcxprojResolveAssemblyReference.cache
C:\Users\Rafita\Desktop\rAmod\vcproj-10\char-server\Debug\char-server.write.1.tlog
C:\Users\Rafita\Desktop\rAmod\vcproj-10\char-server\Debug\char-server_manifest.rc
C:\Users\Rafita\Desktop\rAmod\vcproj-10\char-server\Debug\CL.9832.read.1.tlog
C:\Users\Rafita\Desktop\rAmod\vcproj-10\char-server\Debug\CL.9832.write.1.tlog
C:\Users\Rafita\Desktop\rAmod\vcproj-10\char-server\Debug\CL.9840.read.1.tlog
C:\Users\Rafita\Desktop\rAmod\vcproj-10\char-server\Debug\CL.9840.write.1.tlog
C:\Users\Rafita\Desktop\rAmod\vcproj-10\char-server\Debug\CL.9860.read.1.tlog
C:\Users\Rafita\Desktop\rAmod\vcproj-10\char-server\Debug\CL.9860.write.1.tlog
C:\Users\Rafita\Desktop\rAmod\vcproj-10\char-server\Debug\CL.9868.read.1.tlog
C:\Users\Rafita\Desktop\rAmod\vcproj-10\char-server\Debug\CL.9868.write.1.tlog
C:\Users\Rafita\Desktop\rAmod\vcproj-10\char-server\Debug\CL.9884.read.1.tlog
C:\Users\Rafita\Desktop\rAmod\vcproj-10\char-server\Debug\CL.9884.write.1.tlog
C:\Users\Rafita\Desktop\rAmod\vcproj-10\char-server\Debug\CL.9908.read.1.tlog
C:\Users\Rafita\Desktop\rAmod\vcproj-10\char-server\Debug\CL.9908.write.1.tlog
C:\Users\Rafita\Desktop\rAmod\vcproj-10\char-server\Debug\CL.9916.read.1.tlog
C:\Users\Rafita\Desktop\rAmod\vcproj-10\char-server\Debug\CL.9916.write.1.tlog
C:\Users\Rafita\Desktop\rAmod\vcproj-10\char-server\Debug\CL.9924.read.1.tlog
C:\Users\Rafita\Desktop\rAmod\vcproj-10\char-server\Debug\CL.9924.write.1.tlog
C:\Users\Rafita\Desktop\rAmod\vcproj-10\char-server\Debug\cl.command.1.tlog
C:\Users\Rafita\Desktop\rAmod\vcproj-10\char-server\Debug\CL.read.1.tlog
C:\Users\Rafita\Desktop\rAmod\vcproj-10\char-server\Debug\cl.write.1.tlog
C:\Users\Rafita\Desktop\rAmod\vcproj-10\char-server\Debug\cli.obj
C:\Users\Rafita\Desktop\rAmod\vcproj-10\char-server\Debug\conf.obj
C:\Users\Rafita\Desktop\rAmod\vcproj-10\char-server\Debug\core.obj
C:\Users\Rafita\Desktop\rAmod\vcproj-10\char-server\Debug\db.obj
C:\Users\Rafita\Desktop\rAmod\vcproj-10\char-server\Debug\ers.obj
C:\Users\Rafita\Desktop\rAmod\vcproj-10\char-server\Debug\grammar.obj
C:\Users\Rafita\Desktop\rAmod\vcproj-10\char-server\Debug\int_achievement.obj
C:\Users\Rafita\Desktop\rAmod\vcproj-10\char-server\Debug\int_auction.obj
C:\Users\Rafita\Desktop\rAmod\vcproj-10\char-server\Debug\int_elemental.obj
C:\Users\Rafita\Desktop\rAmod\vcproj-10\char-server\Debug\int_guild.obj
C:\Users\Rafita\Desktop\rAmod\vcproj-10\char-server\Debug\int_homun.obj
C:\Users\Rafita\Desktop\rAmod\vcproj-10\char-server\Debug\int_mail.obj
C:\Users\Rafita\Desktop\rAmod\vcproj-10\char-server\Debug\int_mercenary.obj
C:\Users\Rafita\Desktop\rAmod\vcproj-10\char-server\Debug\int_party.obj
C:\Users\Rafita\Desktop\rAmod\vcproj-10\char-server\Debug\int_pet.obj
C:\Users\Rafita\Desktop\rAmod\vcproj-10\char-server\Debug\int_quest.obj
C:\Users\Rafita\Desktop\rAmod\vcproj-10\char-server\Debug\int_storage.obj
C:\Users\Rafita\Desktop\rAmod\vcproj-10\char-server\Debug\inter.obj
C:\Users\Rafita\Desktop\rAmod\vcproj-10\char-server\Debug\libconfig.obj
C:\Users\Rafita\Desktop\rAmod\vcproj-10\char-server\Debug\link.command.1.tlog
C:\Users\Rafita\Desktop\rAmod\vcproj-10\char-server\Debug\link.read.1.tlog
C:\Users\Rafita\Desktop\rAmod\vcproj-10\char-server\Debug\link.write.1.tlog
C:\Users\Rafita\Desktop\rAmod\vcproj-10\char-server\Debug\malloc.obj
C:\Users\Rafita\Desktop\rAmod\vcproj-10\char-server\Debug\mapindex.obj
C:\Users\Rafita\Desktop\rAmod\vcproj-10\char-server\Debug\mempool.obj
C:\Users\Rafita\Desktop\rAmod\vcproj-10\char-server\Debug\msg_conf.obj
C:\Users\Rafita\Desktop\rAmod\vcproj-10\char-server\Debug\mt19937ar.obj
C:\Users\Rafita\Desktop\rAmod\vcproj-10\char-server\Debug\mutex.obj
C:\Users\Rafita\Desktop\rAmod\vcproj-10\char-server\Debug\nullpo.obj
C:\Users\Rafita\Desktop\rAmod\vcproj-10\char-server\Debug\raconf.obj
C:\Users\Rafita\Desktop\rAmod\vcproj-10\char-server\Debug\random.obj
C:\Users\Rafita\Desktop\rAmod\vcproj-10\char-server\Debug\rc.command.1.tlog
C:\Users\Rafita\Desktop\rAmod\vcproj-10\char-server\Debug\rc.read.1.tlog
C:\Users\Rafita\Desktop\rAmod\vcproj-10\char-server\Debug\rc.write.1.tlog
C:\Users\Rafita\Desktop\rAmod\vcproj-10\char-server\Debug\scanctx.obj
C:\Users\Rafita\Desktop\rAmod\vcproj-10\char-server\Debug\scanner.obj
C:\Users\Rafita\Desktop\rAmod\vcproj-10\char-server\Debug\showmsg.obj
C:\Users\Rafita\Desktop\rAmod\vcproj-10\char-server\Debug\socket.obj
C:\Users\Rafita\Desktop\rAmod\vcproj-10\char-server\Debug\sql.obj
C:\Users\Rafita\Desktop\rAmod\vcproj-10\char-server\Debug\strbuf.obj
C:\Users\Rafita\Desktop\rAmod\vcproj-10\char-server\Debug\strlib.obj
C:\Users\Rafita\Desktop\rAmod\vcproj-10\char-server\Debug\thread.obj
C:\Users\Rafita\Desktop\rAmod\vcproj-10\char-server\Debug\timer.obj
C:\Users\Rafita\Desktop\rAmod\vcproj-10\char-server\Debug\utils.obj
C:\Users\Rafita\Desktop\rAmod\vcproj-10\char-server\Debug\vc100.idb
C:\USERS\RAFITA\DESKTOP\RAMOD\VCPROJ-10\CHAR-SERVER\DEBUG\VC100.PDB
