..\login-server_sql.pdb
C:\USERS\RAFITA\DESKTOP\OBORO-HARMONY\LOGIN-SERVER_SQL.EXE
C:\USERS\RAFITA\DESKTOP\OBORO-HARMONY\LOGIN-SERVER_SQL.PDB
C:\USERS\RAFITA\DESKTOP\OBORO-HARMONY\VCPROJ-10\LOGIN-SERVER_SQL\RELEASE\LOGIN-SERVER_SQL.EXE.INTERMEDIATE.MANIFEST
C:\USERS\RAFITA\DESKTOP\OBORO-HARMONY\VCPROJ-10\LOGIN-SERVER_SQL\RELEASE\VC100.PDB
C:\USERS\RAFITA\DESKTOP\OBORO-NO-HARMONY\LOGIN-SERVER_SQL.EXE
C:\USERS\RAFITA\DESKTOP\OBORO-NO-HARMONY\LOGIN-SERVER_SQL.PDB
C:\Users\Rafita\Desktop\Oboro-No-Harmony\vcproj-10\..\login-server_sql.exe
C:\USERS\RAFITA\DESKTOP\OBORO-NO-HARMONY\VCPROJ-10\LOGIN-SERVER_SQL\RELEASE\ACCOUNT_SQL.OBJ
C:\Users\Rafita\Desktop\Oboro-No-Harmony\vcproj-10\login-server_sql\Release\CL.1140.read.1.tlog
C:\Users\Rafita\Desktop\Oboro-No-Harmony\vcproj-10\login-server_sql\Release\CL.1140.write.1.tlog
C:\Users\Rafita\Desktop\Oboro-No-Harmony\vcproj-10\login-server_sql\Release\CL.2152.read.1.tlog
C:\Users\Rafita\Desktop\Oboro-No-Harmony\vcproj-10\login-server_sql\Release\CL.2152.write.1.tlog
C:\Users\Rafita\Desktop\Oboro-No-Harmony\vcproj-10\login-server_sql\Release\CL.4012.read.1.tlog
C:\Users\Rafita\Desktop\Oboro-No-Harmony\vcproj-10\login-server_sql\Release\CL.4012.write.1.tlog
C:\Users\Rafita\Desktop\Oboro-No-Harmony\vcproj-10\login-server_sql\Release\CL.4320.read.1.tlog
C:\Users\Rafita\Desktop\Oboro-No-Harmony\vcproj-10\login-server_sql\Release\CL.4320.write.1.tlog
C:\Users\Rafita\Desktop\Oboro-No-Harmony\vcproj-10\login-server_sql\Release\CL.5064.read.1.tlog
C:\Users\Rafita\Desktop\Oboro-No-Harmony\vcproj-10\login-server_sql\Release\CL.5064.write.1.tlog
C:\Users\Rafita\Desktop\Oboro-No-Harmony\vcproj-10\login-server_sql\Release\CL.6024.read.1.tlog
C:\Users\Rafita\Desktop\Oboro-No-Harmony\vcproj-10\login-server_sql\Release\CL.6024.write.1.tlog
C:\Users\Rafita\Desktop\Oboro-No-Harmony\vcproj-10\login-server_sql\Release\CL.6328.read.1.tlog
C:\Users\Rafita\Desktop\Oboro-No-Harmony\vcproj-10\login-server_sql\Release\CL.6328.write.1.tlog
C:\Users\Rafita\Desktop\Oboro-No-Harmony\vcproj-10\login-server_sql\Release\CL.6452.read.1.tlog
C:\Users\Rafita\Desktop\Oboro-No-Harmony\vcproj-10\login-server_sql\Release\CL.6452.write.1.tlog
C:\Users\Rafita\Desktop\Oboro-No-Harmony\vcproj-10\login-server_sql\Release\CL.7164.read.1.tlog
C:\Users\Rafita\Desktop\Oboro-No-Harmony\vcproj-10\login-server_sql\Release\CL.7164.write.1.tlog
C:\Users\Rafita\Desktop\Oboro-No-Harmony\vcproj-10\login-server_sql\Release\cl.command.1.tlog
C:\Users\Rafita\Desktop\Oboro-No-Harmony\vcproj-10\login-server_sql\Release\CL.read.1.tlog
C:\Users\Rafita\Desktop\Oboro-No-Harmony\vcproj-10\login-server_sql\Release\cl.write.1.tlog
C:\Users\Rafita\Desktop\Oboro-No-Harmony\vcproj-10\login-server_sql\Release\harmonycore.obj
C:\USERS\RAFITA\DESKTOP\OBORO-NO-HARMONY\VCPROJ-10\LOGIN-SERVER_SQL\RELEASE\IPBAN_SQL.OBJ
C:\Users\Rafita\Desktop\Oboro-No-Harmony\vcproj-10\login-server_sql\Release\link.command.1.tlog
C:\Users\Rafita\Desktop\Oboro-No-Harmony\vcproj-10\login-server_sql\Release\link.read.1.tlog
C:\Users\Rafita\Desktop\Oboro-No-Harmony\vcproj-10\login-server_sql\Release\link.write.1.tlog
C:\USERS\RAFITA\DESKTOP\OBORO-NO-HARMONY\VCPROJ-10\LOGIN-SERVER_SQL\RELEASE\LOGIN.OBJ
C:\USERS\RAFITA\DESKTOP\OBORO-NO-HARMONY\VCPROJ-10\LOGIN-SERVER_SQL\RELEASE\LOGINLOG_SQL.OBJ
C:\USERS\RAFITA\DESKTOP\OBORO-NO-HARMONY\VCPROJ-10\LOGIN-SERVER_SQL\RELEASE\LOGIN-SERVER_SQL.EXE.INTERMEDIATE.MANIFEST
C:\Users\Rafita\Desktop\Oboro-No-Harmony\vcproj-10\login-server_sql\Release\login-server_sql.vcxprojResolveAssemblyReference.cache
C:\Users\Rafita\Desktop\Oboro-No-Harmony\vcproj-10\login-server_sql\Release\login-server_sql.write.1.tlog
C:\Users\Rafita\Desktop\Oboro-No-Harmony\vcproj-10\login-server_sql\Release\mt.command.1.tlog
C:\Users\Rafita\Desktop\Oboro-No-Harmony\vcproj-10\login-server_sql\Release\mt.read.1.tlog
C:\Users\Rafita\Desktop\Oboro-No-Harmony\vcproj-10\login-server_sql\Release\mt.write.1.tlog
C:\USERS\RAFITA\DESKTOP\OBORO-NO-HARMONY\VCPROJ-10\LOGIN-SERVER_SQL\RELEASE\VC100.PDB
