..\login-server_sql.pdb
C:\USERS\RAFITA\DESKTOP\COSAS\COSAS RAGNAROK\OBORO\OBORO\LOGIN-SERVER_SQL.EXE
C:\USERS\RAFITA\DESKTOP\COSAS\COSAS RAGNAROK\OBORO\OBORO\LOGIN-SERVER_SQL.PDB
C:\Users\Rafita\Desktop\COSAS\COSAS RAGNAROK\Oboro\oboro\vcproj-10\..\login-server_sql.exe
C:\Users\Rafita\Desktop\COSAS\COSAS RAGNAROK\Oboro\oboro\vcproj-10\login-server_sql\Release\account_sql.obj
C:\Users\Rafita\Desktop\COSAS\COSAS RAGNAROK\Oboro\oboro\vcproj-10\login-server_sql\Release\CL.3836.read.1.tlog
C:\Users\Rafita\Desktop\COSAS\COSAS RAGNAROK\Oboro\oboro\vcproj-10\login-server_sql\Release\CL.3836.write.1.tlog
C:\Users\Rafita\Desktop\COSAS\COSAS RAGNAROK\Oboro\oboro\vcproj-10\login-server_sql\Release\CL.4384.read.1.tlog
C:\Users\Rafita\Desktop\COSAS\COSAS RAGNAROK\Oboro\oboro\vcproj-10\login-server_sql\Release\CL.4384.write.1.tlog
C:\Users\Rafita\Desktop\COSAS\COSAS RAGNAROK\Oboro\oboro\vcproj-10\login-server_sql\Release\CL.4544.read.1.tlog
C:\Users\Rafita\Desktop\COSAS\COSAS RAGNAROK\Oboro\oboro\vcproj-10\login-server_sql\Release\CL.4544.write.1.tlog
C:\Users\Rafita\Desktop\COSAS\COSAS RAGNAROK\Oboro\oboro\vcproj-10\login-server_sql\Release\CL.5492.read.1.tlog
C:\Users\Rafita\Desktop\COSAS\COSAS RAGNAROK\Oboro\oboro\vcproj-10\login-server_sql\Release\CL.5492.write.1.tlog
C:\Users\Rafita\Desktop\COSAS\COSAS RAGNAROK\Oboro\oboro\vcproj-10\login-server_sql\Release\CL.7148.read.1.tlog
C:\Users\Rafita\Desktop\COSAS\COSAS RAGNAROK\Oboro\oboro\vcproj-10\login-server_sql\Release\CL.7148.write.1.tlog
C:\Users\Rafita\Desktop\COSAS\COSAS RAGNAROK\Oboro\oboro\vcproj-10\login-server_sql\Release\cl.command.1.tlog
C:\Users\Rafita\Desktop\COSAS\COSAS RAGNAROK\Oboro\oboro\vcproj-10\login-server_sql\Release\CL.read.1.tlog
C:\Users\Rafita\Desktop\COSAS\COSAS RAGNAROK\Oboro\oboro\vcproj-10\login-server_sql\Release\cl.write.1.tlog
C:\Users\Rafita\Desktop\COSAS\COSAS RAGNAROK\Oboro\oboro\vcproj-10\login-server_sql\Release\harmonycore.obj
C:\Users\Rafita\Desktop\COSAS\COSAS RAGNAROK\Oboro\oboro\vcproj-10\login-server_sql\Release\ipban_sql.obj
C:\Users\Rafita\Desktop\COSAS\COSAS RAGNAROK\Oboro\oboro\vcproj-10\login-server_sql\Release\link.command.1.tlog
C:\Users\Rafita\Desktop\COSAS\COSAS RAGNAROK\Oboro\oboro\vcproj-10\login-server_sql\Release\link.read.1.tlog
C:\Users\Rafita\Desktop\COSAS\COSAS RAGNAROK\Oboro\oboro\vcproj-10\login-server_sql\Release\link.write.1.tlog
C:\Users\Rafita\Desktop\COSAS\COSAS RAGNAROK\Oboro\oboro\vcproj-10\login-server_sql\Release\login.obj
C:\Users\Rafita\Desktop\COSAS\COSAS RAGNAROK\Oboro\oboro\vcproj-10\login-server_sql\Release\loginlog_sql.obj
C:\USERS\RAFITA\DESKTOP\COSAS\COSAS RAGNAROK\OBORO\OBORO\VCPROJ-10\LOGIN-SERVER_SQL\RELEASE\LOGIN-SERVER_SQL.EXE.INTERMEDIATE.MANIFEST
C:\Users\Rafita\Desktop\COSAS\COSAS RAGNAROK\Oboro\oboro\vcproj-10\login-server_sql\Release\login-server_sql.write.1.tlog
C:\Users\Rafita\Desktop\COSAS\COSAS RAGNAROK\Oboro\oboro\vcproj-10\login-server_sql\Release\mt.command.1.tlog
C:\Users\Rafita\Desktop\COSAS\COSAS RAGNAROK\Oboro\oboro\vcproj-10\login-server_sql\Release\mt.read.1.tlog
C:\Users\Rafita\Desktop\COSAS\COSAS RAGNAROK\Oboro\oboro\vcproj-10\login-server_sql\Release\mt.write.1.tlog
C:\USERS\RAFITA\DESKTOP\COSAS\COSAS RAGNAROK\OBORO\OBORO\VCPROJ-10\LOGIN-SERVER_SQL\RELEASE\VC100.PDB
