This file contains any messages produced by compilers while
running configure, to aid debugging if configure makes a mistake.

It was created by configure, which was
generated by GNU Autoconf 2.69.  Invocation command line was

  $ ./configure --enable-64bit --with-mysql

## --------- ##
## Platform. ##
## --------- ##

hostname = xroragnarok
uname -m = x86_64
uname -r = 2.6.32-042stab120.18
uname -s = Linux
uname -v = #1 SMP Fri Jan 13 10:32:04 MSK 2017

/usr/bin/uname -p = unknown
/bin/uname -X     = unknown

/bin/arch              = x86_64
/usr/bin/arch -k       = unknown
/usr/convex/getsysinfo = unknown
/usr/bin/hostinfo      = unknown
/bin/machine           = unknown
/usr/bin/oslevel       = unknown
/bin/universe          = unknown

PATH: ./
PATH: /usr/local/sbin
PATH: /usr/local/bin
PATH: /sbin
PATH: /bin
PATH: /usr/sbin
PATH: /usr/bin


## ----------- ##
## Core tests. ##
## ----------- ##

configure:2229: checking for gcc
configure:2245: found /usr/bin/gcc
configure:2256: result: gcc
configure:2485: checking for C compiler version
configure:2494: gcc --version >&5
gcc (GCC) 4.4.7 20120313 (Red Hat 4.4.7-17)
Copyright (C) 2010 Free Software Foundation, Inc.
This is free software; see the source for copying conditions.  There is NO
warranty; not even for MERCHANTABILITY or FITNESS FOR A PARTICULAR PURPOSE.

configure:2505: $? = 0
configure:2494: gcc -v >&5
Using built-in specs.
Target: x86_64-redhat-linux
Configured with: ../configure --prefix=/usr --mandir=/usr/share/man --infodir=/usr/share/info --with-bugurl=http://bugzilla.redhat.com/bugzilla --enable-bootstrap --enable-shared --enable-threads=posix --enable-checking=release --with-system-zlib --enable-__cxa_atexit --disable-libunwind-exceptions --enable-gnu-unique-object --enable-languages=c,c++,objc,obj-c++,java,fortran,ada --enable-java-awt=gtk --disable-dssi --with-java-home=/usr/lib/jvm/java-1.5.0-gcj-1.5.0.0/jre --enable-libgcj-multifile --enable-java-maintainer-mode --with-ecj-jar=/usr/share/java/eclipse-ecj.jar --disable-libjava-multilib --with-ppl --with-cloog --with-tune=generic --with-arch_32=i686 --build=x86_64-redhat-linux
Thread model: posix
gcc version 4.4.7 20120313 (Red Hat 4.4.7-17) (GCC) 
configure:2505: $? = 0
configure:2494: gcc -V >&5
gcc: '-V' option must have argument
configure:2505: $? = 1
configure:2494: gcc -qversion >&5
gcc: unrecognized option '-qversion'
gcc: no input files
configure:2505: $? = 1
configure:2525: checking whether the C compiler works
configure:2547: gcc    conftest.c  >&5
configure:2551: $? = 0
configure:2599: result: yes
configure:2602: checking for C compiler default output file name
configure:2604: result: a.out
configure:2610: checking for suffix of executables
configure:2617: gcc -o conftest    conftest.c  >&5
configure:2621: $? = 0
configure:2643: result: 
configure:2665: checking whether we are cross compiling
configure:2673: gcc -o conftest    conftest.c  >&5
configure:2677: $? = 0
configure:2684: ./conftest
configure:2688: $? = 0
configure:2703: result: no
configure:2708: checking for suffix of object files
configure:2730: gcc -c   conftest.c >&5
configure:2734: $? = 0
configure:2755: result: o
configure:2759: checking whether we are using the GNU C compiler
configure:2778: gcc -c   conftest.c >&5
configure:2778: $? = 0
configure:2787: result: yes
configure:2796: checking whether gcc accepts -g
configure:2816: gcc -c -g  conftest.c >&5
configure:2816: $? = 0
configure:2857: result: yes
configure:2874: checking for gcc option to accept ISO C89
configure:2937: gcc  -c -g -O2  conftest.c >&5
configure:2937: $? = 0
configure:2950: result: none needed
configure:2976: checking how to run the C preprocessor
configure:3007: gcc -E  conftest.c
configure:3007: $? = 0
configure:3021: gcc -E  conftest.c
conftest.c:9:28: error: ac_nonexistent.h: No such file or directory
configure:3021: $? = 1
configure: failed program was:
| /* confdefs.h */
| #define PACKAGE_NAME ""
| #define PACKAGE_TARNAME ""
| #define PACKAGE_VERSION ""
| #define PACKAGE_STRING ""
| #define PACKAGE_BUGREPORT ""
| #define PACKAGE_URL ""
| /* end confdefs.h.  */
| #include <ac_nonexistent.h>
configure:3046: result: gcc -E
configure:3066: gcc -E  conftest.c
configure:3066: $? = 0
configure:3080: gcc -E  conftest.c
conftest.c:9:28: error: ac_nonexistent.h: No such file or directory
configure:3080: $? = 1
configure: failed program was:
| /* confdefs.h */
| #define PACKAGE_NAME ""
| #define PACKAGE_TARNAME ""
| #define PACKAGE_VERSION ""
| #define PACKAGE_STRING ""
| #define PACKAGE_BUGREPORT ""
| #define PACKAGE_URL ""
| /* end confdefs.h.  */
| #include <ac_nonexistent.h>
configure:3109: checking for grep that handles long lines and -e
configure:3167: result: /bin/grep
configure:3172: checking for egrep
configure:3234: result: /bin/grep -E
configure:3239: checking for ANSI C header files
configure:3259: gcc -c -g -O2  conftest.c >&5
configure:3259: $? = 0
configure:3332: gcc -o conftest -g -O2   conftest.c  >&5
configure:3332: $? = 0
configure:3332: ./conftest
configure:3332: $? = 0
configure:3343: result: yes
configure:3356: checking for sys/types.h
configure:3356: gcc -c -g -O2  conftest.c >&5
configure:3356: $? = 0
configure:3356: result: yes
configure:3356: checking for sys/stat.h
configure:3356: gcc -c -g -O2  conftest.c >&5
configure:3356: $? = 0
configure:3356: result: yes
configure:3356: checking for stdlib.h
configure:3356: gcc -c -g -O2  conftest.c >&5
configure:3356: $? = 0
configure:3356: result: yes
configure:3356: checking for string.h
configure:3356: gcc -c -g -O2  conftest.c >&5
configure:3356: $? = 0
configure:3356: result: yes
configure:3356: checking for memory.h
configure:3356: gcc -c -g -O2  conftest.c >&5
configure:3356: $? = 0
configure:3356: result: yes
configure:3356: checking for strings.h
configure:3356: gcc -c -g -O2  conftest.c >&5
configure:3356: $? = 0
configure:3356: result: yes
configure:3356: checking for inttypes.h
configure:3356: gcc -c -g -O2  conftest.c >&5
configure:3356: $? = 0
configure:3356: result: yes
configure:3356: checking for stdint.h
configure:3356: gcc -c -g -O2  conftest.c >&5
configure:3356: $? = 0
configure:3356: result: yes
configure:3356: checking for unistd.h
configure:3356: gcc -c -g -O2  conftest.c >&5
configure:3356: $? = 0
configure:3356: result: yes
configure:3369: checking minix/config.h usability
configure:3369: gcc -c -g -O2  conftest.c >&5
conftest.c:52:26: error: minix/config.h: No such file or directory
configure:3369: $? = 1
configure: failed program was:
| /* confdefs.h */
| #define PACKAGE_NAME ""
| #define PACKAGE_TARNAME ""
| #define PACKAGE_VERSION ""
| #define PACKAGE_STRING ""
| #define PACKAGE_BUGREPORT ""
| #define PACKAGE_URL ""
| #define STDC_HEADERS 1
| #define HAVE_SYS_TYPES_H 1
| #define HAVE_SYS_STAT_H 1
| #define HAVE_STDLIB_H 1
| #define HAVE_STRING_H 1
| #define HAVE_MEMORY_H 1
| #define HAVE_STRINGS_H 1
| #define HAVE_INTTYPES_H 1
| #define HAVE_STDINT_H 1
| #define HAVE_UNISTD_H 1
| /* end confdefs.h.  */
| #include <stdio.h>
| #ifdef HAVE_SYS_TYPES_H
| # include <sys/types.h>
| #endif
| #ifdef HAVE_SYS_STAT_H
| # include <sys/stat.h>
| #endif
| #ifdef STDC_HEADERS
| # include <stdlib.h>
| # include <stddef.h>
| #else
| # ifdef HAVE_STDLIB_H
| #  include <stdlib.h>
| # endif
| #endif
| #ifdef HAVE_STRING_H
| # if !defined STDC_HEADERS && defined HAVE_MEMORY_H
| #  include <memory.h>
| # endif
| # include <string.h>
| #endif
| #ifdef HAVE_STRINGS_H
| # include <strings.h>
| #endif
| #ifdef HAVE_INTTYPES_H
| # include <inttypes.h>
| #endif
| #ifdef HAVE_STDINT_H
| # include <stdint.h>
| #endif
| #ifdef HAVE_UNISTD_H
| # include <unistd.h>
| #endif
| #include <minix/config.h>
configure:3369: result: no
configure:3369: checking minix/config.h presence
configure:3369: gcc -E  conftest.c
conftest.c:19:26: error: minix/config.h: No such file or directory
configure:3369: $? = 1
configure: failed program was:
| /* confdefs.h */
| #define PACKAGE_NAME ""
| #define PACKAGE_TARNAME ""
| #define PACKAGE_VERSION ""
| #define PACKAGE_STRING ""
| #define PACKAGE_BUGREPORT ""
| #define PACKAGE_URL ""
| #define STDC_HEADERS 1
| #define HAVE_SYS_TYPES_H 1
| #define HAVE_SYS_STAT_H 1
| #define HAVE_STDLIB_H 1
| #define HAVE_STRING_H 1
| #define HAVE_MEMORY_H 1
| #define HAVE_STRINGS_H 1
| #define HAVE_INTTYPES_H 1
| #define HAVE_STDINT_H 1
| #define HAVE_UNISTD_H 1
| /* end confdefs.h.  */
| #include <minix/config.h>
configure:3369: result: no
configure:3369: checking for minix/config.h
configure:3369: result: no
configure:3390: checking whether it is safe to define __EXTENSIONS__
configure:3408: gcc -c -g -O2  conftest.c >&5
configure:3408: $? = 0
configure:3415: result: yes
configure:3699: error: yes is not an executable file

## ---------------- ##
## Cache variables. ##
## ---------------- ##

ac_cv_c_compiler_gnu=yes
ac_cv_env_CC_set=
ac_cv_env_CC_value=
ac_cv_env_CFLAGS_set=
ac_cv_env_CFLAGS_value=
ac_cv_env_CPPFLAGS_set=
ac_cv_env_CPPFLAGS_value=
ac_cv_env_CPP_set=
ac_cv_env_CPP_value=
ac_cv_env_LDFLAGS_set=
ac_cv_env_LDFLAGS_value=
ac_cv_env_LIBS_set=
ac_cv_env_LIBS_value=
ac_cv_env_build_alias_set=
ac_cv_env_build_alias_value=
ac_cv_env_host_alias_set=
ac_cv_env_host_alias_value=
ac_cv_env_target_alias_set=
ac_cv_env_target_alias_value=
ac_cv_header_inttypes_h=yes
ac_cv_header_memory_h=yes
ac_cv_header_minix_config_h=no
ac_cv_header_stdc=yes
ac_cv_header_stdint_h=yes
ac_cv_header_stdlib_h=yes
ac_cv_header_string_h=yes
ac_cv_header_strings_h=yes
ac_cv_header_sys_stat_h=yes
ac_cv_header_sys_types_h=yes
ac_cv_header_unistd_h=yes
ac_cv_objext=o
ac_cv_path_EGREP='/bin/grep -E'
ac_cv_path_GREP=/bin/grep
ac_cv_prog_CPP='gcc -E'
ac_cv_prog_ac_ct_CC=gcc
ac_cv_prog_cc_c89=
ac_cv_prog_cc_g=yes
ac_cv_safe_to_define___extensions__=yes

## ----------------- ##
## Output variables. ##
## ----------------- ##

AR=''
CC='gcc'
CFLAGS='-g -O2'
CFLAGS_AR=''
CPP='gcc -E'
CPPFLAGS=' -DMAXCONN=16384'
DEFS=''
DLLEXT=''
ECHO_C=''
ECHO_N='-n'
ECHO_T=''
EGREP='/bin/grep -E'
EXEEXT=''
GREP='/bin/grep'
HAVE_MYSQL=''
HAVE_PCRE=''
LDFLAGS=''
LIBOBJS=''
LIBS=''
LTLIBOBJS=''
MYSQL_CFLAGS=''
MYSQL_CONFIG_HOME=''
MYSQL_LIBS=''
MYSQL_VERSION=''
OBJEXT='o'
OCHR='char-server'
OLOG='login-server'
OMAP='map-server'
PACKAGE_BUGREPORT=''
PACKAGE_NAME=''
PACKAGE_STRING=''
PACKAGE_TARNAME=''
PACKAGE_URL=''
PACKAGE_VERSION=''
PATH_SEPARATOR=':'
PCRE_CFLAGS=''
PCRE_LIBS=''
PCRE_VERSION=''
SET_MAKE=''
SHELL='/bin/sh'
SOFLAGS=''
WITH_PLUGINS=''
ac_ct_CC='gcc'
bindir='${exec_prefix}/bin'
build_alias=''
datadir='${datarootdir}'
datarootdir='${prefix}/share'
docdir='${datarootdir}/doc/${PACKAGE}'
dvidir='${docdir}'
exec_prefix='NONE'
host_alias=''
htmldir='${docdir}'
includedir='${prefix}/include'
infodir='${datarootdir}/info'
libdir='${exec_prefix}/lib'
libexecdir='${exec_prefix}/libexec'
localedir='${datarootdir}/locale'
localstatedir='${prefix}/var'
mandir='${datarootdir}/man'
oldincludedir='/usr/include'
pdfdir='${docdir}'
prefix='NONE'
program_transform_name='s,x,x,'
psdir='${docdir}'
sbindir='${exec_prefix}/sbin'
sharedstatedir='${prefix}/com'
sysconfdir='${prefix}/etc'
target_alias=''

## ----------- ##
## confdefs.h. ##
## ----------- ##

/* confdefs.h */
#define PACKAGE_NAME ""
#define PACKAGE_TARNAME ""
#define PACKAGE_VERSION ""
#define PACKAGE_STRING ""
#define PACKAGE_BUGREPORT ""
#define PACKAGE_URL ""
#define STDC_HEADERS 1
#define HAVE_SYS_TYPES_H 1
#define HAVE_SYS_STAT_H 1
#define HAVE_STDLIB_H 1
#define HAVE_STRING_H 1
#define HAVE_MEMORY_H 1
#define HAVE_STRINGS_H 1
#define HAVE_INTTYPES_H 1
#define HAVE_STDINT_H 1
#define HAVE_UNISTD_H 1
#define __EXTENSIONS__ 1
#define _ALL_SOURCE 1
#define _GNU_SOURCE 1
#define _POSIX_PTHREAD_SEMANTICS 1
#define _TANDEM_SOURCE 1

configure: exit 1
