..\mapcache.pdb
C:\USERS\RAFITA\DESKTOP\RAMOD\MAPCACHE.EXE
C:\USERS\RAFITA\DESKTOP\RAMOD\MAPCACHE.PDB
C:\Users\Rafita\Desktop\rAmod\vcproj-10\..\mapcache.exe
C:\Users\Rafita\Desktop\rAmod\vcproj-10\mapcache\Release\CL.6548.read.1.tlog
C:\Users\Rafita\Desktop\rAmod\vcproj-10\mapcache\Release\CL.6548.write.1.tlog
C:\Users\Rafita\Desktop\rAmod\vcproj-10\mapcache\Release\CL.6564.read.1.tlog
C:\Users\Rafita\Desktop\rAmod\vcproj-10\mapcache\Release\CL.6564.write.1.tlog
C:\Users\Rafita\Desktop\rAmod\vcproj-10\mapcache\Release\CL.6712.read.1.tlog
C:\Users\Rafita\Desktop\rAmod\vcproj-10\mapcache\Release\CL.6712.write.1.tlog
C:\Users\Rafita\Desktop\rAmod\vcproj-10\mapcache\Release\CL.7308.read.1.tlog
C:\Users\Rafita\Desktop\rAmod\vcproj-10\mapcache\Release\CL.7308.write.1.tlog
C:\Users\Rafita\Desktop\rAmod\vcproj-10\mapcache\Release\CL.7568.read.1.tlog
C:\Users\Rafita\Desktop\rAmod\vcproj-10\mapcache\Release\CL.7568.write.1.tlog
C:\Users\Rafita\Desktop\rAmod\vcproj-10\mapcache\Release\CL.7652.read.1.tlog
C:\Users\Rafita\Desktop\rAmod\vcproj-10\mapcache\Release\CL.7652.write.1.tlog
C:\Users\Rafita\Desktop\rAmod\vcproj-10\mapcache\Release\CL.7712.read.1.tlog
C:\Users\Rafita\Desktop\rAmod\vcproj-10\mapcache\Release\CL.7712.write.1.tlog
C:\Users\Rafita\Desktop\rAmod\vcproj-10\mapcache\Release\CL.8112.read.1.tlog
C:\Users\Rafita\Desktop\rAmod\vcproj-10\mapcache\Release\CL.8112.write.1.tlog
C:\Users\Rafita\Desktop\rAmod\vcproj-10\mapcache\Release\cl.command.1.tlog
C:\Users\Rafita\Desktop\rAmod\vcproj-10\mapcache\Release\CL.read.1.tlog
C:\Users\Rafita\Desktop\rAmod\vcproj-10\mapcache\Release\cl.write.1.tlog
C:\Users\Rafita\Desktop\rAmod\vcproj-10\mapcache\Release\core.obj
C:\Users\Rafita\Desktop\rAmod\vcproj-10\mapcache\Release\des.obj
C:\Users\Rafita\Desktop\rAmod\vcproj-10\mapcache\Release\grfio.obj
C:\Users\Rafita\Desktop\rAmod\vcproj-10\mapcache\Release\link.command.1.tlog
C:\Users\Rafita\Desktop\rAmod\vcproj-10\mapcache\Release\link.read.1.tlog
C:\Users\Rafita\Desktop\rAmod\vcproj-10\mapcache\Release\link.write.1.tlog
C:\Users\Rafita\Desktop\rAmod\vcproj-10\mapcache\Release\malloc.obj
C:\USERS\RAFITA\DESKTOP\RAMOD\VCPROJ-10\MAPCACHE\RELEASE\MAPCACHE.EXE.INTERMEDIATE.MANIFEST
C:\Users\Rafita\Desktop\rAmod\vcproj-10\mapcache\Release\mapcache.obj
C:\Users\Rafita\Desktop\rAmod\vcproj-10\mapcache\Release\mapcache.write.1.tlog
C:\Users\Rafita\Desktop\rAmod\vcproj-10\mapcache\Release\mt.command.1.tlog
C:\Users\Rafita\Desktop\rAmod\vcproj-10\mapcache\Release\mt.read.1.tlog
C:\Users\Rafita\Desktop\rAmod\vcproj-10\mapcache\Release\mt.write.1.tlog
C:\Users\Rafita\Desktop\rAmod\vcproj-10\mapcache\Release\showmsg.obj
C:\Users\Rafita\Desktop\rAmod\vcproj-10\mapcache\Release\strlib.obj
C:\Users\Rafita\Desktop\rAmod\vcproj-10\mapcache\Release\utils.obj
C:\USERS\RAFITA\DESKTOP\RAMOD\VCPROJ-10\MAPCACHE\RELEASE\VC100.PDB
