..\map-server_sql.pdb
C:\USERS\RAFITA\DESKTOP\COSAS\COSAS RAGNAROK\OBORO\OBORO-EMULATOR-HARMONY\MAP-SERVER_SQL.EXE
C:\USERS\RAFITA\DESKTOP\COSAS\COSAS RAGNAROK\OBORO\OBORO-EMULATOR-HARMONY\MAP-SERVER_SQL.PDB
C:\Users\Rafita\Desktop\COSAS\COSAS RAGNAROK\Oboro\Oboro-Emulator-Harmony\vcproj-10\..\map-server_sql.exe
C:\Users\Rafita\Desktop\COSAS\COSAS RAGNAROK\Oboro\Oboro-Emulator-Harmony\vcproj-10\map-server_sql\Release\achievement.obj
C:\Users\Rafita\Desktop\COSAS\COSAS RAGNAROK\Oboro\Oboro-Emulator-Harmony\vcproj-10\map-server_sql\Release\atcommand.obj
C:\Users\Rafita\Desktop\COSAS\COSAS RAGNAROK\Oboro\Oboro-Emulator-Harmony\vcproj-10\map-server_sql\Release\battle.obj
C:\Users\Rafita\Desktop\COSAS\COSAS RAGNAROK\Oboro\Oboro-Emulator-Harmony\vcproj-10\map-server_sql\Release\battleground.obj
C:\Users\Rafita\Desktop\COSAS\COSAS RAGNAROK\Oboro\Oboro-Emulator-Harmony\vcproj-10\map-server_sql\Release\buyingstore.obj
C:\Users\Rafita\Desktop\COSAS\COSAS RAGNAROK\Oboro\Oboro-Emulator-Harmony\vcproj-10\map-server_sql\Release\channel.obj
C:\Users\Rafita\Desktop\COSAS\COSAS RAGNAROK\Oboro\Oboro-Emulator-Harmony\vcproj-10\map-server_sql\Release\chat.obj
C:\Users\Rafita\Desktop\COSAS\COSAS RAGNAROK\Oboro\Oboro-Emulator-Harmony\vcproj-10\map-server_sql\Release\chrif.obj
C:\Users\Rafita\Desktop\COSAS\COSAS RAGNAROK\Oboro\Oboro-Emulator-Harmony\vcproj-10\map-server_sql\Release\CL.3260.read.1.tlog
C:\Users\Rafita\Desktop\COSAS\COSAS RAGNAROK\Oboro\Oboro-Emulator-Harmony\vcproj-10\map-server_sql\Release\CL.3260.write.1.tlog
C:\Users\Rafita\Desktop\COSAS\COSAS RAGNAROK\Oboro\Oboro-Emulator-Harmony\vcproj-10\map-server_sql\Release\CL.4708.read.1.tlog
C:\Users\Rafita\Desktop\COSAS\COSAS RAGNAROK\Oboro\Oboro-Emulator-Harmony\vcproj-10\map-server_sql\Release\CL.4708.write.1.tlog
C:\Users\Rafita\Desktop\COSAS\COSAS RAGNAROK\Oboro\Oboro-Emulator-Harmony\vcproj-10\map-server_sql\Release\CL.4912.read.1.tlog
C:\Users\Rafita\Desktop\COSAS\COSAS RAGNAROK\Oboro\Oboro-Emulator-Harmony\vcproj-10\map-server_sql\Release\CL.4912.write.1.tlog
C:\Users\Rafita\Desktop\COSAS\COSAS RAGNAROK\Oboro\Oboro-Emulator-Harmony\vcproj-10\map-server_sql\Release\CL.6616.read.1.tlog
C:\Users\Rafita\Desktop\COSAS\COSAS RAGNAROK\Oboro\Oboro-Emulator-Harmony\vcproj-10\map-server_sql\Release\CL.6616.write.1.tlog
C:\Users\Rafita\Desktop\COSAS\COSAS RAGNAROK\Oboro\Oboro-Emulator-Harmony\vcproj-10\map-server_sql\Release\CL.6824.read.1.tlog
C:\Users\Rafita\Desktop\COSAS\COSAS RAGNAROK\Oboro\Oboro-Emulator-Harmony\vcproj-10\map-server_sql\Release\CL.6824.write.1.tlog
C:\Users\Rafita\Desktop\COSAS\COSAS RAGNAROK\Oboro\Oboro-Emulator-Harmony\vcproj-10\map-server_sql\Release\CL.7608.read.1.tlog
C:\Users\Rafita\Desktop\COSAS\COSAS RAGNAROK\Oboro\Oboro-Emulator-Harmony\vcproj-10\map-server_sql\Release\CL.7608.write.1.tlog
C:\Users\Rafita\Desktop\COSAS\COSAS RAGNAROK\Oboro\Oboro-Emulator-Harmony\vcproj-10\map-server_sql\Release\CL.8196.read.1.tlog
C:\Users\Rafita\Desktop\COSAS\COSAS RAGNAROK\Oboro\Oboro-Emulator-Harmony\vcproj-10\map-server_sql\Release\CL.8196.write.1.tlog
C:\Users\Rafita\Desktop\COSAS\COSAS RAGNAROK\Oboro\Oboro-Emulator-Harmony\vcproj-10\map-server_sql\Release\CL.8488.read.1.tlog
C:\Users\Rafita\Desktop\COSAS\COSAS RAGNAROK\Oboro\Oboro-Emulator-Harmony\vcproj-10\map-server_sql\Release\CL.8488.write.1.tlog
C:\Users\Rafita\Desktop\COSAS\COSAS RAGNAROK\Oboro\Oboro-Emulator-Harmony\vcproj-10\map-server_sql\Release\cl.command.1.tlog
C:\Users\Rafita\Desktop\COSAS\COSAS RAGNAROK\Oboro\Oboro-Emulator-Harmony\vcproj-10\map-server_sql\Release\CL.read.1.tlog
C:\Users\Rafita\Desktop\COSAS\COSAS RAGNAROK\Oboro\Oboro-Emulator-Harmony\vcproj-10\map-server_sql\Release\cl.write.1.tlog
C:\Users\Rafita\Desktop\COSAS\COSAS RAGNAROK\Oboro\Oboro-Emulator-Harmony\vcproj-10\map-server_sql\Release\clif.obj
C:\Users\Rafita\Desktop\COSAS\COSAS RAGNAROK\Oboro\Oboro-Emulator-Harmony\vcproj-10\map-server_sql\Release\date.obj
C:\Users\Rafita\Desktop\COSAS\COSAS RAGNAROK\Oboro\Oboro-Emulator-Harmony\vcproj-10\map-server_sql\Release\duel.obj
C:\Users\Rafita\Desktop\COSAS\COSAS RAGNAROK\Oboro\Oboro-Emulator-Harmony\vcproj-10\map-server_sql\Release\faction.obj
C:\Users\Rafita\Desktop\COSAS\COSAS RAGNAROK\Oboro\Oboro-Emulator-Harmony\vcproj-10\map-server_sql\Release\guild.obj
C:\Users\Rafita\Desktop\COSAS\COSAS RAGNAROK\Oboro\Oboro-Emulator-Harmony\vcproj-10\map-server_sql\Release\guild_castle.obj
C:\Users\Rafita\Desktop\COSAS\COSAS RAGNAROK\Oboro\Oboro-Emulator-Harmony\vcproj-10\map-server_sql\Release\guild_expcache.obj
C:\Users\Rafita\Desktop\COSAS\COSAS RAGNAROK\Oboro\Oboro-Emulator-Harmony\vcproj-10\map-server_sql\Release\harmony.obj
C:\Users\Rafita\Desktop\COSAS\COSAS RAGNAROK\Oboro\Oboro-Emulator-Harmony\vcproj-10\map-server_sql\Release\harmonycore.obj
C:\Users\Rafita\Desktop\COSAS\COSAS RAGNAROK\Oboro\Oboro-Emulator-Harmony\vcproj-10\map-server_sql\Release\homunculus.obj
C:\Users\Rafita\Desktop\COSAS\COSAS RAGNAROK\Oboro\Oboro-Emulator-Harmony\vcproj-10\map-server_sql\Release\instance.obj
C:\Users\Rafita\Desktop\COSAS\COSAS RAGNAROK\Oboro\Oboro-Emulator-Harmony\vcproj-10\map-server_sql\Release\intif.obj
C:\Users\Rafita\Desktop\COSAS\COSAS RAGNAROK\Oboro\Oboro-Emulator-Harmony\vcproj-10\map-server_sql\Release\itemdb.obj
C:\Users\Rafita\Desktop\COSAS\COSAS RAGNAROK\Oboro\Oboro-Emulator-Harmony\vcproj-10\map-server_sql\Release\link.command.1.tlog
C:\Users\Rafita\Desktop\COSAS\COSAS RAGNAROK\Oboro\Oboro-Emulator-Harmony\vcproj-10\map-server_sql\Release\link.read.1.tlog
C:\Users\Rafita\Desktop\COSAS\COSAS RAGNAROK\Oboro\Oboro-Emulator-Harmony\vcproj-10\map-server_sql\Release\link.write.1.tlog
C:\Users\Rafita\Desktop\COSAS\COSAS RAGNAROK\Oboro\Oboro-Emulator-Harmony\vcproj-10\map-server_sql\Release\log.obj
C:\Users\Rafita\Desktop\COSAS\COSAS RAGNAROK\Oboro\Oboro-Emulator-Harmony\vcproj-10\map-server_sql\Release\mail.obj
C:\Users\Rafita\Desktop\COSAS\COSAS RAGNAROK\Oboro\Oboro-Emulator-Harmony\vcproj-10\map-server_sql\Release\map.obj
C:\Users\Rafita\Desktop\COSAS\COSAS RAGNAROK\Oboro\Oboro-Emulator-Harmony\vcproj-10\map-server_sql\Release\mapreg_sql.obj
C:\USERS\RAFITA\DESKTOP\COSAS\COSAS RAGNAROK\OBORO\OBORO-EMULATOR-HARMONY\VCPROJ-10\MAP-SERVER_SQL\RELEASE\MAP-SERVER_SQL.EXE.INTERMEDIATE.MANIFEST
C:\Users\Rafita\Desktop\COSAS\COSAS RAGNAROK\Oboro\Oboro-Emulator-Harmony\vcproj-10\map-server_sql\Release\map-server_sql.write.1.tlog
C:\Users\Rafita\Desktop\COSAS\COSAS RAGNAROK\Oboro\Oboro-Emulator-Harmony\vcproj-10\map-server_sql\Release\mercenary.obj
C:\Users\Rafita\Desktop\COSAS\COSAS RAGNAROK\Oboro\Oboro-Emulator-Harmony\vcproj-10\map-server_sql\Release\mob.obj
C:\Users\Rafita\Desktop\COSAS\COSAS RAGNAROK\Oboro\Oboro-Emulator-Harmony\vcproj-10\map-server_sql\Release\mt.command.1.tlog
C:\Users\Rafita\Desktop\COSAS\COSAS RAGNAROK\Oboro\Oboro-Emulator-Harmony\vcproj-10\map-server_sql\Release\mt.read.1.tlog
C:\Users\Rafita\Desktop\COSAS\COSAS RAGNAROK\Oboro\Oboro-Emulator-Harmony\vcproj-10\map-server_sql\Release\mt.write.1.tlog
C:\Users\Rafita\Desktop\COSAS\COSAS RAGNAROK\Oboro\Oboro-Emulator-Harmony\vcproj-10\map-server_sql\Release\npc.obj
C:\Users\Rafita\Desktop\COSAS\COSAS RAGNAROK\Oboro\Oboro-Emulator-Harmony\vcproj-10\map-server_sql\Release\npc_chat.obj
C:\Users\Rafita\Desktop\COSAS\COSAS RAGNAROK\Oboro\Oboro-Emulator-Harmony\vcproj-10\map-server_sql\Release\oboro.obj
C:\Users\Rafita\Desktop\COSAS\COSAS RAGNAROK\Oboro\Oboro-Emulator-Harmony\vcproj-10\map-server_sql\Release\party.obj
C:\Users\Rafita\Desktop\COSAS\COSAS RAGNAROK\Oboro\Oboro-Emulator-Harmony\vcproj-10\map-server_sql\Release\path.obj
C:\Users\Rafita\Desktop\COSAS\COSAS RAGNAROK\Oboro\Oboro-Emulator-Harmony\vcproj-10\map-server_sql\Release\pc.obj
C:\Users\Rafita\Desktop\COSAS\COSAS RAGNAROK\Oboro\Oboro-Emulator-Harmony\vcproj-10\map-server_sql\Release\pet.obj
C:\Users\Rafita\Desktop\COSAS\COSAS RAGNAROK\Oboro\Oboro-Emulator-Harmony\vcproj-10\map-server_sql\Release\quest.obj
C:\Users\Rafita\Desktop\COSAS\COSAS RAGNAROK\Oboro\Oboro-Emulator-Harmony\vcproj-10\map-server_sql\Release\region.obj
C:\Users\Rafita\Desktop\COSAS\COSAS RAGNAROK\Oboro\Oboro-Emulator-Harmony\vcproj-10\map-server_sql\Release\script.obj
C:\Users\Rafita\Desktop\COSAS\COSAS RAGNAROK\Oboro\Oboro-Emulator-Harmony\vcproj-10\map-server_sql\Release\searchstore.obj
C:\Users\Rafita\Desktop\COSAS\COSAS RAGNAROK\Oboro\Oboro-Emulator-Harmony\vcproj-10\map-server_sql\Release\skill.obj
C:\Users\Rafita\Desktop\COSAS\COSAS RAGNAROK\Oboro\Oboro-Emulator-Harmony\vcproj-10\map-server_sql\Release\status.obj
C:\Users\Rafita\Desktop\COSAS\COSAS RAGNAROK\Oboro\Oboro-Emulator-Harmony\vcproj-10\map-server_sql\Release\storage.obj
C:\Users\Rafita\Desktop\COSAS\COSAS RAGNAROK\Oboro\Oboro-Emulator-Harmony\vcproj-10\map-server_sql\Release\trade.obj
C:\Users\Rafita\Desktop\COSAS\COSAS RAGNAROK\Oboro\Oboro-Emulator-Harmony\vcproj-10\map-server_sql\Release\unit.obj
C:\USERS\RAFITA\DESKTOP\COSAS\COSAS RAGNAROK\OBORO\OBORO-EMULATOR-HARMONY\VCPROJ-10\MAP-SERVER_SQL\RELEASE\VC100.PDB
C:\Users\Rafita\Desktop\COSAS\COSAS RAGNAROK\Oboro\Oboro-Emulator-Harmony\vcproj-10\map-server_sql\Release\vending.obj
