C:\USERS\RAFITA\DESKTOP\EATHENA\VCPROJ-10\MAP-SERVER_SQL\DEBUG\VC110.PDB
C:\Users\Rafita\Desktop\eAthena\vcproj-10\map-server_sql\Debug\achievement.obj
C:\Users\Rafita\Desktop\eAthena\vcproj-10\map-server_sql\Debug\atcommand.obj
C:\Users\Rafita\Desktop\eAthena\vcproj-10\map-server_sql\Debug\battle.obj
C:\Users\Rafita\Desktop\eAthena\vcproj-10\map-server_sql\Debug\battleground.obj
C:\Users\Rafita\Desktop\eAthena\vcproj-10\map-server_sql\Debug\buyingstore.obj
C:\Users\Rafita\Desktop\eAthena\vcproj-10\map-server_sql\Debug\channel.obj
C:\Users\Rafita\Desktop\eAthena\vcproj-10\map-server_sql\Debug\chat.obj
C:\Users\Rafita\Desktop\eAthena\vcproj-10\map-server_sql\Debug\chrif.obj
C:\Users\Rafita\Desktop\eAthena\vcproj-10\map-server_sql\Debug\clif.obj
C:\Users\Rafita\Desktop\eAthena\vcproj-10\map-server_sql\Debug\date.obj
C:\Users\Rafita\Desktop\eAthena\vcproj-10\map-server_sql\Debug\duel.obj
C:\Users\Rafita\Desktop\eAthena\vcproj-10\map-server_sql\Debug\faction.obj
C:\Users\Rafita\Desktop\eAthena\vcproj-10\map-server_sql\Debug\guild.obj
C:\Users\Rafita\Desktop\eAthena\vcproj-10\map-server_sql\Debug\guild_castle.obj
C:\Users\Rafita\Desktop\eAthena\vcproj-10\map-server_sql\Debug\guild_expcache.obj
C:\Users\Rafita\Desktop\eAthena\vcproj-10\map-server_sql\Debug\harmony.obj
C:\Users\Rafita\Desktop\eAthena\vcproj-10\map-server_sql\Debug\harmonycore.obj
C:\Users\Rafita\Desktop\eAthena\vcproj-10\map-server_sql\Debug\homunculus.obj
C:\Users\Rafita\Desktop\eAthena\vcproj-10\map-server_sql\Debug\instance.obj
C:\Users\Rafita\Desktop\eAthena\vcproj-10\map-server_sql\Debug\intif.obj
C:\Users\Rafita\Desktop\eAthena\vcproj-10\map-server_sql\Debug\itemdb.obj
C:\Users\Rafita\Desktop\eAthena\vcproj-10\map-server_sql\Debug\log.obj
C:\Users\Rafita\Desktop\eAthena\vcproj-10\map-server_sql\Debug\mail.obj
C:\Users\Rafita\Desktop\eAthena\vcproj-10\map-server_sql\Debug\map.obj
C:\Users\Rafita\Desktop\eAthena\vcproj-10\map-server_sql\Debug\mapreg_sql.obj
C:\Users\Rafita\Desktop\eAthena\vcproj-10\map-server_sql\Debug\mercenary.obj
C:\Users\Rafita\Desktop\eAthena\vcproj-10\map-server_sql\Debug\mob.obj
C:\Users\Rafita\Desktop\eAthena\vcproj-10\map-server_sql\Debug\npc.obj
C:\Users\Rafita\Desktop\eAthena\vcproj-10\map-server_sql\Debug\npc_chat.obj
C:\Users\Rafita\Desktop\eAthena\vcproj-10\map-server_sql\Debug\oboro.obj
C:\Users\Rafita\Desktop\eAthena\vcproj-10\map-server_sql\Debug\party.obj
C:\Users\Rafita\Desktop\eAthena\vcproj-10\map-server_sql\Debug\path.obj
C:\Users\Rafita\Desktop\eAthena\vcproj-10\map-server_sql\Debug\pc.obj
C:\Users\Rafita\Desktop\eAthena\vcproj-10\map-server_sql\Debug\pet.obj
C:\Users\Rafita\Desktop\eAthena\vcproj-10\map-server_sql\Debug\quest.obj
C:\Users\Rafita\Desktop\eAthena\vcproj-10\map-server_sql\Debug\region.obj
C:\Users\Rafita\Desktop\eAthena\vcproj-10\map-server_sql\Debug\script.obj
C:\Users\Rafita\Desktop\eAthena\vcproj-10\map-server_sql\Debug\searchstore.obj
C:\Users\Rafita\Desktop\eAthena\vcproj-10\map-server_sql\Debug\skill.obj
C:\Users\Rafita\Desktop\eAthena\vcproj-10\map-server_sql\Debug\status.obj
C:\Users\Rafita\Desktop\eAthena\vcproj-10\map-server_sql\Debug\storage.obj
C:\Users\Rafita\Desktop\eAthena\vcproj-10\map-server_sql\Debug\trade.obj
C:\Users\Rafita\Desktop\eAthena\vcproj-10\map-server_sql\Debug\unit.obj
C:\Users\Rafita\Desktop\eAthena\vcproj-10\map-server_sql\Debug\vending.obj
C:\Users\Rafita\Desktop\eAthena\vcproj-10\map-server_sql\Debug\CL.10260.read.1.tlog
C:\Users\Rafita\Desktop\eAthena\vcproj-10\map-server_sql\Debug\CL.10260.write.1.tlog
C:\Users\Rafita\Desktop\eAthena\vcproj-10\map-server_sql\Debug\CL.10448.read.1.tlog
C:\Users\Rafita\Desktop\eAthena\vcproj-10\map-server_sql\Debug\CL.10448.write.1.tlog
C:\Users\Rafita\Desktop\eAthena\vcproj-10\map-server_sql\Debug\CL.11144.read.1.tlog
C:\Users\Rafita\Desktop\eAthena\vcproj-10\map-server_sql\Debug\CL.11144.write.1.tlog
C:\Users\Rafita\Desktop\eAthena\vcproj-10\map-server_sql\Debug\CL.4836.read.1.tlog
C:\Users\Rafita\Desktop\eAthena\vcproj-10\map-server_sql\Debug\CL.4836.write.1.tlog
C:\Users\Rafita\Desktop\eAthena\vcproj-10\map-server_sql\Debug\CL.5892.read.1.tlog
C:\Users\Rafita\Desktop\eAthena\vcproj-10\map-server_sql\Debug\CL.5892.write.1.tlog
C:\Users\Rafita\Desktop\eAthena\vcproj-10\map-server_sql\Debug\CL.5940.read.1.tlog
C:\Users\Rafita\Desktop\eAthena\vcproj-10\map-server_sql\Debug\CL.5940.write.1.tlog
C:\Users\Rafita\Desktop\eAthena\vcproj-10\map-server_sql\Debug\CL.8260.read.1.tlog
C:\Users\Rafita\Desktop\eAthena\vcproj-10\map-server_sql\Debug\CL.8260.write.1.tlog
C:\Users\Rafita\Desktop\eAthena\vcproj-10\map-server_sql\Debug\CL.9376.read.1.tlog
C:\Users\Rafita\Desktop\eAthena\vcproj-10\map-server_sql\Debug\CL.9376.write.1.tlog
C:\Users\Rafita\Desktop\eAthena\vcproj-10\map-server_sql\Debug\cl.command.1.tlog
C:\Users\Rafita\Desktop\eAthena\vcproj-10\map-server_sql\Debug\CL.read.1.tlog
C:\Users\Rafita\Desktop\eAthena\vcproj-10\map-server_sql\Debug\cl.write.1.tlog
C:\Users\Rafita\Desktop\eAthena\vcproj-10\map-server_sql\Debug\link-cvtres.read.1.tlog
C:\Users\Rafita\Desktop\eAthena\vcproj-10\map-server_sql\Debug\link-cvtres.write.1.tlog
C:\Users\Rafita\Desktop\eAthena\vcproj-10\map-server_sql\Debug\link-rc.read.1.tlog
C:\Users\Rafita\Desktop\eAthena\vcproj-10\map-server_sql\Debug\link-rc.write.1.tlog
C:\Users\Rafita\Desktop\eAthena\vcproj-10\map-server_sql\Debug\link.command.1.tlog
C:\Users\Rafita\Desktop\eAthena\vcproj-10\map-server_sql\Debug\link.read.1.tlog
C:\Users\Rafita\Desktop\eAthena\vcproj-10\map-server_sql\Debug\link.write.1.tlog
C:\Users\Rafita\Desktop\eAthena\vcproj-10\map-server_sql\Debug\vc110.idb
C:\Users\Rafita\Desktop\eAthena\vcproj-10\map-server_sql\Debug\vc110.pdb
