C:\Users\Rafita\Desktop\COSAS\COSAS RAGNAROK\Oboro\Oboro-Emulator-Harmony\vcproj-10\common\Release\CL.9068.read.1.tlog
C:\Users\Rafita\Desktop\COSAS\COSAS RAGNAROK\Oboro\Oboro-Emulator-Harmony\vcproj-10\common\Release\CL.9068.write.1.tlog
C:\Users\Rafita\Desktop\COSAS\COSAS RAGNAROK\Oboro\Oboro-Emulator-Harmony\vcproj-10\common\Release\CL.9076.read.1.tlog
C:\Users\Rafita\Desktop\COSAS\COSAS RAGNAROK\Oboro\Oboro-Emulator-Harmony\vcproj-10\common\Release\CL.9076.write.1.tlog
C:\Users\Rafita\Desktop\COSAS\COSAS RAGNAROK\Oboro\Oboro-Emulator-Harmony\vcproj-10\common\Release\CL.9084.read.1.tlog
C:\Users\Rafita\Desktop\COSAS\COSAS RAGNAROK\Oboro\Oboro-Emulator-Harmony\vcproj-10\common\Release\CL.9084.write.1.tlog
C:\Users\Rafita\Desktop\COSAS\COSAS RAGNAROK\Oboro\Oboro-Emulator-Harmony\vcproj-10\common\Release\CL.9092.read.1.tlog
C:\Users\Rafita\Desktop\COSAS\COSAS RAGNAROK\Oboro\Oboro-Emulator-Harmony\vcproj-10\common\Release\CL.9092.write.1.tlog
C:\Users\Rafita\Desktop\COSAS\COSAS RAGNAROK\Oboro\Oboro-Emulator-Harmony\vcproj-10\common\Release\CL.9100.read.1.tlog
C:\Users\Rafita\Desktop\COSAS\COSAS RAGNAROK\Oboro\Oboro-Emulator-Harmony\vcproj-10\common\Release\CL.9100.write.1.tlog
C:\Users\Rafita\Desktop\COSAS\COSAS RAGNAROK\Oboro\Oboro-Emulator-Harmony\vcproj-10\common\Release\CL.9108.read.1.tlog
C:\Users\Rafita\Desktop\COSAS\COSAS RAGNAROK\Oboro\Oboro-Emulator-Harmony\vcproj-10\common\Release\CL.9108.write.1.tlog
C:\Users\Rafita\Desktop\COSAS\COSAS RAGNAROK\Oboro\Oboro-Emulator-Harmony\vcproj-10\common\Release\CL.9116.read.1.tlog
C:\Users\Rafita\Desktop\COSAS\COSAS RAGNAROK\Oboro\Oboro-Emulator-Harmony\vcproj-10\common\Release\CL.9116.write.1.tlog
C:\Users\Rafita\Desktop\COSAS\COSAS RAGNAROK\Oboro\Oboro-Emulator-Harmony\vcproj-10\common\Release\CL.9124.read.1.tlog
C:\Users\Rafita\Desktop\COSAS\COSAS RAGNAROK\Oboro\Oboro-Emulator-Harmony\vcproj-10\common\Release\CL.9124.write.1.tlog
C:\Users\Rafita\Desktop\COSAS\COSAS RAGNAROK\Oboro\Oboro-Emulator-Harmony\vcproj-10\common\Release\cl.command.1.tlog
C:\Users\Rafita\Desktop\COSAS\COSAS RAGNAROK\Oboro\Oboro-Emulator-Harmony\vcproj-10\common\Release\CL.read.1.tlog
C:\Users\Rafita\Desktop\COSAS\COSAS RAGNAROK\Oboro\Oboro-Emulator-Harmony\vcproj-10\common\Release\cl.write.1.tlog
C:\USERS\RAFITA\DESKTOP\COSAS\COSAS RAGNAROK\OBORO\OBORO-EMULATOR-HARMONY\VCPROJ-10\COMMON\RELEASE\COMMON.LIB
C:\Users\Rafita\Desktop\COSAS\COSAS RAGNAROK\Oboro\Oboro-Emulator-Harmony\vcproj-10\common\Release\common.write.1.tlog
C:\Users\Rafita\Desktop\COSAS\COSAS RAGNAROK\Oboro\Oboro-Emulator-Harmony\vcproj-10\common\Release\core.obj
C:\Users\Rafita\Desktop\COSAS\COSAS RAGNAROK\Oboro\Oboro-Emulator-Harmony\vcproj-10\common\Release\db.obj
C:\Users\Rafita\Desktop\COSAS\COSAS RAGNAROK\Oboro\Oboro-Emulator-Harmony\vcproj-10\common\Release\des.obj
C:\Users\Rafita\Desktop\COSAS\COSAS RAGNAROK\Oboro\Oboro-Emulator-Harmony\vcproj-10\common\Release\ers.obj
C:\Users\Rafita\Desktop\COSAS\COSAS RAGNAROK\Oboro\Oboro-Emulator-Harmony\vcproj-10\common\Release\grfio.obj
C:\Users\Rafita\Desktop\COSAS\COSAS RAGNAROK\Oboro\Oboro-Emulator-Harmony\vcproj-10\common\Release\harmonycore.obj
C:\Users\Rafita\Desktop\COSAS\COSAS RAGNAROK\Oboro\Oboro-Emulator-Harmony\vcproj-10\common\Release\lib.command.1.tlog
C:\Users\Rafita\Desktop\COSAS\COSAS RAGNAROK\Oboro\Oboro-Emulator-Harmony\vcproj-10\common\Release\Lib-link.read.1.tlog
C:\Users\Rafita\Desktop\COSAS\COSAS RAGNAROK\Oboro\Oboro-Emulator-Harmony\vcproj-10\common\Release\Lib-link.write.1.tlog
C:\Users\Rafita\Desktop\COSAS\COSAS RAGNAROK\Oboro\Oboro-Emulator-Harmony\vcproj-10\common\Release\lock.obj
C:\Users\Rafita\Desktop\COSAS\COSAS RAGNAROK\Oboro\Oboro-Emulator-Harmony\vcproj-10\common\Release\malloc.obj
C:\Users\Rafita\Desktop\COSAS\COSAS RAGNAROK\Oboro\Oboro-Emulator-Harmony\vcproj-10\common\Release\mapindex.obj
C:\Users\Rafita\Desktop\COSAS\COSAS RAGNAROK\Oboro\Oboro-Emulator-Harmony\vcproj-10\common\Release\md5calc.obj
C:\Users\Rafita\Desktop\COSAS\COSAS RAGNAROK\Oboro\Oboro-Emulator-Harmony\vcproj-10\common\Release\mt19937ar.obj
C:\Users\Rafita\Desktop\COSAS\COSAS RAGNAROK\Oboro\Oboro-Emulator-Harmony\vcproj-10\common\Release\nullpo.obj
C:\Users\Rafita\Desktop\COSAS\COSAS RAGNAROK\Oboro\Oboro-Emulator-Harmony\vcproj-10\common\Release\plugins.obj
C:\Users\Rafita\Desktop\COSAS\COSAS RAGNAROK\Oboro\Oboro-Emulator-Harmony\vcproj-10\common\Release\random.obj
C:\Users\Rafita\Desktop\COSAS\COSAS RAGNAROK\Oboro\Oboro-Emulator-Harmony\vcproj-10\common\Release\showmsg.obj
C:\Users\Rafita\Desktop\COSAS\COSAS RAGNAROK\Oboro\Oboro-Emulator-Harmony\vcproj-10\common\Release\socket.obj
C:\Users\Rafita\Desktop\COSAS\COSAS RAGNAROK\Oboro\Oboro-Emulator-Harmony\vcproj-10\common\Release\strlib.obj
C:\Users\Rafita\Desktop\COSAS\COSAS RAGNAROK\Oboro\Oboro-Emulator-Harmony\vcproj-10\common\Release\timer.obj
C:\Users\Rafita\Desktop\COSAS\COSAS RAGNAROK\Oboro\Oboro-Emulator-Harmony\vcproj-10\common\Release\utils.obj
C:\USERS\RAFITA\DESKTOP\COSAS\COSAS RAGNAROK\OBORO\OBORO-EMULATOR-HARMONY\VCPROJ-10\COMMON\RELEASE\VC100.PDB
