C:\USERS\RAFITA\DESKTOP\OBORO-HARMONY\VCPROJ-10\COMMON\RELEASE\COMMON.LIB
C:\USERS\RAFITA\DESKTOP\OBORO-HARMONY\VCPROJ-10\COMMON\RELEASE\VC100.PDB
C:\Users\Rafita\Desktop\Oboro-No-Harmony\vcproj-10\common\Release\CL.1260.read.1.tlog
C:\Users\Rafita\Desktop\Oboro-No-Harmony\vcproj-10\common\Release\CL.1260.write.1.tlog
C:\Users\Rafita\Desktop\Oboro-No-Harmony\vcproj-10\common\Release\CL.1548.read.1.tlog
C:\Users\Rafita\Desktop\Oboro-No-Harmony\vcproj-10\common\Release\CL.1548.write.1.tlog
C:\Users\Rafita\Desktop\Oboro-No-Harmony\vcproj-10\common\Release\CL.4032.read.1.tlog
C:\Users\Rafita\Desktop\Oboro-No-Harmony\vcproj-10\common\Release\CL.4032.write.1.tlog
C:\Users\Rafita\Desktop\Oboro-No-Harmony\vcproj-10\common\Release\CL.5848.read.1.tlog
C:\Users\Rafita\Desktop\Oboro-No-Harmony\vcproj-10\common\Release\CL.5848.write.1.tlog
C:\Users\Rafita\Desktop\Oboro-No-Harmony\vcproj-10\common\Release\CL.6056.read.1.tlog
C:\Users\Rafita\Desktop\Oboro-No-Harmony\vcproj-10\common\Release\CL.6056.write.1.tlog
C:\Users\Rafita\Desktop\Oboro-No-Harmony\vcproj-10\common\Release\CL.6292.read.1.tlog
C:\Users\Rafita\Desktop\Oboro-No-Harmony\vcproj-10\common\Release\CL.6292.write.1.tlog
C:\Users\Rafita\Desktop\Oboro-No-Harmony\vcproj-10\common\Release\CL.6452.read.1.tlog
C:\Users\Rafita\Desktop\Oboro-No-Harmony\vcproj-10\common\Release\CL.6452.write.1.tlog
C:\Users\Rafita\Desktop\Oboro-No-Harmony\vcproj-10\common\Release\CL.6496.read.1.tlog
C:\Users\Rafita\Desktop\Oboro-No-Harmony\vcproj-10\common\Release\CL.6496.write.1.tlog
C:\Users\Rafita\Desktop\Oboro-No-Harmony\vcproj-10\common\Release\CL.6600.read.1.tlog
C:\Users\Rafita\Desktop\Oboro-No-Harmony\vcproj-10\common\Release\CL.6600.write.1.tlog
C:\Users\Rafita\Desktop\Oboro-No-Harmony\vcproj-10\common\Release\CL.6608.read.1.tlog
C:\Users\Rafita\Desktop\Oboro-No-Harmony\vcproj-10\common\Release\CL.6608.write.1.tlog
C:\Users\Rafita\Desktop\Oboro-No-Harmony\vcproj-10\common\Release\CL.6652.read.1.tlog
C:\Users\Rafita\Desktop\Oboro-No-Harmony\vcproj-10\common\Release\CL.6652.write.1.tlog
C:\Users\Rafita\Desktop\Oboro-No-Harmony\vcproj-10\common\Release\CL.6772.read.1.tlog
C:\Users\Rafita\Desktop\Oboro-No-Harmony\vcproj-10\common\Release\CL.6772.write.1.tlog
C:\Users\Rafita\Desktop\Oboro-No-Harmony\vcproj-10\common\Release\CL.6884.read.1.tlog
C:\Users\Rafita\Desktop\Oboro-No-Harmony\vcproj-10\common\Release\CL.6884.write.1.tlog
C:\Users\Rafita\Desktop\Oboro-No-Harmony\vcproj-10\common\Release\CL.7040.read.1.tlog
C:\Users\Rafita\Desktop\Oboro-No-Harmony\vcproj-10\common\Release\CL.7040.write.1.tlog
C:\Users\Rafita\Desktop\Oboro-No-Harmony\vcproj-10\common\Release\CL.7984.read.1.tlog
C:\Users\Rafita\Desktop\Oboro-No-Harmony\vcproj-10\common\Release\CL.7984.write.1.tlog
C:\Users\Rafita\Desktop\Oboro-No-Harmony\vcproj-10\common\Release\CL.828.read.1.tlog
C:\Users\Rafita\Desktop\Oboro-No-Harmony\vcproj-10\common\Release\CL.828.write.1.tlog
C:\Users\Rafita\Desktop\Oboro-No-Harmony\vcproj-10\common\Release\cl.command.1.tlog
C:\Users\Rafita\Desktop\Oboro-No-Harmony\vcproj-10\common\Release\CL.read.1.tlog
C:\Users\Rafita\Desktop\Oboro-No-Harmony\vcproj-10\common\Release\cl.write.1.tlog
C:\USERS\RAFITA\DESKTOP\OBORO-NO-HARMONY\VCPROJ-10\COMMON\RELEASE\COMMON.LIB
C:\Users\Rafita\Desktop\Oboro-No-Harmony\vcproj-10\common\Release\common.vcxprojResolveAssemblyReference.cache
C:\Users\Rafita\Desktop\Oboro-No-Harmony\vcproj-10\common\Release\common.write.1.tlog
C:\USERS\RAFITA\DESKTOP\OBORO-NO-HARMONY\VCPROJ-10\COMMON\RELEASE\CORE.OBJ
C:\USERS\RAFITA\DESKTOP\OBORO-NO-HARMONY\VCPROJ-10\COMMON\RELEASE\DB.OBJ
C:\USERS\RAFITA\DESKTOP\OBORO-NO-HARMONY\VCPROJ-10\COMMON\RELEASE\DES.OBJ
C:\USERS\RAFITA\DESKTOP\OBORO-NO-HARMONY\VCPROJ-10\COMMON\RELEASE\ERS.OBJ
C:\USERS\RAFITA\DESKTOP\OBORO-NO-HARMONY\VCPROJ-10\COMMON\RELEASE\GRFIO.OBJ
C:\Users\Rafita\Desktop\Oboro-No-Harmony\vcproj-10\common\Release\harmonycore.obj
C:\Users\Rafita\Desktop\Oboro-No-Harmony\vcproj-10\common\Release\lib.command.1.tlog
C:\Users\Rafita\Desktop\Oboro-No-Harmony\vcproj-10\common\Release\Lib-link.read.1.tlog
C:\Users\Rafita\Desktop\Oboro-No-Harmony\vcproj-10\common\Release\Lib-link.write.1.tlog
C:\USERS\RAFITA\DESKTOP\OBORO-NO-HARMONY\VCPROJ-10\COMMON\RELEASE\LOCK.OBJ
C:\USERS\RAFITA\DESKTOP\OBORO-NO-HARMONY\VCPROJ-10\COMMON\RELEASE\MALLOC.OBJ
C:\USERS\RAFITA\DESKTOP\OBORO-NO-HARMONY\VCPROJ-10\COMMON\RELEASE\MAPINDEX.OBJ
C:\USERS\RAFITA\DESKTOP\OBORO-NO-HARMONY\VCPROJ-10\COMMON\RELEASE\MD5CALC.OBJ
C:\USERS\RAFITA\DESKTOP\OBORO-NO-HARMONY\VCPROJ-10\COMMON\RELEASE\MT19937AR.OBJ
C:\USERS\RAFITA\DESKTOP\OBORO-NO-HARMONY\VCPROJ-10\COMMON\RELEASE\NULLPO.OBJ
C:\USERS\RAFITA\DESKTOP\OBORO-NO-HARMONY\VCPROJ-10\COMMON\RELEASE\PLUGINS.OBJ
C:\USERS\RAFITA\DESKTOP\OBORO-NO-HARMONY\VCPROJ-10\COMMON\RELEASE\RANDOM.OBJ
C:\USERS\RAFITA\DESKTOP\OBORO-NO-HARMONY\VCPROJ-10\COMMON\RELEASE\SHOWMSG.OBJ
C:\USERS\RAFITA\DESKTOP\OBORO-NO-HARMONY\VCPROJ-10\COMMON\RELEASE\SOCKET.OBJ
C:\USERS\RAFITA\DESKTOP\OBORO-NO-HARMONY\VCPROJ-10\COMMON\RELEASE\STRLIB.OBJ
C:\USERS\RAFITA\DESKTOP\OBORO-NO-HARMONY\VCPROJ-10\COMMON\RELEASE\TIMER.OBJ
C:\USERS\RAFITA\DESKTOP\OBORO-NO-HARMONY\VCPROJ-10\COMMON\RELEASE\UTILS.OBJ
C:\USERS\RAFITA\DESKTOP\OBORO-NO-HARMONY\VCPROJ-10\COMMON\RELEASE\VC100.PDB
