C:\USERS\RAFITA\DESKTOP\EATHENA\VCPROJ-10\COMMON\DEBUG\VC110.PDB
C:\USERS\RAFITA\DESKTOP\EATHENA\VCPROJ-10\COMMON\DEBUG\COMMON.LIB
C:\Users\Rafita\Desktop\eAthena\vcproj-10\common\Debug\core.obj
C:\Users\Rafita\Desktop\eAthena\vcproj-10\common\Debug\db.obj
C:\Users\Rafita\Desktop\eAthena\vcproj-10\common\Debug\des.obj
C:\Users\Rafita\Desktop\eAthena\vcproj-10\common\Debug\ers.obj
C:\Users\Rafita\Desktop\eAthena\vcproj-10\common\Debug\grfio.obj
C:\Users\Rafita\Desktop\eAthena\vcproj-10\common\Debug\harmonycore.obj
C:\Users\Rafita\Desktop\eAthena\vcproj-10\common\Debug\lock.obj
C:\Users\Rafita\Desktop\eAthena\vcproj-10\common\Debug\malloc.obj
C:\Users\Rafita\Desktop\eAthena\vcproj-10\common\Debug\mapindex.obj
C:\Users\Rafita\Desktop\eAthena\vcproj-10\common\Debug\md5calc.obj
C:\Users\Rafita\Desktop\eAthena\vcproj-10\common\Debug\mt19937ar.obj
C:\Users\Rafita\Desktop\eAthena\vcproj-10\common\Debug\nullpo.obj
C:\Users\Rafita\Desktop\eAthena\vcproj-10\common\Debug\plugins.obj
C:\Users\Rafita\Desktop\eAthena\vcproj-10\common\Debug\random.obj
C:\Users\Rafita\Desktop\eAthena\vcproj-10\common\Debug\showmsg.obj
C:\Users\Rafita\Desktop\eAthena\vcproj-10\common\Debug\socket.obj
C:\Users\Rafita\Desktop\eAthena\vcproj-10\common\Debug\strlib.obj
C:\Users\Rafita\Desktop\eAthena\vcproj-10\common\Debug\timer.obj
C:\Users\Rafita\Desktop\eAthena\vcproj-10\common\Debug\utils.obj
C:\Users\Rafita\Desktop\eAthena\vcproj-10\common\Debug\CL.10584.read.1.tlog
C:\Users\Rafita\Desktop\eAthena\vcproj-10\common\Debug\CL.10584.write.1.tlog
C:\Users\Rafita\Desktop\eAthena\vcproj-10\common\Debug\CL.3612.read.1.tlog
C:\Users\Rafita\Desktop\eAthena\vcproj-10\common\Debug\CL.3612.write.1.tlog
C:\Users\Rafita\Desktop\eAthena\vcproj-10\common\Debug\CL.5356.read.1.tlog
C:\Users\Rafita\Desktop\eAthena\vcproj-10\common\Debug\CL.5356.write.1.tlog
C:\Users\Rafita\Desktop\eAthena\vcproj-10\common\Debug\CL.5392.read.1.tlog
C:\Users\Rafita\Desktop\eAthena\vcproj-10\common\Debug\CL.5392.write.1.tlog
C:\Users\Rafita\Desktop\eAthena\vcproj-10\common\Debug\CL.6568.read.1.tlog
C:\Users\Rafita\Desktop\eAthena\vcproj-10\common\Debug\CL.6568.write.1.tlog
C:\Users\Rafita\Desktop\eAthena\vcproj-10\common\Debug\CL.6652.read.1.tlog
C:\Users\Rafita\Desktop\eAthena\vcproj-10\common\Debug\CL.6652.write.1.tlog
C:\Users\Rafita\Desktop\eAthena\vcproj-10\common\Debug\CL.9328.read.1.tlog
C:\Users\Rafita\Desktop\eAthena\vcproj-10\common\Debug\CL.9328.write.1.tlog
C:\Users\Rafita\Desktop\eAthena\vcproj-10\common\Debug\CL.9464.read.1.tlog
C:\Users\Rafita\Desktop\eAthena\vcproj-10\common\Debug\CL.9464.write.1.tlog
C:\Users\Rafita\Desktop\eAthena\vcproj-10\common\Debug\cl.command.1.tlog
C:\Users\Rafita\Desktop\eAthena\vcproj-10\common\Debug\CL.read.1.tlog
C:\Users\Rafita\Desktop\eAthena\vcproj-10\common\Debug\cl.write.1.tlog
C:\Users\Rafita\Desktop\eAthena\vcproj-10\common\Debug\Lib-link.read.1.tlog
C:\Users\Rafita\Desktop\eAthena\vcproj-10\common\Debug\Lib-link.write.1.tlog
C:\Users\Rafita\Desktop\eAthena\vcproj-10\common\Debug\lib.command.1.tlog
C:\Users\Rafita\Desktop\eAthena\vcproj-10\common\Debug\vc110.pdb
C:\Users\Rafita\Desktop\eAthena\vcproj-10\common\Debug\common.lib
