Build started 12/02/2017 09:42:40 p.m..
     1>Project "C:\Users\Rafita\Desktop\Oboro-Harmony\vcproj-10\mapcache.vcxproj" on node 3 (build target(s)).
     1>InitializeBuildStatus:
         Creating "mapcache\Release\mapcache.unsuccessfulbuild" because "AlwaysCreate" was specified.
       ClCompile:
         C:\Program Files (x86)\Microsoft Visual Studio 10.0\VC\bin\CL.exe /c /I..\src\common /I..\3rdparty\msinttypes\include /Zi /nologo /W3 /WX- /MP /O2 /Oy- /GL /D WIN32 /D NDEBUG /D _MBCS /Gm- /EHsc /MT /GS /Gy- /fp:precise /Zc:wchar_t /Zc:forScope /Fo"mapcache\Release\\" /Fd"mapcache\Release\vc100.pdb" /Gd /TC /wd4996 /FIconfig.vc.h /analyze- /errorReport:prompt ..\src\tool\mapcache.c
         mapcache.c
       Link:
         C:\Program Files (x86)\Microsoft Visual Studio 10.0\VC\bin\link.exe /ERRORREPORT:PROMPT /OUT:"..\mapcache.exe" /INCREMENTAL:NO /NOLOGO libcmt.lib oldnames.lib kernel32.lib user32.lib gdi32.lib winspool.lib comdlg32.lib advapi32.lib shell32.lib ole32.lib oleaut32.lib uuid.lib odbc32.lib odbccp32.lib /NODEFAULTLIB /MANIFEST /ManifestFile:"mapcache\Release\mapcache.exe.intermediate.manifest" /MANIFESTUAC:"level='asInvoker' uiAccess='false'" /DEBUG /PDB:"..\mapcache.pdb" /SUBSYSTEM:CONSOLE /OPT:REF /OPT:ICF /LTCG /TLBID:1 /DYNAMICBASE:NO /NXCOMPAT /IMPLIB:"..\mapcache.lib" /MACHINE:X86 mapcache\Release\mapcache.obj
         "C:\Users\Rafita\Desktop\Oboro-Harmony\vcproj-10\common\Release\common.lib"
         Generating code
         Finished generating code
         mapcache.vcxproj -> C:\Users\Rafita\Desktop\Oboro-Harmony\vcproj-10\..\mapcache.exe
       Manifest:
         C:\Program Files (x86)\Microsoft SDKs\Windows\v7.0A\bin\mt.exe /nologo /verbose /outputresource:"..\mapcache.exe;#1" /manifest mapcache\Release\mapcache.exe.intermediate.manifest
       FinalizeBuildStatus:
         Deleting file "mapcache\Release\mapcache.unsuccessfulbuild".
         Touching "mapcache\Release\mapcache.lastbuildstate".
     1>Done Building Project "C:\Users\Rafita\Desktop\Oboro-Harmony\vcproj-10\mapcache.vcxproj" (build target(s)).

Build succeeded.

Time Elapsed 00:00:04.43
