..\mapcache.pdb
C:\Users\Rafita\Desktop\COSAS\COSAS RAGNAROK\Oboro\Oboro-eAmod-Harmony\vcproj-10\..\mapcache.exe
C:\Users\Rafita\Desktop\COSAS\COSAS RAGNAROK\Oboro\Oboro-eAmod-Harmony\vcproj-10\mapcache\Release\cl.command.1.tlog
C:\Users\Rafita\Desktop\COSAS\COSAS RAGNAROK\Oboro\Oboro-eAmod-Harmony\vcproj-10\mapcache\Release\CL.read.1.tlog
C:\Users\Rafita\Desktop\COSAS\COSAS RAGNAROK\Oboro\Oboro-eAmod-Harmony\vcproj-10\mapcache\Release\CL.write.1.tlog
C:\Users\Rafita\Desktop\COSAS\COSAS RAGNAROK\Oboro\Oboro-eAmod-Harmony\vcproj-10\mapcache\Release\link.command.1.tlog
C:\Users\Rafita\Desktop\COSAS\COSAS RAGNAROK\Oboro\Oboro-eAmod-Harmony\vcproj-10\mapcache\Release\link.read.1.tlog
C:\Users\Rafita\Desktop\COSAS\COSAS RAGNAROK\Oboro\Oboro-eAmod-Harmony\vcproj-10\mapcache\Release\link.write.1.tlog
C:\Users\Rafita\Desktop\COSAS\COSAS RAGNAROK\Oboro\Oboro-eAmod-Harmony\vcproj-10\mapcache\Release\mapcache.exe.intermediate.manifest
C:\Users\Rafita\Desktop\COSAS\COSAS RAGNAROK\Oboro\Oboro-eAmod-Harmony\vcproj-10\mapcache\Release\mapcache.obj
C:\Users\Rafita\Desktop\COSAS\COSAS RAGNAROK\Oboro\Oboro-eAmod-Harmony\vcproj-10\mapcache\Release\mapcache.write.1.tlog
C:\Users\Rafita\Desktop\COSAS\COSAS RAGNAROK\Oboro\Oboro-eAmod-Harmony\vcproj-10\mapcache\Release\mt.command.1.tlog
C:\Users\Rafita\Desktop\COSAS\COSAS RAGNAROK\Oboro\Oboro-eAmod-Harmony\vcproj-10\mapcache\Release\mt.read.1.tlog
C:\Users\Rafita\Desktop\COSAS\COSAS RAGNAROK\Oboro\Oboro-eAmod-Harmony\vcproj-10\mapcache\Release\mt.write.1.tlog
C:\Users\Rafita\Desktop\COSAS\COSAS RAGNAROK\Oboro\Oboro-eAmod-Harmony\vcproj-10\mapcache\Release\vc100.pdb
C:\USERS\RAFITA\DESKTOP\COSAS\COSAS RAGNAROK\OBORO\OBORO-EMULATOR-HARMONY\MAPCACHE.EXE
C:\USERS\RAFITA\DESKTOP\COSAS\COSAS RAGNAROK\OBORO\OBORO-EMULATOR-HARMONY\MAPCACHE.PDB
C:\USERS\RAFITA\DESKTOP\COSAS\COSAS RAGNAROK\OBORO\OBORO-EMULATOR-HARMONY\VCPROJ-10\MAPCACHE\RELEASE\MAPCACHE.EXE.INTERMEDIATE.MANIFEST
C:\USERS\RAFITA\DESKTOP\COSAS\COSAS RAGNAROK\OBORO\OBORO-EMULATOR-HARMONY\VCPROJ-10\MAPCACHE\RELEASE\MAPCACHE.OBJ
C:\USERS\RAFITA\DESKTOP\COSAS\COSAS RAGNAROK\OBORO\OBORO-EMULATOR-HARMONY\VCPROJ-10\MAPCACHE\RELEASE\VC100.PDB
