C:\Users\Rafita\Desktop\rAmod\vcproj-10\map-server\Debug\achievement.obj
C:\Users\Rafita\Desktop\rAmod\vcproj-10\map-server\Debug\atcommand.obj
C:\Users\Rafita\Desktop\rAmod\vcproj-10\map-server\Debug\battle.obj
C:\Users\Rafita\Desktop\rAmod\vcproj-10\map-server\Debug\battleground.obj
C:\Users\Rafita\Desktop\rAmod\vcproj-10\map-server\Debug\buyingstore.obj
C:\Users\Rafita\Desktop\rAmod\vcproj-10\map-server\Debug\cashshop.obj
C:\Users\Rafita\Desktop\rAmod\vcproj-10\map-server\Debug\channel.obj
C:\Users\Rafita\Desktop\rAmod\vcproj-10\map-server\Debug\chat.obj
C:\Users\Rafita\Desktop\rAmod\vcproj-10\map-server\Debug\chrif.obj
C:\Users\Rafita\Desktop\rAmod\vcproj-10\map-server\Debug\CL.9688.read.1.tlog
C:\Users\Rafita\Desktop\rAmod\vcproj-10\map-server\Debug\CL.9688.write.1.tlog
C:\Users\Rafita\Desktop\rAmod\vcproj-10\map-server\Debug\CL.9712.read.1.tlog
C:\Users\Rafita\Desktop\rAmod\vcproj-10\map-server\Debug\CL.9712.write.1.tlog
C:\Users\Rafita\Desktop\rAmod\vcproj-10\map-server\Debug\CL.9752.read.1.tlog
C:\Users\Rafita\Desktop\rAmod\vcproj-10\map-server\Debug\CL.9752.write.1.tlog
C:\Users\Rafita\Desktop\rAmod\vcproj-10\map-server\Debug\CL.9760.read.1.tlog
C:\Users\Rafita\Desktop\rAmod\vcproj-10\map-server\Debug\CL.9760.write.1.tlog
C:\Users\Rafita\Desktop\rAmod\vcproj-10\map-server\Debug\CL.9780.read.1.tlog
C:\Users\Rafita\Desktop\rAmod\vcproj-10\map-server\Debug\CL.9780.write.1.tlog
C:\Users\Rafita\Desktop\rAmod\vcproj-10\map-server\Debug\CL.9804.read.1.tlog
C:\Users\Rafita\Desktop\rAmod\vcproj-10\map-server\Debug\CL.9804.write.1.tlog
C:\Users\Rafita\Desktop\rAmod\vcproj-10\map-server\Debug\CL.9892.read.1.tlog
C:\Users\Rafita\Desktop\rAmod\vcproj-10\map-server\Debug\CL.9892.write.1.tlog
C:\Users\Rafita\Desktop\rAmod\vcproj-10\map-server\Debug\CL.9900.read.1.tlog
C:\Users\Rafita\Desktop\rAmod\vcproj-10\map-server\Debug\CL.9900.write.1.tlog
C:\Users\Rafita\Desktop\rAmod\vcproj-10\map-server\Debug\cl.command.1.tlog
C:\Users\Rafita\Desktop\rAmod\vcproj-10\map-server\Debug\CL.read.1.tlog
C:\Users\Rafita\Desktop\rAmod\vcproj-10\map-server\Debug\cl.write.1.tlog
C:\Users\Rafita\Desktop\rAmod\vcproj-10\map-server\Debug\cli.obj
C:\Users\Rafita\Desktop\rAmod\vcproj-10\map-server\Debug\clif.obj
C:\Users\Rafita\Desktop\rAmod\vcproj-10\map-server\Debug\conf.obj
C:\Users\Rafita\Desktop\rAmod\vcproj-10\map-server\Debug\core.obj
C:\Users\Rafita\Desktop\rAmod\vcproj-10\map-server\Debug\date.obj
C:\Users\Rafita\Desktop\rAmod\vcproj-10\map-server\Debug\db.obj
C:\Users\Rafita\Desktop\rAmod\vcproj-10\map-server\Debug\des.obj
C:\Users\Rafita\Desktop\rAmod\vcproj-10\map-server\Debug\duel.obj
C:\Users\Rafita\Desktop\rAmod\vcproj-10\map-server\Debug\elemental.obj
C:\Users\Rafita\Desktop\rAmod\vcproj-10\map-server\Debug\ers.obj
C:\Users\Rafita\Desktop\rAmod\vcproj-10\map-server\Debug\faction.obj
C:\Users\Rafita\Desktop\rAmod\vcproj-10\map-server\Debug\grammar.obj
C:\Users\Rafita\Desktop\rAmod\vcproj-10\map-server\Debug\grfio.obj
C:\Users\Rafita\Desktop\rAmod\vcproj-10\map-server\Debug\guild.obj
C:\Users\Rafita\Desktop\rAmod\vcproj-10\map-server\Debug\homunculus.obj
C:\Users\Rafita\Desktop\rAmod\vcproj-10\map-server\Debug\instance.obj
C:\Users\Rafita\Desktop\rAmod\vcproj-10\map-server\Debug\intif.obj
C:\Users\Rafita\Desktop\rAmod\vcproj-10\map-server\Debug\itemdb.obj
C:\Users\Rafita\Desktop\rAmod\vcproj-10\map-server\Debug\libconfig.obj
C:\Users\Rafita\Desktop\rAmod\vcproj-10\map-server\Debug\link.command.1.tlog
C:\Users\Rafita\Desktop\rAmod\vcproj-10\map-server\Debug\link.read.1.tlog
C:\Users\Rafita\Desktop\rAmod\vcproj-10\map-server\Debug\link.write.1.tlog
C:\Users\Rafita\Desktop\rAmod\vcproj-10\map-server\Debug\log.obj
C:\Users\Rafita\Desktop\rAmod\vcproj-10\map-server\Debug\mail.obj
C:\Users\Rafita\Desktop\rAmod\vcproj-10\map-server\Debug\malloc.obj
C:\Users\Rafita\Desktop\rAmod\vcproj-10\map-server\Debug\map.obj
C:\Users\Rafita\Desktop\rAmod\vcproj-10\map-server\Debug\mapindex.obj
C:\Users\Rafita\Desktop\rAmod\vcproj-10\map-server\Debug\mapreg.obj
C:\Users\Rafita\Desktop\rAmod\vcproj-10\map-server\Debug\map-server.exe.embed.manifest
C:\USERS\RAFITA\DESKTOP\RAMOD\VCPROJ-10\MAP-SERVER\DEBUG\MAP-SERVER.EXE.EMBED.MANIFEST.RES
C:\Users\Rafita\Desktop\rAmod\vcproj-10\map-server\Debug\map-server.vcxprojResolveAssemblyReference.cache
C:\Users\Rafita\Desktop\rAmod\vcproj-10\map-server\Debug\map-server.write.1.tlog
C:\Users\Rafita\Desktop\rAmod\vcproj-10\map-server\Debug\map-server_manifest.rc
C:\Users\Rafita\Desktop\rAmod\vcproj-10\map-server\Debug\md5calc.obj
C:\Users\Rafita\Desktop\rAmod\vcproj-10\map-server\Debug\mempool.obj
C:\Users\Rafita\Desktop\rAmod\vcproj-10\map-server\Debug\mercenary.obj
C:\Users\Rafita\Desktop\rAmod\vcproj-10\map-server\Debug\mob.obj
C:\Users\Rafita\Desktop\rAmod\vcproj-10\map-server\Debug\msg_conf.obj
C:\Users\Rafita\Desktop\rAmod\vcproj-10\map-server\Debug\mt19937ar.obj
C:\Users\Rafita\Desktop\rAmod\vcproj-10\map-server\Debug\mutex.obj
C:\Users\Rafita\Desktop\rAmod\vcproj-10\map-server\Debug\npc.obj
C:\Users\Rafita\Desktop\rAmod\vcproj-10\map-server\Debug\npc_chat.obj
C:\Users\Rafita\Desktop\rAmod\vcproj-10\map-server\Debug\nullpo.obj
C:\Users\Rafita\Desktop\rAmod\vcproj-10\map-server\Debug\party.obj
C:\Users\Rafita\Desktop\rAmod\vcproj-10\map-server\Debug\path.obj
C:\Users\Rafita\Desktop\rAmod\vcproj-10\map-server\Debug\pc.obj
C:\Users\Rafita\Desktop\rAmod\vcproj-10\map-server\Debug\pc_groups.obj
C:\Users\Rafita\Desktop\rAmod\vcproj-10\map-server\Debug\pet.obj
C:\Users\Rafita\Desktop\rAmod\vcproj-10\map-server\Debug\quest.obj
C:\Users\Rafita\Desktop\rAmod\vcproj-10\map-server\Debug\raconf.obj
C:\Users\Rafita\Desktop\rAmod\vcproj-10\map-server\Debug\random.obj
C:\Users\Rafita\Desktop\rAmod\vcproj-10\map-server\Debug\rc.command.1.tlog
C:\Users\Rafita\Desktop\rAmod\vcproj-10\map-server\Debug\rc.read.1.tlog
C:\Users\Rafita\Desktop\rAmod\vcproj-10\map-server\Debug\rc.write.1.tlog
C:\Users\Rafita\Desktop\rAmod\vcproj-10\map-server\Debug\region.obj
C:\Users\Rafita\Desktop\rAmod\vcproj-10\map-server\Debug\scanctx.obj
C:\Users\Rafita\Desktop\rAmod\vcproj-10\map-server\Debug\scanner.obj
C:\Users\Rafita\Desktop\rAmod\vcproj-10\map-server\Debug\script.obj
C:\Users\Rafita\Desktop\rAmod\vcproj-10\map-server\Debug\searchstore.obj
C:\Users\Rafita\Desktop\rAmod\vcproj-10\map-server\Debug\showmsg.obj
C:\Users\Rafita\Desktop\rAmod\vcproj-10\map-server\Debug\skill.obj
C:\Users\Rafita\Desktop\rAmod\vcproj-10\map-server\Debug\socket.obj
C:\Users\Rafita\Desktop\rAmod\vcproj-10\map-server\Debug\sql.obj
C:\Users\Rafita\Desktop\rAmod\vcproj-10\map-server\Debug\status.obj
C:\Users\Rafita\Desktop\rAmod\vcproj-10\map-server\Debug\storage.obj
C:\Users\Rafita\Desktop\rAmod\vcproj-10\map-server\Debug\strbuf.obj
C:\Users\Rafita\Desktop\rAmod\vcproj-10\map-server\Debug\strlib.obj
C:\Users\Rafita\Desktop\rAmod\vcproj-10\map-server\Debug\thread.obj
C:\Users\Rafita\Desktop\rAmod\vcproj-10\map-server\Debug\timer.obj
C:\Users\Rafita\Desktop\rAmod\vcproj-10\map-server\Debug\trade.obj
C:\Users\Rafita\Desktop\rAmod\vcproj-10\map-server\Debug\unit.obj
C:\Users\Rafita\Desktop\rAmod\vcproj-10\map-server\Debug\utils.obj
C:\Users\Rafita\Desktop\rAmod\vcproj-10\map-server\Debug\vc100.idb
C:\USERS\RAFITA\DESKTOP\RAMOD\VCPROJ-10\MAP-SERVER\DEBUG\VC100.PDB
C:\Users\Rafita\Desktop\rAmod\vcproj-10\map-server\Debug\vending.obj
