..\map-server_sql.pdb
C:\USERS\RAFITA\DESKTOP\OBORO-HARMONY\MAP-SERVER_SQL.EXE
C:\USERS\RAFITA\DESKTOP\OBORO-HARMONY\MAP-SERVER_SQL.PDB
C:\USERS\RAFITA\DESKTOP\OBORO-HARMONY\VCPROJ-10\MAP-SERVER_SQL\RELEASE\MAP-SERVER_SQL.EXE.INTERMEDIATE.MANIFEST
C:\USERS\RAFITA\DESKTOP\OBORO-HARMONY\VCPROJ-10\MAP-SERVER_SQL\RELEASE\VC100.PDB
C:\Users\Rafita\Desktop\Oboro-No-Harmony\vcproj-10\..\map-server_sql.exe
C:\USERS\RAFITA\DESKTOP\OBORO-NO-HARMONY\VCPROJ-10\MAP-SERVER_SQL\RELEASE\ACHIEVEMENT.OBJ
C:\Users\Rafita\Desktop\Oboro-No-Harmony\vcproj-10\map-server_sql\Release\atcommand.obj
C:\USERS\RAFITA\DESKTOP\OBORO-NO-HARMONY\VCPROJ-10\MAP-SERVER_SQL\RELEASE\BATTLE.OBJ
C:\USERS\RAFITA\DESKTOP\OBORO-NO-HARMONY\VCPROJ-10\MAP-SERVER_SQL\RELEASE\BATTLEGROUND.OBJ
C:\USERS\RAFITA\DESKTOP\OBORO-NO-HARMONY\VCPROJ-10\MAP-SERVER_SQL\RELEASE\BUYINGSTORE.OBJ
C:\USERS\RAFITA\DESKTOP\OBORO-NO-HARMONY\VCPROJ-10\MAP-SERVER_SQL\RELEASE\CHANNEL.OBJ
C:\USERS\RAFITA\DESKTOP\OBORO-NO-HARMONY\VCPROJ-10\MAP-SERVER_SQL\RELEASE\CHAT.OBJ
C:\USERS\RAFITA\DESKTOP\OBORO-NO-HARMONY\VCPROJ-10\MAP-SERVER_SQL\RELEASE\CHRIF.OBJ
C:\Users\Rafita\Desktop\Oboro-No-Harmony\vcproj-10\map-server_sql\Release\CL.3112.read.1.tlog
C:\Users\Rafita\Desktop\Oboro-No-Harmony\vcproj-10\map-server_sql\Release\CL.3112.write.1.tlog
C:\Users\Rafita\Desktop\Oboro-No-Harmony\vcproj-10\map-server_sql\Release\CL.3116.read.1.tlog
C:\Users\Rafita\Desktop\Oboro-No-Harmony\vcproj-10\map-server_sql\Release\CL.3116.write.1.tlog
C:\Users\Rafita\Desktop\Oboro-No-Harmony\vcproj-10\map-server_sql\Release\CL.3304.read.1.tlog
C:\Users\Rafita\Desktop\Oboro-No-Harmony\vcproj-10\map-server_sql\Release\CL.3304.write.1.tlog
C:\Users\Rafita\Desktop\Oboro-No-Harmony\vcproj-10\map-server_sql\Release\CL.4444.read.1.tlog
C:\Users\Rafita\Desktop\Oboro-No-Harmony\vcproj-10\map-server_sql\Release\CL.4444.write.1.tlog
C:\Users\Rafita\Desktop\Oboro-No-Harmony\vcproj-10\map-server_sql\Release\CL.4744.read.1.tlog
C:\Users\Rafita\Desktop\Oboro-No-Harmony\vcproj-10\map-server_sql\Release\CL.4744.write.1.tlog
C:\Users\Rafita\Desktop\Oboro-No-Harmony\vcproj-10\map-server_sql\Release\CL.6188.read.1.tlog
C:\Users\Rafita\Desktop\Oboro-No-Harmony\vcproj-10\map-server_sql\Release\CL.6188.write.1.tlog
C:\Users\Rafita\Desktop\Oboro-No-Harmony\vcproj-10\map-server_sql\Release\CL.6256.read.1.tlog
C:\Users\Rafita\Desktop\Oboro-No-Harmony\vcproj-10\map-server_sql\Release\CL.6256.write.1.tlog
C:\Users\Rafita\Desktop\Oboro-No-Harmony\vcproj-10\map-server_sql\Release\CL.6868.read.1.tlog
C:\Users\Rafita\Desktop\Oboro-No-Harmony\vcproj-10\map-server_sql\Release\CL.6868.write.1.tlog
C:\Users\Rafita\Desktop\Oboro-No-Harmony\vcproj-10\map-server_sql\Release\CL.7076.read.1.tlog
C:\Users\Rafita\Desktop\Oboro-No-Harmony\vcproj-10\map-server_sql\Release\CL.7076.write.1.tlog
C:\Users\Rafita\Desktop\Oboro-No-Harmony\vcproj-10\map-server_sql\Release\CL.7092.read.1.tlog
C:\Users\Rafita\Desktop\Oboro-No-Harmony\vcproj-10\map-server_sql\Release\CL.7092.write.1.tlog
C:\Users\Rafita\Desktop\Oboro-No-Harmony\vcproj-10\map-server_sql\Release\CL.7172.read.1.tlog
C:\Users\Rafita\Desktop\Oboro-No-Harmony\vcproj-10\map-server_sql\Release\CL.7172.write.1.tlog
C:\Users\Rafita\Desktop\Oboro-No-Harmony\vcproj-10\map-server_sql\Release\CL.7180.read.1.tlog
C:\Users\Rafita\Desktop\Oboro-No-Harmony\vcproj-10\map-server_sql\Release\CL.7180.write.1.tlog
C:\Users\Rafita\Desktop\Oboro-No-Harmony\vcproj-10\map-server_sql\Release\CL.7188.read.1.tlog
C:\Users\Rafita\Desktop\Oboro-No-Harmony\vcproj-10\map-server_sql\Release\CL.7188.write.1.tlog
C:\Users\Rafita\Desktop\Oboro-No-Harmony\vcproj-10\map-server_sql\Release\CL.7320.read.1.tlog
C:\Users\Rafita\Desktop\Oboro-No-Harmony\vcproj-10\map-server_sql\Release\CL.7320.write.1.tlog
C:\Users\Rafita\Desktop\Oboro-No-Harmony\vcproj-10\map-server_sql\Release\CL.7940.read.1.tlog
C:\Users\Rafita\Desktop\Oboro-No-Harmony\vcproj-10\map-server_sql\Release\CL.7940.write.1.tlog
C:\Users\Rafita\Desktop\Oboro-No-Harmony\vcproj-10\map-server_sql\Release\CL.852.read.1.tlog
C:\Users\Rafita\Desktop\Oboro-No-Harmony\vcproj-10\map-server_sql\Release\CL.852.write.1.tlog
C:\Users\Rafita\Desktop\Oboro-No-Harmony\vcproj-10\map-server_sql\Release\cl.command.1.tlog
C:\Users\Rafita\Desktop\Oboro-No-Harmony\vcproj-10\map-server_sql\Release\CL.read.1.tlog
C:\Users\Rafita\Desktop\Oboro-No-Harmony\vcproj-10\map-server_sql\Release\cl.write.1.tlog
C:\USERS\RAFITA\DESKTOP\OBORO-NO-HARMONY\VCPROJ-10\MAP-SERVER_SQL\RELEASE\CLIF.OBJ
C:\USERS\RAFITA\DESKTOP\OBORO-NO-HARMONY\VCPROJ-10\MAP-SERVER_SQL\RELEASE\DATE.OBJ
C:\USERS\RAFITA\DESKTOP\OBORO-NO-HARMONY\VCPROJ-10\MAP-SERVER_SQL\RELEASE\DUEL.OBJ
C:\USERS\RAFITA\DESKTOP\OBORO-NO-HARMONY\VCPROJ-10\MAP-SERVER_SQL\RELEASE\FACTION.OBJ
C:\USERS\RAFITA\DESKTOP\OBORO-NO-HARMONY\VCPROJ-10\MAP-SERVER_SQL\RELEASE\GUILD.OBJ
C:\USERS\RAFITA\DESKTOP\OBORO-NO-HARMONY\VCPROJ-10\MAP-SERVER_SQL\RELEASE\GUILD_CASTLE.OBJ
C:\USERS\RAFITA\DESKTOP\OBORO-NO-HARMONY\VCPROJ-10\MAP-SERVER_SQL\RELEASE\GUILD_EXPCACHE.OBJ
C:\Users\Rafita\Desktop\Oboro-No-Harmony\vcproj-10\map-server_sql\Release\harmony.obj
C:\Users\Rafita\Desktop\Oboro-No-Harmony\vcproj-10\map-server_sql\Release\harmonycore.obj
C:\USERS\RAFITA\DESKTOP\OBORO-NO-HARMONY\VCPROJ-10\MAP-SERVER_SQL\RELEASE\HOMUNCULUS.OBJ
C:\USERS\RAFITA\DESKTOP\OBORO-NO-HARMONY\VCPROJ-10\MAP-SERVER_SQL\RELEASE\INSTANCE.OBJ
C:\USERS\RAFITA\DESKTOP\OBORO-NO-HARMONY\VCPROJ-10\MAP-SERVER_SQL\RELEASE\INTIF.OBJ
C:\USERS\RAFITA\DESKTOP\OBORO-NO-HARMONY\VCPROJ-10\MAP-SERVER_SQL\RELEASE\ITEMDB.OBJ
C:\Users\Rafita\Desktop\Oboro-No-Harmony\vcproj-10\map-server_sql\Release\link.command.1.tlog
C:\Users\Rafita\Desktop\Oboro-No-Harmony\vcproj-10\map-server_sql\Release\link.read.1.tlog
C:\Users\Rafita\Desktop\Oboro-No-Harmony\vcproj-10\map-server_sql\Release\link.write.1.tlog
C:\USERS\RAFITA\DESKTOP\OBORO-NO-HARMONY\VCPROJ-10\MAP-SERVER_SQL\RELEASE\LOG.OBJ
C:\USERS\RAFITA\DESKTOP\OBORO-NO-HARMONY\VCPROJ-10\MAP-SERVER_SQL\RELEASE\MAIL.OBJ
C:\USERS\RAFITA\DESKTOP\OBORO-NO-HARMONY\VCPROJ-10\MAP-SERVER_SQL\RELEASE\MAP.OBJ
C:\USERS\RAFITA\DESKTOP\OBORO-NO-HARMONY\VCPROJ-10\MAP-SERVER_SQL\RELEASE\MAPREG_SQL.OBJ
C:\Users\Rafita\Desktop\Oboro-No-Harmony\vcproj-10\map-server_sql\Release\map-server_sql.exe.intermediate.manifest
C:\Users\Rafita\Desktop\Oboro-No-Harmony\vcproj-10\map-server_sql\Release\map-server_sql.vcxprojResolveAssemblyReference.cache
C:\Users\Rafita\Desktop\Oboro-No-Harmony\vcproj-10\map-server_sql\Release\map-server_sql.write.1.tlog
C:\USERS\RAFITA\DESKTOP\OBORO-NO-HARMONY\VCPROJ-10\MAP-SERVER_SQL\RELEASE\MERCENARY.OBJ
C:\USERS\RAFITA\DESKTOP\OBORO-NO-HARMONY\VCPROJ-10\MAP-SERVER_SQL\RELEASE\MOB.OBJ
C:\Users\Rafita\Desktop\Oboro-No-Harmony\vcproj-10\map-server_sql\Release\mt.command.1.tlog
C:\Users\Rafita\Desktop\Oboro-No-Harmony\vcproj-10\map-server_sql\Release\mt.read.1.tlog
C:\Users\Rafita\Desktop\Oboro-No-Harmony\vcproj-10\map-server_sql\Release\mt.write.1.tlog
C:\USERS\RAFITA\DESKTOP\OBORO-NO-HARMONY\VCPROJ-10\MAP-SERVER_SQL\RELEASE\NPC.OBJ
C:\USERS\RAFITA\DESKTOP\OBORO-NO-HARMONY\VCPROJ-10\MAP-SERVER_SQL\RELEASE\NPC_CHAT.OBJ
C:\USERS\RAFITA\DESKTOP\OBORO-NO-HARMONY\VCPROJ-10\MAP-SERVER_SQL\RELEASE\OBORO.OBJ
C:\USERS\RAFITA\DESKTOP\OBORO-NO-HARMONY\VCPROJ-10\MAP-SERVER_SQL\RELEASE\PARTY.OBJ
C:\USERS\RAFITA\DESKTOP\OBORO-NO-HARMONY\VCPROJ-10\MAP-SERVER_SQL\RELEASE\PATH.OBJ
C:\USERS\RAFITA\DESKTOP\OBORO-NO-HARMONY\VCPROJ-10\MAP-SERVER_SQL\RELEASE\PC.OBJ
C:\USERS\RAFITA\DESKTOP\OBORO-NO-HARMONY\VCPROJ-10\MAP-SERVER_SQL\RELEASE\PET.OBJ
C:\USERS\RAFITA\DESKTOP\OBORO-NO-HARMONY\VCPROJ-10\MAP-SERVER_SQL\RELEASE\QUEST.OBJ
C:\USERS\RAFITA\DESKTOP\OBORO-NO-HARMONY\VCPROJ-10\MAP-SERVER_SQL\RELEASE\REGION.OBJ
C:\USERS\RAFITA\DESKTOP\OBORO-NO-HARMONY\VCPROJ-10\MAP-SERVER_SQL\RELEASE\SCRIPT.OBJ
C:\USERS\RAFITA\DESKTOP\OBORO-NO-HARMONY\VCPROJ-10\MAP-SERVER_SQL\RELEASE\SEARCHSTORE.OBJ
C:\USERS\RAFITA\DESKTOP\OBORO-NO-HARMONY\VCPROJ-10\MAP-SERVER_SQL\RELEASE\SKILL.OBJ
C:\USERS\RAFITA\DESKTOP\OBORO-NO-HARMONY\VCPROJ-10\MAP-SERVER_SQL\RELEASE\STATUS.OBJ
C:\USERS\RAFITA\DESKTOP\OBORO-NO-HARMONY\VCPROJ-10\MAP-SERVER_SQL\RELEASE\STORAGE.OBJ
C:\USERS\RAFITA\DESKTOP\OBORO-NO-HARMONY\VCPROJ-10\MAP-SERVER_SQL\RELEASE\TRADE.OBJ
C:\USERS\RAFITA\DESKTOP\OBORO-NO-HARMONY\VCPROJ-10\MAP-SERVER_SQL\RELEASE\UNIT.OBJ
C:\Users\Rafita\Desktop\Oboro-No-Harmony\vcproj-10\map-server_sql\Release\vc100.pdb
C:\USERS\RAFITA\DESKTOP\OBORO-NO-HARMONY\VCPROJ-10\MAP-SERVER_SQL\RELEASE\VENDING.OBJ
