C:\USERS\RAFITA\DESKTOP\EATHENA\VCPROJ-10\CHAR-SERVER_SQL\DEBUG\VC110.PDB
C:\Users\Rafita\Desktop\eAthena\vcproj-10\char-server_sql\Debug\char.obj
C:\Users\Rafita\Desktop\eAthena\vcproj-10\char-server_sql\Debug\harmonycore.obj
C:\Users\Rafita\Desktop\eAthena\vcproj-10\char-server_sql\Debug\inter.obj
C:\Users\Rafita\Desktop\eAthena\vcproj-10\char-server_sql\Debug\int_achievement.obj
C:\Users\Rafita\Desktop\eAthena\vcproj-10\char-server_sql\Debug\int_auction.obj
C:\Users\Rafita\Desktop\eAthena\vcproj-10\char-server_sql\Debug\int_guild.obj
C:\Users\Rafita\Desktop\eAthena\vcproj-10\char-server_sql\Debug\int_homun.obj
C:\Users\Rafita\Desktop\eAthena\vcproj-10\char-server_sql\Debug\int_mail.obj
C:\Users\Rafita\Desktop\eAthena\vcproj-10\char-server_sql\Debug\int_mercenary.obj
C:\Users\Rafita\Desktop\eAthena\vcproj-10\char-server_sql\Debug\int_party.obj
C:\Users\Rafita\Desktop\eAthena\vcproj-10\char-server_sql\Debug\int_pet.obj
C:\Users\Rafita\Desktop\eAthena\vcproj-10\char-server_sql\Debug\int_quest.obj
C:\Users\Rafita\Desktop\eAthena\vcproj-10\char-server_sql\Debug\int_storage.obj
C:\Users\Rafita\Desktop\eAthena\vcproj-10\char-server_sql\Debug\CL.10980.read.1.tlog
C:\Users\Rafita\Desktop\eAthena\vcproj-10\char-server_sql\Debug\CL.10980.write.1.tlog
C:\Users\Rafita\Desktop\eAthena\vcproj-10\char-server_sql\Debug\CL.11156.read.1.tlog
C:\Users\Rafita\Desktop\eAthena\vcproj-10\char-server_sql\Debug\CL.11156.write.1.tlog
C:\Users\Rafita\Desktop\eAthena\vcproj-10\char-server_sql\Debug\CL.1292.read.1.tlog
C:\Users\Rafita\Desktop\eAthena\vcproj-10\char-server_sql\Debug\CL.1292.write.1.tlog
C:\Users\Rafita\Desktop\eAthena\vcproj-10\char-server_sql\Debug\CL.3512.read.1.tlog
C:\Users\Rafita\Desktop\eAthena\vcproj-10\char-server_sql\Debug\CL.3512.write.1.tlog
C:\Users\Rafita\Desktop\eAthena\vcproj-10\char-server_sql\Debug\CL.5316.read.1.tlog
C:\Users\Rafita\Desktop\eAthena\vcproj-10\char-server_sql\Debug\CL.5316.write.1.tlog
C:\Users\Rafita\Desktop\eAthena\vcproj-10\char-server_sql\Debug\CL.7600.read.1.tlog
C:\Users\Rafita\Desktop\eAthena\vcproj-10\char-server_sql\Debug\CL.7600.write.1.tlog
C:\Users\Rafita\Desktop\eAthena\vcproj-10\char-server_sql\Debug\CL.7864.read.1.tlog
C:\Users\Rafita\Desktop\eAthena\vcproj-10\char-server_sql\Debug\CL.7864.write.1.tlog
C:\Users\Rafita\Desktop\eAthena\vcproj-10\char-server_sql\Debug\CL.8584.read.1.tlog
C:\Users\Rafita\Desktop\eAthena\vcproj-10\char-server_sql\Debug\CL.8584.write.1.tlog
C:\Users\Rafita\Desktop\eAthena\vcproj-10\char-server_sql\Debug\cl.command.1.tlog
C:\Users\Rafita\Desktop\eAthena\vcproj-10\char-server_sql\Debug\CL.read.1.tlog
C:\Users\Rafita\Desktop\eAthena\vcproj-10\char-server_sql\Debug\cl.write.1.tlog
C:\Users\Rafita\Desktop\eAthena\vcproj-10\char-server_sql\Debug\link-cvtres.read.1.tlog
C:\Users\Rafita\Desktop\eAthena\vcproj-10\char-server_sql\Debug\link-cvtres.write.1.tlog
C:\Users\Rafita\Desktop\eAthena\vcproj-10\char-server_sql\Debug\link-rc.read.1.tlog
C:\Users\Rafita\Desktop\eAthena\vcproj-10\char-server_sql\Debug\link-rc.write.1.tlog
C:\Users\Rafita\Desktop\eAthena\vcproj-10\char-server_sql\Debug\link.command.1.tlog
C:\Users\Rafita\Desktop\eAthena\vcproj-10\char-server_sql\Debug\link.read.1.tlog
C:\Users\Rafita\Desktop\eAthena\vcproj-10\char-server_sql\Debug\link.write.1.tlog
C:\Users\Rafita\Desktop\eAthena\vcproj-10\char-server_sql\Debug\vc110.idb
C:\Users\Rafita\Desktop\eAthena\vcproj-10\char-server_sql\Debug\vc110.pdb
